[0.016s] Invoking command in '/ros2_ws/build/task_2_interfaces': /usr/bin/cmake --build /ros2_ws/build/task_2_interfaces -- -j8 -l8
[0.113s] [  1%] Built target task_2_interfaces__cpp
[0.131s] [ 12%] Built target task_2_interfaces__rosidl_generator_c
[0.173s] [ 41%] Built target task_2_interfaces__rosidl_typesupport_cpp
[0.174s] [ 44%] Built target task_2_interfaces__rosidl_typesupport_introspection_cpp
[0.176s] [ 52%] Built target task_2_interfaces__rosidl_typesupport_fastrtps_cpp
[0.182s] [ 77%] Built target task_2_interfaces__rosidl_typesupport_introspection_c
[0.183s] [ 77%] Built target task_2_interfaces__rosidl_typesupport_c
[0.183s] [ 79%] Built target task_2_interfaces__rosidl_typesupport_fastrtps_c
[0.198s] [ 79%] Built target task_2_interfaces
[0.202s] [ 79%] Built target ament_cmake_python_copy_task_2_interfaces
[0.217s] [ 80%] Built target task_2_interfaces__py
[0.256s] [ 90%] Built target task_2_interfaces__rosidl_generator_py
[0.282s] [ 96%] Built target task_2_interfaces__rosidl_typesupport_fastrtps_c__pyext
[0.282s] [ 96%] Built target task_2_interfaces__rosidl_typesupport_introspection_c__pyext
[0.284s] [100%] Built target task_2_interfaces__rosidl_typesupport_c__pyext
[0.315s] running egg_info
[0.315s] writing task_2_interfaces.egg-info/PKG-INFO
[0.316s] writing dependency_links to task_2_interfaces.egg-info/dependency_links.txt
[0.317s] writing top-level names to task_2_interfaces.egg-info/top_level.txt
[0.320s] reading manifest file 'task_2_interfaces.egg-info/SOURCES.txt'
[0.321s] writing manifest file 'task_2_interfaces.egg-info/SOURCES.txt'
[0.344s] [100%] Built target ament_cmake_python_build_task_2_interfaces_egg
[0.363s] Invoked command in '/ros2_ws/build/task_2_interfaces' returned '0': /usr/bin/cmake --build /ros2_ws/build/task_2_interfaces -- -j8 -l8
[0.377s] Invoking command in '/ros2_ws/build/task_2_interfaces': /usr/bin/cmake --install /ros2_ws/build/task_2_interfaces
[0.382s] -- Install configuration: ""
[0.383s] -- Up-to-date: /ros2_ws/install/task_2_interfaces/share/ament_index/resource_index/rosidl_interfaces/task_2_interfaces
[0.384s] -- Up-to-date: /ros2_ws/install/task_2_interfaces/include/task_2_interfaces/task_2_interfaces
[0.384s] -- Up-to-date: /ros2_ws/install/task_2_interfaces/include/task_2_interfaces/task_2_interfaces/msg
[0.385s] -- Up-to-date: /ros2_ws/install/task_2_interfaces/include/task_2_interfaces/task_2_interfaces/msg/rosidl_generator_c__visibility_control.h
[0.385s] -- Up-to-date: /ros2_ws/install/task_2_interfaces/include/task_2_interfaces/task_2_interfaces/msg/joint_data.h
[0.385s] -- Up-to-date: /ros2_ws/install/task_2_interfaces/include/task_2_interfaces/task_2_interfaces/msg/sphere.h
[0.386s] -- Up-to-date: /ros2_ws/install/task_2_interfaces/include/task_2_interfaces/task_2_interfaces/msg/num.h
[0.386s] -- Up-to-date: /ros2_ws/install/task_2_interfaces/include/task_2_interfaces/task_2_interfaces/msg/detail
[0.387s] -- Up-to-date: /ros2_ws/install/task_2_interfaces/include/task_2_interfaces/task_2_interfaces/msg/detail/num__functions.c
[0.387s] -- Up-to-date: /ros2_ws/install/task_2_interfaces/include/task_2_interfaces/task_2_interfaces/msg/detail/sphere__type_support.h
[0.388s] -- Up-to-date: /ros2_ws/install/task_2_interfaces/include/task_2_interfaces/task_2_interfaces/msg/detail/joint_data__functions.c
[0.388s] -- Up-to-date: /ros2_ws/install/task_2_interfaces/include/task_2_interfaces/task_2_interfaces/msg/detail/num__struct.h
[0.388s] -- Up-to-date: /ros2_ws/install/task_2_interfaces/include/task_2_interfaces/task_2_interfaces/msg/detail/joint_data__struct.h
[0.389s] -- Up-to-date: /ros2_ws/install/task_2_interfaces/include/task_2_interfaces/task_2_interfaces/msg/detail/sphere__functions.c
[0.389s] -- Up-to-date: /ros2_ws/install/task_2_interfaces/include/task_2_interfaces/task_2_interfaces/msg/detail/sphere__struct.h
[0.389s] -- Up-to-date: /ros2_ws/install/task_2_interfaces/include/task_2_interfaces/task_2_interfaces/msg/detail/num__functions.h
[0.390s] -- Up-to-date: /ros2_ws/install/task_2_interfaces/include/task_2_interfaces/task_2_interfaces/msg/detail/num__type_support.h
[0.390s] -- Up-to-date: /ros2_ws/install/task_2_interfaces/include/task_2_interfaces/task_2_interfaces/msg/detail/joint_data__functions.h
[0.391s] -- Up-to-date: /ros2_ws/install/task_2_interfaces/include/task_2_interfaces/task_2_interfaces/msg/detail/joint_data__type_support.h
[0.391s] -- Up-to-date: /ros2_ws/install/task_2_interfaces/include/task_2_interfaces/task_2_interfaces/msg/detail/sphere__functions.h
[0.391s] -- Up-to-date: /ros2_ws/install/task_2_interfaces/include/task_2_interfaces/task_2_interfaces/srv
[0.392s] -- Up-to-date: /ros2_ws/install/task_2_interfaces/include/task_2_interfaces/task_2_interfaces/srv/add_three_ints.h
[0.392s] -- Up-to-date: /ros2_ws/install/task_2_interfaces/include/task_2_interfaces/task_2_interfaces/srv/detail
[0.393s] -- Up-to-date: /ros2_ws/install/task_2_interfaces/include/task_2_interfaces/task_2_interfaces/srv/detail/add_three_ints__type_support.h
[0.393s] -- Up-to-date: /ros2_ws/install/task_2_interfaces/include/task_2_interfaces/task_2_interfaces/srv/detail/add_three_ints__struct.h
[0.394s] -- Up-to-date: /ros2_ws/install/task_2_interfaces/include/task_2_interfaces/task_2_interfaces/srv/detail/joint_state__type_support.h
[0.394s] -- Up-to-date: /ros2_ws/install/task_2_interfaces/include/task_2_interfaces/task_2_interfaces/srv/detail/add_three_ints__functions.c
[0.395s] -- Up-to-date: /ros2_ws/install/task_2_interfaces/include/task_2_interfaces/task_2_interfaces/srv/detail/joint_state__functions.h
[0.395s] -- Up-to-date: /ros2_ws/install/task_2_interfaces/include/task_2_interfaces/task_2_interfaces/srv/detail/joint_state__struct.h
[0.395s] -- Up-to-date: /ros2_ws/install/task_2_interfaces/include/task_2_interfaces/task_2_interfaces/srv/detail/add_three_ints__functions.h
[0.396s] -- Up-to-date: /ros2_ws/install/task_2_interfaces/include/task_2_interfaces/task_2_interfaces/srv/detail/joint_state__functions.c
[0.396s] -- Up-to-date: /ros2_ws/install/task_2_interfaces/include/task_2_interfaces/task_2_interfaces/srv/joint_state.h
[0.397s] -- Up-to-date: /ros2_ws/install/task_2_interfaces/share/task_2_interfaces/environment/library_path.sh
[0.398s] -- Up-to-date: /ros2_ws/install/task_2_interfaces/share/task_2_interfaces/environment/library_path.dsv
[0.399s] -- Up-to-date: /ros2_ws/install/task_2_interfaces/lib/libtask_2_interfaces__rosidl_generator_c.so
[0.400s] -- Up-to-date: /ros2_ws/install/task_2_interfaces/include/task_2_interfaces/task_2_interfaces
[0.400s] -- Up-to-date: /ros2_ws/install/task_2_interfaces/include/task_2_interfaces/task_2_interfaces/msg
[0.400s] -- Up-to-date: /ros2_ws/install/task_2_interfaces/include/task_2_interfaces/task_2_interfaces/msg/detail
[0.401s] -- Up-to-date: /ros2_ws/install/task_2_interfaces/include/task_2_interfaces/task_2_interfaces/msg/detail/sphere__rosidl_typesupport_fastrtps_c.h
[0.402s] -- Up-to-date: /ros2_ws/install/task_2_interfaces/include/task_2_interfaces/task_2_interfaces/msg/detail/num__rosidl_typesupport_fastrtps_c.h
[0.402s] -- Up-to-date: /ros2_ws/install/task_2_interfaces/include/task_2_interfaces/task_2_interfaces/msg/detail/joint_data__rosidl_typesupport_fastrtps_c.h
[0.402s] -- Up-to-date: /ros2_ws/install/task_2_interfaces/include/task_2_interfaces/task_2_interfaces/msg/rosidl_typesupport_fastrtps_c__visibility_control.h
[0.403s] -- Up-to-date: /ros2_ws/install/task_2_interfaces/include/task_2_interfaces/task_2_interfaces/srv
[0.403s] -- Up-to-date: /ros2_ws/install/task_2_interfaces/include/task_2_interfaces/task_2_interfaces/srv/detail
[0.404s] -- Up-to-date: /ros2_ws/install/task_2_interfaces/include/task_2_interfaces/task_2_interfaces/srv/detail/add_three_ints__rosidl_typesupport_fastrtps_c.h
[0.404s] -- Up-to-date: /ros2_ws/install/task_2_interfaces/include/task_2_interfaces/task_2_interfaces/srv/detail/joint_state__rosidl_typesupport_fastrtps_c.h
[0.405s] -- Up-to-date: /ros2_ws/install/task_2_interfaces/lib/libtask_2_interfaces__rosidl_typesupport_fastrtps_c.so
[0.406s] -- Up-to-date: /ros2_ws/install/task_2_interfaces/include/task_2_interfaces/task_2_interfaces
[0.406s] -- Up-to-date: /ros2_ws/install/task_2_interfaces/include/task_2_interfaces/task_2_interfaces/msg
[0.407s] -- Up-to-date: /ros2_ws/install/task_2_interfaces/include/task_2_interfaces/task_2_interfaces/msg/detail
[0.407s] -- Up-to-date: /ros2_ws/install/task_2_interfaces/include/task_2_interfaces/task_2_interfaces/msg/detail/num__type_support.c
[0.408s] -- Up-to-date: /ros2_ws/install/task_2_interfaces/include/task_2_interfaces/task_2_interfaces/msg/detail/num__rosidl_typesupport_introspection_c.h
[0.408s] -- Up-to-date: /ros2_ws/install/task_2_interfaces/include/task_2_interfaces/task_2_interfaces/msg/detail/sphere__rosidl_typesupport_introspection_c.h
[0.408s] -- Up-to-date: /ros2_ws/install/task_2_interfaces/include/task_2_interfaces/task_2_interfaces/msg/detail/joint_data__type_support.c
[0.408s] -- Up-to-date: /ros2_ws/install/task_2_interfaces/include/task_2_interfaces/task_2_interfaces/msg/detail/sphere__type_support.c
[0.409s] -- Up-to-date: /ros2_ws/install/task_2_interfaces/include/task_2_interfaces/task_2_interfaces/msg/detail/joint_data__rosidl_typesupport_introspection_c.h
[0.409s] -- Up-to-date: /ros2_ws/install/task_2_interfaces/include/task_2_interfaces/task_2_interfaces/msg/rosidl_typesupport_introspection_c__visibility_control.h
[0.410s] -- Up-to-date: /ros2_ws/install/task_2_interfaces/include/task_2_interfaces/task_2_interfaces/srv
[0.410s] -- Up-to-date: /ros2_ws/install/task_2_interfaces/include/task_2_interfaces/task_2_interfaces/srv/detail
[0.410s] -- Up-to-date: /ros2_ws/install/task_2_interfaces/include/task_2_interfaces/task_2_interfaces/srv/detail/joint_state__rosidl_typesupport_introspection_c.h
[0.411s] -- Up-to-date: /ros2_ws/install/task_2_interfaces/include/task_2_interfaces/task_2_interfaces/srv/detail/joint_state__type_support.c
[0.411s] -- Up-to-date: /ros2_ws/install/task_2_interfaces/include/task_2_interfaces/task_2_interfaces/srv/detail/add_three_ints__type_support.c
[0.411s] -- Up-to-date: /ros2_ws/install/task_2_interfaces/include/task_2_interfaces/task_2_interfaces/srv/detail/add_three_ints__rosidl_typesupport_introspection_c.h
[0.412s] -- Up-to-date: /ros2_ws/install/task_2_interfaces/lib/libtask_2_interfaces__rosidl_typesupport_introspection_c.so
[0.414s] -- Up-to-date: /ros2_ws/install/task_2_interfaces/lib/libtask_2_interfaces__rosidl_typesupport_c.so
[0.414s] -- Up-to-date: /ros2_ws/install/task_2_interfaces/include/task_2_interfaces/task_2_interfaces
[0.415s] -- Up-to-date: /ros2_ws/install/task_2_interfaces/include/task_2_interfaces/task_2_interfaces/msg
[0.415s] -- Up-to-date: /ros2_ws/install/task_2_interfaces/include/task_2_interfaces/task_2_interfaces/msg/sphere.hpp
[0.415s] -- Up-to-date: /ros2_ws/install/task_2_interfaces/include/task_2_interfaces/task_2_interfaces/msg/joint_data.hpp
[0.416s] -- Up-to-date: /ros2_ws/install/task_2_interfaces/include/task_2_interfaces/task_2_interfaces/msg/detail
[0.416s] -- Up-to-date: /ros2_ws/install/task_2_interfaces/include/task_2_interfaces/task_2_interfaces/msg/detail/num__type_support.hpp
[0.417s] -- Up-to-date: /ros2_ws/install/task_2_interfaces/include/task_2_interfaces/task_2_interfaces/msg/detail/sphere__builder.hpp
[0.417s] -- Up-to-date: /ros2_ws/install/task_2_interfaces/include/task_2_interfaces/task_2_interfaces/msg/detail/sphere__type_support.hpp
[0.417s] -- Up-to-date: /ros2_ws/install/task_2_interfaces/include/task_2_interfaces/task_2_interfaces/msg/detail/sphere__struct.hpp
[0.418s] -- Up-to-date: /ros2_ws/install/task_2_interfaces/include/task_2_interfaces/task_2_interfaces/msg/detail/joint_data__traits.hpp
[0.418s] -- Up-to-date: /ros2_ws/install/task_2_interfaces/include/task_2_interfaces/task_2_interfaces/msg/detail/joint_data__builder.hpp
[0.418s] -- Up-to-date: /ros2_ws/install/task_2_interfaces/include/task_2_interfaces/task_2_interfaces/msg/detail/num__traits.hpp
[0.418s] -- Up-to-date: /ros2_ws/install/task_2_interfaces/include/task_2_interfaces/task_2_interfaces/msg/detail/num__builder.hpp
[0.419s] -- Up-to-date: /ros2_ws/install/task_2_interfaces/include/task_2_interfaces/task_2_interfaces/msg/detail/sphere__traits.hpp
[0.419s] -- Up-to-date: /ros2_ws/install/task_2_interfaces/include/task_2_interfaces/task_2_interfaces/msg/detail/num__struct.hpp
[0.420s] -- Up-to-date: /ros2_ws/install/task_2_interfaces/include/task_2_interfaces/task_2_interfaces/msg/detail/joint_data__type_support.hpp
[0.422s] -- Up-to-date: /ros2_ws/install/task_2_interfaces/include/task_2_interfaces/task_2_interfaces/msg/detail/joint_data__struct.hpp
[0.423s] -- Up-to-date: /ros2_ws/install/task_2_interfaces/include/task_2_interfaces/task_2_interfaces/msg/rosidl_generator_cpp__visibility_control.hpp
[0.424s] -- Up-to-date: /ros2_ws/install/task_2_interfaces/include/task_2_interfaces/task_2_interfaces/msg/num.hpp
[0.424s] -- Up-to-date: /ros2_ws/install/task_2_interfaces/include/task_2_interfaces/task_2_interfaces/srv
[0.425s] -- Up-to-date: /ros2_ws/install/task_2_interfaces/include/task_2_interfaces/task_2_interfaces/srv/add_three_ints.hpp
[0.426s] -- Up-to-date: /ros2_ws/install/task_2_interfaces/include/task_2_interfaces/task_2_interfaces/srv/detail
[0.426s] -- Up-to-date: /ros2_ws/install/task_2_interfaces/include/task_2_interfaces/task_2_interfaces/srv/detail/joint_state__struct.hpp
[0.427s] -- Up-to-date: /ros2_ws/install/task_2_interfaces/include/task_2_interfaces/task_2_interfaces/srv/detail/add_three_ints__struct.hpp
[0.428s] -- Up-to-date: /ros2_ws/install/task_2_interfaces/include/task_2_interfaces/task_2_interfaces/srv/detail/add_three_ints__builder.hpp
[0.429s] -- Up-to-date: /ros2_ws/install/task_2_interfaces/include/task_2_interfaces/task_2_interfaces/srv/detail/joint_state__type_support.hpp
[0.429s] -- Up-to-date: /ros2_ws/install/task_2_interfaces/include/task_2_interfaces/task_2_interfaces/srv/detail/joint_state__builder.hpp
[0.430s] -- Up-to-date: /ros2_ws/install/task_2_interfaces/include/task_2_interfaces/task_2_interfaces/srv/detail/joint_state__traits.hpp
[0.430s] -- Up-to-date: /ros2_ws/install/task_2_interfaces/include/task_2_interfaces/task_2_interfaces/srv/detail/add_three_ints__traits.hpp
[0.431s] -- Up-to-date: /ros2_ws/install/task_2_interfaces/include/task_2_interfaces/task_2_interfaces/srv/detail/add_three_ints__type_support.hpp
[0.431s] -- Up-to-date: /ros2_ws/install/task_2_interfaces/include/task_2_interfaces/task_2_interfaces/srv/joint_state.hpp
[0.431s] -- Up-to-date: /ros2_ws/install/task_2_interfaces/include/task_2_interfaces/task_2_interfaces
[0.432s] -- Up-to-date: /ros2_ws/install/task_2_interfaces/include/task_2_interfaces/task_2_interfaces/msg
[0.433s] -- Up-to-date: /ros2_ws/install/task_2_interfaces/include/task_2_interfaces/task_2_interfaces/msg/rosidl_typesupport_fastrtps_cpp__visibility_control.h
[0.434s] -- Up-to-date: /ros2_ws/install/task_2_interfaces/include/task_2_interfaces/task_2_interfaces/msg/detail
[0.434s] -- Up-to-date: /ros2_ws/install/task_2_interfaces/include/task_2_interfaces/task_2_interfaces/msg/detail/joint_data__rosidl_typesupport_fastrtps_cpp.hpp
[0.434s] -- Up-to-date: /ros2_ws/install/task_2_interfaces/include/task_2_interfaces/task_2_interfaces/msg/detail/num__rosidl_typesupport_fastrtps_cpp.hpp
[0.435s] -- Up-to-date: /ros2_ws/install/task_2_interfaces/include/task_2_interfaces/task_2_interfaces/msg/detail/dds_fastrtps
[0.435s] -- Up-to-date: /ros2_ws/install/task_2_interfaces/include/task_2_interfaces/task_2_interfaces/msg/detail/sphere__rosidl_typesupport_fastrtps_cpp.hpp
[0.436s] -- Up-to-date: /ros2_ws/install/task_2_interfaces/include/task_2_interfaces/task_2_interfaces/srv
[0.436s] -- Up-to-date: /ros2_ws/install/task_2_interfaces/include/task_2_interfaces/task_2_interfaces/srv/detail
[0.437s] -- Up-to-date: /ros2_ws/install/task_2_interfaces/include/task_2_interfaces/task_2_interfaces/srv/detail/add_three_ints__rosidl_typesupport_fastrtps_cpp.hpp
[0.437s] -- Up-to-date: /ros2_ws/install/task_2_interfaces/include/task_2_interfaces/task_2_interfaces/srv/detail/dds_fastrtps
[0.438s] -- Up-to-date: /ros2_ws/install/task_2_interfaces/include/task_2_interfaces/task_2_interfaces/srv/detail/joint_state__rosidl_typesupport_fastrtps_cpp.hpp
[0.440s] -- Up-to-date: /ros2_ws/install/task_2_interfaces/lib/libtask_2_interfaces__rosidl_typesupport_fastrtps_cpp.so
[0.440s] -- Up-to-date: /ros2_ws/install/task_2_interfaces/include/task_2_interfaces/task_2_interfaces
[0.441s] -- Up-to-date: /ros2_ws/install/task_2_interfaces/include/task_2_interfaces/task_2_interfaces/msg
[0.441s] -- Up-to-date: /ros2_ws/install/task_2_interfaces/include/task_2_interfaces/task_2_interfaces/msg/detail
[0.441s] -- Up-to-date: /ros2_ws/install/task_2_interfaces/include/task_2_interfaces/task_2_interfaces/msg/detail/num__rosidl_typesupport_introspection_cpp.hpp
[0.442s] -- Up-to-date: /ros2_ws/install/task_2_interfaces/include/task_2_interfaces/task_2_interfaces/msg/detail/joint_data__type_support.cpp
[0.442s] -- Up-to-date: /ros2_ws/install/task_2_interfaces/include/task_2_interfaces/task_2_interfaces/msg/detail/sphere__rosidl_typesupport_introspection_cpp.hpp
[0.442s] -- Up-to-date: /ros2_ws/install/task_2_interfaces/include/task_2_interfaces/task_2_interfaces/msg/detail/joint_data__rosidl_typesupport_introspection_cpp.hpp
[0.443s] -- Up-to-date: /ros2_ws/install/task_2_interfaces/include/task_2_interfaces/task_2_interfaces/msg/detail/num__type_support.cpp
[0.443s] -- Up-to-date: /ros2_ws/install/task_2_interfaces/include/task_2_interfaces/task_2_interfaces/msg/detail/sphere__type_support.cpp
[0.444s] -- Up-to-date: /ros2_ws/install/task_2_interfaces/include/task_2_interfaces/task_2_interfaces/srv
[0.445s] -- Up-to-date: /ros2_ws/install/task_2_interfaces/include/task_2_interfaces/task_2_interfaces/srv/detail
[0.445s] -- Up-to-date: /ros2_ws/install/task_2_interfaces/include/task_2_interfaces/task_2_interfaces/srv/detail/add_three_ints__type_support.cpp
[0.446s] -- Up-to-date: /ros2_ws/install/task_2_interfaces/include/task_2_interfaces/task_2_interfaces/srv/detail/joint_state__type_support.cpp
[0.446s] -- Up-to-date: /ros2_ws/install/task_2_interfaces/include/task_2_interfaces/task_2_interfaces/srv/detail/add_three_ints__rosidl_typesupport_introspection_cpp.hpp
[0.446s] -- Up-to-date: /ros2_ws/install/task_2_interfaces/include/task_2_interfaces/task_2_interfaces/srv/detail/joint_state__rosidl_typesupport_introspection_cpp.hpp
[0.448s] -- Up-to-date: /ros2_ws/install/task_2_interfaces/lib/libtask_2_interfaces__rosidl_typesupport_introspection_cpp.so
[0.450s] -- Up-to-date: /ros2_ws/install/task_2_interfaces/lib/libtask_2_interfaces__rosidl_typesupport_cpp.so
[0.450s] -- Up-to-date: /ros2_ws/install/task_2_interfaces/share/task_2_interfaces/environment/pythonpath.sh
[0.451s] -- Up-to-date: /ros2_ws/install/task_2_interfaces/share/task_2_interfaces/environment/pythonpath.dsv
[0.451s] -- Up-to-date: /ros2_ws/install/task_2_interfaces/local/lib/python3.10/dist-packages/task_2_interfaces-0.0.0-py3.10.egg-info
[0.452s] -- Installing: /ros2_ws/install/task_2_interfaces/local/lib/python3.10/dist-packages/task_2_interfaces-0.0.0-py3.10.egg-info/PKG-INFO
[0.454s] -- Installing: /ros2_ws/install/task_2_interfaces/local/lib/python3.10/dist-packages/task_2_interfaces-0.0.0-py3.10.egg-info/SOURCES.txt
[0.457s] -- Installing: /ros2_ws/install/task_2_interfaces/local/lib/python3.10/dist-packages/task_2_interfaces-0.0.0-py3.10.egg-info/top_level.txt
[0.459s] -- Installing: /ros2_ws/install/task_2_interfaces/local/lib/python3.10/dist-packages/task_2_interfaces-0.0.0-py3.10.egg-info/dependency_links.txt
[0.461s] -- Up-to-date: /ros2_ws/install/task_2_interfaces/local/lib/python3.10/dist-packages/task_2_interfaces
[0.463s] -- Up-to-date: /ros2_ws/install/task_2_interfaces/local/lib/python3.10/dist-packages/task_2_interfaces/_task_2_interfaces_s.ep.rosidl_typesupport_fastrtps_c.c
[0.464s] -- Up-to-date: /ros2_ws/install/task_2_interfaces/local/lib/python3.10/dist-packages/task_2_interfaces/task_2_interfaces_s__rosidl_typesupport_introspection_c.cpython-310-aarch64-linux-gnu.so
[0.464s] -- Up-to-date: /ros2_ws/install/task_2_interfaces/local/lib/python3.10/dist-packages/task_2_interfaces/task_2_interfaces_s__rosidl_typesupport_fastrtps_c.cpython-310-aarch64-linux-gnu.so
[0.465s] -- Up-to-date: /ros2_ws/install/task_2_interfaces/local/lib/python3.10/dist-packages/task_2_interfaces/msg
[0.465s] -- Up-to-date: /ros2_ws/install/task_2_interfaces/local/lib/python3.10/dist-packages/task_2_interfaces/msg/_sphere.py
[0.467s] -- Up-to-date: /ros2_ws/install/task_2_interfaces/local/lib/python3.10/dist-packages/task_2_interfaces/msg/_sphere_s.c
[0.467s] -- Up-to-date: /ros2_ws/install/task_2_interfaces/local/lib/python3.10/dist-packages/task_2_interfaces/msg/_num_s.c
[0.468s] -- Up-to-date: /ros2_ws/install/task_2_interfaces/local/lib/python3.10/dist-packages/task_2_interfaces/msg/_joint_data_s.c
[0.468s] -- Up-to-date: /ros2_ws/install/task_2_interfaces/local/lib/python3.10/dist-packages/task_2_interfaces/msg/__init__.py
[0.470s] -- Up-to-date: /ros2_ws/install/task_2_interfaces/local/lib/python3.10/dist-packages/task_2_interfaces/msg/_num.py
[0.470s] -- Up-to-date: /ros2_ws/install/task_2_interfaces/local/lib/python3.10/dist-packages/task_2_interfaces/msg/_joint_data.py
[0.470s] -- Up-to-date: /ros2_ws/install/task_2_interfaces/local/lib/python3.10/dist-packages/task_2_interfaces/__init__.py
[0.471s] -- Up-to-date: /ros2_ws/install/task_2_interfaces/local/lib/python3.10/dist-packages/task_2_interfaces/task_2_interfaces_s__rosidl_typesupport_c.cpython-310-aarch64-linux-gnu.so
[0.472s] -- Up-to-date: /ros2_ws/install/task_2_interfaces/local/lib/python3.10/dist-packages/task_2_interfaces/_task_2_interfaces_s.ep.rosidl_typesupport_introspection_c.c
[0.473s] -- Up-to-date: /ros2_ws/install/task_2_interfaces/local/lib/python3.10/dist-packages/task_2_interfaces/_task_2_interfaces_s.ep.rosidl_typesupport_c.c
[0.473s] -- Up-to-date: /ros2_ws/install/task_2_interfaces/local/lib/python3.10/dist-packages/task_2_interfaces/srv
[0.474s] -- Up-to-date: /ros2_ws/install/task_2_interfaces/local/lib/python3.10/dist-packages/task_2_interfaces/srv/_joint_state.py
[0.474s] -- Up-to-date: /ros2_ws/install/task_2_interfaces/local/lib/python3.10/dist-packages/task_2_interfaces/srv/_add_three_ints_s.c
[0.475s] -- Up-to-date: /ros2_ws/install/task_2_interfaces/local/lib/python3.10/dist-packages/task_2_interfaces/srv/_joint_state_s.c
[0.477s] -- Up-to-date: /ros2_ws/install/task_2_interfaces/local/lib/python3.10/dist-packages/task_2_interfaces/srv/__init__.py
[0.478s] -- Up-to-date: /ros2_ws/install/task_2_interfaces/local/lib/python3.10/dist-packages/task_2_interfaces/srv/_add_three_ints.py
[0.478s] -- Up-to-date: /ros2_ws/install/task_2_interfaces/local/lib/python3.10/dist-packages/task_2_interfaces/libtask_2_interfaces__rosidl_generator_py.so
[0.515s] Listing '/ros2_ws/install/task_2_interfaces/local/lib/python3.10/dist-packages/task_2_interfaces'...
[0.515s] Listing '/ros2_ws/install/task_2_interfaces/local/lib/python3.10/dist-packages/task_2_interfaces/msg'...
[0.516s] Listing '/ros2_ws/install/task_2_interfaces/local/lib/python3.10/dist-packages/task_2_interfaces/srv'...
[0.516s] -- Up-to-date: /ros2_ws/install/task_2_interfaces/local/lib/python3.10/dist-packages/task_2_interfaces/task_2_interfaces_s__rosidl_typesupport_fastrtps_c.cpython-310-aarch64-linux-gnu.so
[0.517s] -- Up-to-date: /ros2_ws/install/task_2_interfaces/local/lib/python3.10/dist-packages/task_2_interfaces/task_2_interfaces_s__rosidl_typesupport_introspection_c.cpython-310-aarch64-linux-gnu.so
[0.518s] -- Up-to-date: /ros2_ws/install/task_2_interfaces/local/lib/python3.10/dist-packages/task_2_interfaces/task_2_interfaces_s__rosidl_typesupport_c.cpython-310-aarch64-linux-gnu.so
[0.519s] -- Up-to-date: /ros2_ws/install/task_2_interfaces/lib/libtask_2_interfaces__rosidl_generator_py.so
[0.520s] -- Up-to-date: /ros2_ws/install/task_2_interfaces/share/task_2_interfaces/msg/JointData.idl
[0.520s] -- Up-to-date: /ros2_ws/install/task_2_interfaces/share/task_2_interfaces/srv/JointState.idl
[0.521s] -- Up-to-date: /ros2_ws/install/task_2_interfaces/share/task_2_interfaces/msg/Num.idl
[0.521s] -- Up-to-date: /ros2_ws/install/task_2_interfaces/share/task_2_interfaces/msg/Sphere.idl
[0.522s] -- Up-to-date: /ros2_ws/install/task_2_interfaces/share/task_2_interfaces/srv/AddThreeInts.idl
[0.523s] -- Up-to-date: /ros2_ws/install/task_2_interfaces/share/task_2_interfaces/msg/JointData.msg
[0.523s] -- Up-to-date: /ros2_ws/install/task_2_interfaces/share/task_2_interfaces/srv/JointState.srv
[0.523s] -- Up-to-date: /ros2_ws/install/task_2_interfaces/share/task_2_interfaces/srv/JointState_Request.msg
[0.524s] -- Up-to-date: /ros2_ws/install/task_2_interfaces/share/task_2_interfaces/srv/JointState_Response.msg
[0.524s] -- Up-to-date: /ros2_ws/install/task_2_interfaces/share/task_2_interfaces/msg/Num.msg
[0.524s] -- Up-to-date: /ros2_ws/install/task_2_interfaces/share/task_2_interfaces/msg/Sphere.msg
[0.525s] -- Up-to-date: /ros2_ws/install/task_2_interfaces/share/task_2_interfaces/srv/AddThreeInts.srv
[0.525s] -- Up-to-date: /ros2_ws/install/task_2_interfaces/share/task_2_interfaces/srv/AddThreeInts_Request.msg
[0.526s] -- Up-to-date: /ros2_ws/install/task_2_interfaces/share/task_2_interfaces/srv/AddThreeInts_Response.msg
[0.526s] -- Up-to-date: /ros2_ws/install/task_2_interfaces/share/ament_index/resource_index/package_run_dependencies/task_2_interfaces
[0.526s] -- Up-to-date: /ros2_ws/install/task_2_interfaces/share/ament_index/resource_index/parent_prefix_path/task_2_interfaces
[0.527s] -- Up-to-date: /ros2_ws/install/task_2_interfaces/share/task_2_interfaces/environment/ament_prefix_path.sh
[0.527s] -- Up-to-date: /ros2_ws/install/task_2_interfaces/share/task_2_interfaces/environment/ament_prefix_path.dsv
[0.527s] -- Up-to-date: /ros2_ws/install/task_2_interfaces/share/task_2_interfaces/environment/path.sh
[0.528s] -- Up-to-date: /ros2_ws/install/task_2_interfaces/share/task_2_interfaces/environment/path.dsv
[0.528s] -- Up-to-date: /ros2_ws/install/task_2_interfaces/share/task_2_interfaces/local_setup.bash
[0.528s] -- Up-to-date: /ros2_ws/install/task_2_interfaces/share/task_2_interfaces/local_setup.sh
[0.529s] -- Up-to-date: /ros2_ws/install/task_2_interfaces/share/task_2_interfaces/local_setup.zsh
[0.529s] -- Up-to-date: /ros2_ws/install/task_2_interfaces/share/task_2_interfaces/local_setup.dsv
[0.529s] -- Installing: /ros2_ws/install/task_2_interfaces/share/task_2_interfaces/package.dsv
[0.532s] -- Up-to-date: /ros2_ws/install/task_2_interfaces/share/ament_index/resource_index/packages/task_2_interfaces
[0.534s] -- Up-to-date: /ros2_ws/install/task_2_interfaces/share/task_2_interfaces/cmake/export_task_2_interfaces__rosidl_generator_cExport.cmake
[0.534s] -- Up-to-date: /ros2_ws/install/task_2_interfaces/share/task_2_interfaces/cmake/export_task_2_interfaces__rosidl_generator_cExport-noconfig.cmake
[0.535s] -- Up-to-date: /ros2_ws/install/task_2_interfaces/share/task_2_interfaces/cmake/export_task_2_interfaces__rosidl_typesupport_fastrtps_cExport.cmake
[0.536s] -- Up-to-date: /ros2_ws/install/task_2_interfaces/share/task_2_interfaces/cmake/export_task_2_interfaces__rosidl_typesupport_fastrtps_cExport-noconfig.cmake
[0.538s] -- Up-to-date: /ros2_ws/install/task_2_interfaces/share/task_2_interfaces/cmake/task_2_interfaces__rosidl_typesupport_introspection_cExport.cmake
[0.538s] -- Up-to-date: /ros2_ws/install/task_2_interfaces/share/task_2_interfaces/cmake/task_2_interfaces__rosidl_typesupport_introspection_cExport-noconfig.cmake
[0.540s] -- Up-to-date: /ros2_ws/install/task_2_interfaces/share/task_2_interfaces/cmake/task_2_interfaces__rosidl_typesupport_cExport.cmake
[0.540s] -- Up-to-date: /ros2_ws/install/task_2_interfaces/share/task_2_interfaces/cmake/task_2_interfaces__rosidl_typesupport_cExport-noconfig.cmake
[0.542s] -- Up-to-date: /ros2_ws/install/task_2_interfaces/share/task_2_interfaces/cmake/export_task_2_interfaces__rosidl_generator_cppExport.cmake
[0.543s] -- Up-to-date: /ros2_ws/install/task_2_interfaces/share/task_2_interfaces/cmake/export_task_2_interfaces__rosidl_typesupport_fastrtps_cppExport.cmake
[0.545s] -- Up-to-date: /ros2_ws/install/task_2_interfaces/share/task_2_interfaces/cmake/export_task_2_interfaces__rosidl_typesupport_fastrtps_cppExport-noconfig.cmake
[0.545s] -- Up-to-date: /ros2_ws/install/task_2_interfaces/share/task_2_interfaces/cmake/task_2_interfaces__rosidl_typesupport_introspection_cppExport.cmake
[0.546s] -- Up-to-date: /ros2_ws/install/task_2_interfaces/share/task_2_interfaces/cmake/task_2_interfaces__rosidl_typesupport_introspection_cppExport-noconfig.cmake
[0.546s] -- Up-to-date: /ros2_ws/install/task_2_interfaces/share/task_2_interfaces/cmake/task_2_interfaces__rosidl_typesupport_cppExport.cmake
[0.547s] -- Up-to-date: /ros2_ws/install/task_2_interfaces/share/task_2_interfaces/cmake/task_2_interfaces__rosidl_typesupport_cppExport-noconfig.cmake
[0.548s] -- Up-to-date: /ros2_ws/install/task_2_interfaces/share/task_2_interfaces/cmake/export_task_2_interfaces__rosidl_generator_pyExport.cmake
[0.548s] -- Up-to-date: /ros2_ws/install/task_2_interfaces/share/task_2_interfaces/cmake/export_task_2_interfaces__rosidl_generator_pyExport-noconfig.cmake
[0.549s] -- Up-to-date: /ros2_ws/install/task_2_interfaces/share/task_2_interfaces/cmake/rosidl_cmake-extras.cmake
[0.549s] -- Up-to-date: /ros2_ws/install/task_2_interfaces/share/task_2_interfaces/cmake/ament_cmake_export_dependencies-extras.cmake
[0.549s] -- Up-to-date: /ros2_ws/install/task_2_interfaces/share/task_2_interfaces/cmake/ament_cmake_export_include_directories-extras.cmake
[0.550s] -- Up-to-date: /ros2_ws/install/task_2_interfaces/share/task_2_interfaces/cmake/ament_cmake_export_libraries-extras.cmake
[0.550s] -- Up-to-date: /ros2_ws/install/task_2_interfaces/share/task_2_interfaces/cmake/ament_cmake_export_targets-extras.cmake
[0.550s] -- Up-to-date: /ros2_ws/install/task_2_interfaces/share/task_2_interfaces/cmake/rosidl_cmake_export_typesupport_targets-extras.cmake
[0.551s] -- Up-to-date: /ros2_ws/install/task_2_interfaces/share/task_2_interfaces/cmake/rosidl_cmake_export_typesupport_libraries-extras.cmake
[0.551s] -- Up-to-date: /ros2_ws/install/task_2_interfaces/share/task_2_interfaces/cmake/task_2_interfacesConfig.cmake
[0.551s] -- Up-to-date: /ros2_ws/install/task_2_interfaces/share/task_2_interfaces/cmake/task_2_interfacesConfig-version.cmake
[0.552s] -- Up-to-date: /ros2_ws/install/task_2_interfaces/share/task_2_interfaces/package.xml
[0.554s] Invoked command in '/ros2_ws/build/task_2_interfaces' returned '0': /usr/bin/cmake --install /ros2_ws/build/task_2_interfaces
