[0.017s] Invoking command in '/ros2_ws/build/task_2_interfaces': /usr/bin/cmake --build /ros2_ws/build/task_2_interfaces -- -j8 -l8
[0.100s] [  4%] Built target task_2_interfaces__cpp
[0.104s] [ 12%] Built target task_2_interfaces__rosidl_generator_c
[0.201s] [ 12%] Built target ament_cmake_python_copy_task_2_interfaces
[0.207s] [ 23%] Built target task_2_interfaces__rosidl_typesupport_introspection_cpp
[0.211s] [ 34%] Built target task_2_interfaces__rosidl_typesupport_cpp
[0.236s] [ 73%] Built target task_2_interfaces__rosidl_typesupport_introspection_c
[0.238s] [ 73%] Built target task_2_interfaces__rosidl_typesupport_fastrtps_c
[0.238s] [ 74%] Built target task_2_interfaces__rosidl_typesupport_c
[0.240s] [ 79%] Built target task_2_interfaces__rosidl_typesupport_fastrtps_cpp
[0.271s] [ 79%] Built target task_2_interfaces
[0.303s] [ 80%] Built target task_2_interfaces__py
[0.344s] [ 90%] Built target task_2_interfaces__rosidl_generator_py
[0.367s] running egg_info
[0.367s] writing task_2_interfaces.egg-info/PKG-INFO
[0.372s] writing dependency_links to task_2_interfaces.egg-info/dependency_links.txt
[0.372s] writing top-level names to task_2_interfaces.egg-info/top_level.txt
[0.374s] reading manifest file 'task_2_interfaces.egg-info/SOURCES.txt'
[0.377s] writing manifest file 'task_2_interfaces.egg-info/SOURCES.txt'
[0.416s] [ 93%] Built target ament_cmake_python_build_task_2_interfaces_egg
[0.416s] [ 96%] Built target task_2_interfaces__rosidl_typesupport_introspection_c__pyext
[0.417s] [ 96%] Built target task_2_interfaces__rosidl_typesupport_fastrtps_c__pyext
[0.418s] [100%] Built target task_2_interfaces__rosidl_typesupport_c__pyext
[0.443s] Invoked command in '/ros2_ws/build/task_2_interfaces' returned '0': /usr/bin/cmake --build /ros2_ws/build/task_2_interfaces -- -j8 -l8
[0.455s] Invoking command in '/ros2_ws/build/task_2_interfaces': /usr/bin/cmake --install /ros2_ws/build/task_2_interfaces
[0.472s] -- Install configuration: ""
[0.472s] -- Up-to-date: /ros2_ws/install/task_2_interfaces/share/ament_index/resource_index/rosidl_interfaces/task_2_interfaces
[0.473s] -- Up-to-date: /ros2_ws/install/task_2_interfaces/include/task_2_interfaces/task_2_interfaces
[0.473s] -- Up-to-date: /ros2_ws/install/task_2_interfaces/include/task_2_interfaces/task_2_interfaces/msg
[0.474s] -- Up-to-date: /ros2_ws/install/task_2_interfaces/include/task_2_interfaces/task_2_interfaces/msg/rosidl_generator_c__visibility_control.h
[0.474s] -- Up-to-date: /ros2_ws/install/task_2_interfaces/include/task_2_interfaces/task_2_interfaces/msg/joint_data.h
[0.475s] -- Up-to-date: /ros2_ws/install/task_2_interfaces/include/task_2_interfaces/task_2_interfaces/msg/sphere.h
[0.475s] -- Up-to-date: /ros2_ws/install/task_2_interfaces/include/task_2_interfaces/task_2_interfaces/msg/num.h
[0.475s] -- Up-to-date: /ros2_ws/install/task_2_interfaces/include/task_2_interfaces/task_2_interfaces/msg/detail
[0.476s] -- Up-to-date: /ros2_ws/install/task_2_interfaces/include/task_2_interfaces/task_2_interfaces/msg/detail/num__functions.c
[0.477s] -- Up-to-date: /ros2_ws/install/task_2_interfaces/include/task_2_interfaces/task_2_interfaces/msg/detail/sphere__type_support.h
[0.477s] -- Up-to-date: /ros2_ws/install/task_2_interfaces/include/task_2_interfaces/task_2_interfaces/msg/detail/joint_data__functions.c
[0.478s] -- Up-to-date: /ros2_ws/install/task_2_interfaces/include/task_2_interfaces/task_2_interfaces/msg/detail/num__struct.h
[0.478s] -- Up-to-date: /ros2_ws/install/task_2_interfaces/include/task_2_interfaces/task_2_interfaces/msg/detail/joint_data__struct.h
[0.479s] -- Up-to-date: /ros2_ws/install/task_2_interfaces/include/task_2_interfaces/task_2_interfaces/msg/detail/sphere__functions.c
[0.483s] -- Up-to-date: /ros2_ws/install/task_2_interfaces/include/task_2_interfaces/task_2_interfaces/msg/detail/sphere__struct.h
[0.483s] -- Up-to-date: /ros2_ws/install/task_2_interfaces/include/task_2_interfaces/task_2_interfaces/msg/detail/num__functions.h
[0.483s] -- Up-to-date: /ros2_ws/install/task_2_interfaces/include/task_2_interfaces/task_2_interfaces/msg/detail/num__type_support.h
[0.484s] -- Up-to-date: /ros2_ws/install/task_2_interfaces/include/task_2_interfaces/task_2_interfaces/msg/detail/joint_data__functions.h
[0.485s] -- Up-to-date: /ros2_ws/install/task_2_interfaces/include/task_2_interfaces/task_2_interfaces/msg/detail/joint_data__type_support.h
[0.486s] -- Up-to-date: /ros2_ws/install/task_2_interfaces/include/task_2_interfaces/task_2_interfaces/msg/detail/sphere__functions.h
[0.486s] -- Up-to-date: /ros2_ws/install/task_2_interfaces/include/task_2_interfaces/task_2_interfaces/srv
[0.487s] -- Up-to-date: /ros2_ws/install/task_2_interfaces/include/task_2_interfaces/task_2_interfaces/srv/add_three_ints.h
[0.488s] -- Up-to-date: /ros2_ws/install/task_2_interfaces/include/task_2_interfaces/task_2_interfaces/srv/detail
[0.488s] -- Up-to-date: /ros2_ws/install/task_2_interfaces/include/task_2_interfaces/task_2_interfaces/srv/detail/add_three_ints__type_support.h
[0.489s] -- Up-to-date: /ros2_ws/install/task_2_interfaces/include/task_2_interfaces/task_2_interfaces/srv/detail/add_three_ints__struct.h
[0.489s] -- Up-to-date: /ros2_ws/install/task_2_interfaces/include/task_2_interfaces/task_2_interfaces/srv/detail/joint_state__type_support.h
[0.489s] -- Up-to-date: /ros2_ws/install/task_2_interfaces/include/task_2_interfaces/task_2_interfaces/srv/detail/add_three_ints__functions.c
[0.493s] -- Up-to-date: /ros2_ws/install/task_2_interfaces/include/task_2_interfaces/task_2_interfaces/srv/detail/joint_state__functions.h
[0.494s] -- Up-to-date: /ros2_ws/install/task_2_interfaces/include/task_2_interfaces/task_2_interfaces/srv/detail/joint_state__struct.h
[0.494s] -- Up-to-date: /ros2_ws/install/task_2_interfaces/include/task_2_interfaces/task_2_interfaces/srv/detail/add_three_ints__functions.h
[0.495s] -- Up-to-date: /ros2_ws/install/task_2_interfaces/include/task_2_interfaces/task_2_interfaces/srv/detail/joint_state__functions.c
[0.495s] -- Up-to-date: /ros2_ws/install/task_2_interfaces/include/task_2_interfaces/task_2_interfaces/srv/joint_state.h
[0.497s] -- Up-to-date: /ros2_ws/install/task_2_interfaces/share/task_2_interfaces/environment/library_path.sh
[0.497s] -- Up-to-date: /ros2_ws/install/task_2_interfaces/share/task_2_interfaces/environment/library_path.dsv
[0.499s] -- Up-to-date: /ros2_ws/install/task_2_interfaces/lib/libtask_2_interfaces__rosidl_generator_c.so
[0.501s] -- Up-to-date: /ros2_ws/install/task_2_interfaces/include/task_2_interfaces/task_2_interfaces
[0.501s] -- Up-to-date: /ros2_ws/install/task_2_interfaces/include/task_2_interfaces/task_2_interfaces/msg
[0.502s] -- Up-to-date: /ros2_ws/install/task_2_interfaces/include/task_2_interfaces/task_2_interfaces/msg/detail
[0.502s] -- Up-to-date: /ros2_ws/install/task_2_interfaces/include/task_2_interfaces/task_2_interfaces/msg/detail/sphere__rosidl_typesupport_fastrtps_c.h
[0.503s] -- Up-to-date: /ros2_ws/install/task_2_interfaces/include/task_2_interfaces/task_2_interfaces/msg/detail/num__rosidl_typesupport_fastrtps_c.h
[0.503s] -- Up-to-date: /ros2_ws/install/task_2_interfaces/include/task_2_interfaces/task_2_interfaces/msg/detail/joint_data__rosidl_typesupport_fastrtps_c.h
[0.503s] -- Up-to-date: /ros2_ws/install/task_2_interfaces/include/task_2_interfaces/task_2_interfaces/msg/rosidl_typesupport_fastrtps_c__visibility_control.h
[0.503s] -- Up-to-date: /ros2_ws/install/task_2_interfaces/include/task_2_interfaces/task_2_interfaces/srv
[0.504s] -- Up-to-date: /ros2_ws/install/task_2_interfaces/include/task_2_interfaces/task_2_interfaces/srv/detail
[0.505s] -- Up-to-date: /ros2_ws/install/task_2_interfaces/include/task_2_interfaces/task_2_interfaces/srv/detail/add_three_ints__rosidl_typesupport_fastrtps_c.h
[0.505s] -- Up-to-date: /ros2_ws/install/task_2_interfaces/include/task_2_interfaces/task_2_interfaces/srv/detail/joint_state__rosidl_typesupport_fastrtps_c.h
[0.506s] -- Up-to-date: /ros2_ws/install/task_2_interfaces/lib/libtask_2_interfaces__rosidl_typesupport_fastrtps_c.so
[0.508s] -- Up-to-date: /ros2_ws/install/task_2_interfaces/include/task_2_interfaces/task_2_interfaces
[0.509s] -- Up-to-date: /ros2_ws/install/task_2_interfaces/include/task_2_interfaces/task_2_interfaces/msg
[0.509s] -- Up-to-date: /ros2_ws/install/task_2_interfaces/include/task_2_interfaces/task_2_interfaces/msg/detail
[0.511s] -- Up-to-date: /ros2_ws/install/task_2_interfaces/include/task_2_interfaces/task_2_interfaces/msg/detail/num__type_support.c
[0.511s] -- Up-to-date: /ros2_ws/install/task_2_interfaces/include/task_2_interfaces/task_2_interfaces/msg/detail/num__rosidl_typesupport_introspection_c.h
[0.512s] -- Up-to-date: /ros2_ws/install/task_2_interfaces/include/task_2_interfaces/task_2_interfaces/msg/detail/sphere__rosidl_typesupport_introspection_c.h
[0.513s] -- Up-to-date: /ros2_ws/install/task_2_interfaces/include/task_2_interfaces/task_2_interfaces/msg/detail/joint_data__type_support.c
[0.514s] -- Up-to-date: /ros2_ws/install/task_2_interfaces/include/task_2_interfaces/task_2_interfaces/msg/detail/sphere__type_support.c
[0.514s] -- Up-to-date: /ros2_ws/install/task_2_interfaces/include/task_2_interfaces/task_2_interfaces/msg/detail/joint_data__rosidl_typesupport_introspection_c.h
[0.515s] -- Up-to-date: /ros2_ws/install/task_2_interfaces/include/task_2_interfaces/task_2_interfaces/msg/rosidl_typesupport_introspection_c__visibility_control.h
[0.515s] -- Up-to-date: /ros2_ws/install/task_2_interfaces/include/task_2_interfaces/task_2_interfaces/srv
[0.516s] -- Up-to-date: /ros2_ws/install/task_2_interfaces/include/task_2_interfaces/task_2_interfaces/srv/detail
[0.516s] -- Up-to-date: /ros2_ws/install/task_2_interfaces/include/task_2_interfaces/task_2_interfaces/srv/detail/joint_state__rosidl_typesupport_introspection_c.h
[0.517s] -- Up-to-date: /ros2_ws/install/task_2_interfaces/include/task_2_interfaces/task_2_interfaces/srv/detail/joint_state__type_support.c
[0.517s] -- Up-to-date: /ros2_ws/install/task_2_interfaces/include/task_2_interfaces/task_2_interfaces/srv/detail/add_three_ints__type_support.c
[0.517s] -- Up-to-date: /ros2_ws/install/task_2_interfaces/include/task_2_interfaces/task_2_interfaces/srv/detail/add_three_ints__rosidl_typesupport_introspection_c.h
[0.519s] -- Up-to-date: /ros2_ws/install/task_2_interfaces/lib/libtask_2_interfaces__rosidl_typesupport_introspection_c.so
[0.519s] -- Up-to-date: /ros2_ws/install/task_2_interfaces/lib/libtask_2_interfaces__rosidl_typesupport_c.so
[0.520s] -- Up-to-date: /ros2_ws/install/task_2_interfaces/include/task_2_interfaces/task_2_interfaces
[0.521s] -- Up-to-date: /ros2_ws/install/task_2_interfaces/include/task_2_interfaces/task_2_interfaces/msg
[0.521s] -- Up-to-date: /ros2_ws/install/task_2_interfaces/include/task_2_interfaces/task_2_interfaces/msg/sphere.hpp
[0.522s] -- Up-to-date: /ros2_ws/install/task_2_interfaces/include/task_2_interfaces/task_2_interfaces/msg/joint_data.hpp
[0.522s] -- Up-to-date: /ros2_ws/install/task_2_interfaces/include/task_2_interfaces/task_2_interfaces/msg/detail
[0.523s] -- Up-to-date: /ros2_ws/install/task_2_interfaces/include/task_2_interfaces/task_2_interfaces/msg/detail/num__type_support.hpp
[0.523s] -- Up-to-date: /ros2_ws/install/task_2_interfaces/include/task_2_interfaces/task_2_interfaces/msg/detail/sphere__builder.hpp
[0.523s] -- Up-to-date: /ros2_ws/install/task_2_interfaces/include/task_2_interfaces/task_2_interfaces/msg/detail/sphere__type_support.hpp
[0.524s] -- Up-to-date: /ros2_ws/install/task_2_interfaces/include/task_2_interfaces/task_2_interfaces/msg/detail/sphere__struct.hpp
[0.524s] -- Up-to-date: /ros2_ws/install/task_2_interfaces/include/task_2_interfaces/task_2_interfaces/msg/detail/joint_data__traits.hpp
[0.525s] -- Up-to-date: /ros2_ws/install/task_2_interfaces/include/task_2_interfaces/task_2_interfaces/msg/detail/joint_data__builder.hpp
[0.525s] -- Up-to-date: /ros2_ws/install/task_2_interfaces/include/task_2_interfaces/task_2_interfaces/msg/detail/num__traits.hpp
[0.525s] -- Up-to-date: /ros2_ws/install/task_2_interfaces/include/task_2_interfaces/task_2_interfaces/msg/detail/num__builder.hpp
[0.526s] -- Up-to-date: /ros2_ws/install/task_2_interfaces/include/task_2_interfaces/task_2_interfaces/msg/detail/sphere__traits.hpp
[0.526s] -- Up-to-date: /ros2_ws/install/task_2_interfaces/include/task_2_interfaces/task_2_interfaces/msg/detail/num__struct.hpp
[0.527s] -- Up-to-date: /ros2_ws/install/task_2_interfaces/include/task_2_interfaces/task_2_interfaces/msg/detail/joint_data__type_support.hpp
[0.527s] -- Up-to-date: /ros2_ws/install/task_2_interfaces/include/task_2_interfaces/task_2_interfaces/msg/detail/joint_data__struct.hpp
[0.527s] -- Up-to-date: /ros2_ws/install/task_2_interfaces/include/task_2_interfaces/task_2_interfaces/msg/rosidl_generator_cpp__visibility_control.hpp
[0.528s] -- Up-to-date: /ros2_ws/install/task_2_interfaces/include/task_2_interfaces/task_2_interfaces/msg/num.hpp
[0.528s] -- Up-to-date: /ros2_ws/install/task_2_interfaces/include/task_2_interfaces/task_2_interfaces/srv
[0.529s] -- Up-to-date: /ros2_ws/install/task_2_interfaces/include/task_2_interfaces/task_2_interfaces/srv/add_three_ints.hpp
[0.530s] -- Up-to-date: /ros2_ws/install/task_2_interfaces/include/task_2_interfaces/task_2_interfaces/srv/detail
[0.532s] -- Up-to-date: /ros2_ws/install/task_2_interfaces/include/task_2_interfaces/task_2_interfaces/srv/detail/joint_state__struct.hpp
[0.533s] -- Up-to-date: /ros2_ws/install/task_2_interfaces/include/task_2_interfaces/task_2_interfaces/srv/detail/add_three_ints__struct.hpp
[0.533s] -- Up-to-date: /ros2_ws/install/task_2_interfaces/include/task_2_interfaces/task_2_interfaces/srv/detail/add_three_ints__builder.hpp
[0.534s] -- Up-to-date: /ros2_ws/install/task_2_interfaces/include/task_2_interfaces/task_2_interfaces/srv/detail/joint_state__type_support.hpp
[0.534s] -- Up-to-date: /ros2_ws/install/task_2_interfaces/include/task_2_interfaces/task_2_interfaces/srv/detail/joint_state__builder.hpp
[0.535s] -- Up-to-date: /ros2_ws/install/task_2_interfaces/include/task_2_interfaces/task_2_interfaces/srv/detail/joint_state__traits.hpp
[0.535s] -- Up-to-date: /ros2_ws/install/task_2_interfaces/include/task_2_interfaces/task_2_interfaces/srv/detail/add_three_ints__traits.hpp
[0.536s] -- Up-to-date: /ros2_ws/install/task_2_interfaces/include/task_2_interfaces/task_2_interfaces/srv/detail/add_three_ints__type_support.hpp
[0.536s] -- Up-to-date: /ros2_ws/install/task_2_interfaces/include/task_2_interfaces/task_2_interfaces/srv/joint_state.hpp
[0.536s] -- Up-to-date: /ros2_ws/install/task_2_interfaces/include/task_2_interfaces/task_2_interfaces
[0.537s] -- Up-to-date: /ros2_ws/install/task_2_interfaces/include/task_2_interfaces/task_2_interfaces/msg
[0.537s] -- Up-to-date: /ros2_ws/install/task_2_interfaces/include/task_2_interfaces/task_2_interfaces/msg/rosidl_typesupport_fastrtps_cpp__visibility_control.h
[0.537s] -- Up-to-date: /ros2_ws/install/task_2_interfaces/include/task_2_interfaces/task_2_interfaces/msg/detail
[0.538s] -- Up-to-date: /ros2_ws/install/task_2_interfaces/include/task_2_interfaces/task_2_interfaces/msg/detail/joint_data__rosidl_typesupport_fastrtps_cpp.hpp
[0.538s] -- Up-to-date: /ros2_ws/install/task_2_interfaces/include/task_2_interfaces/task_2_interfaces/msg/detail/num__rosidl_typesupport_fastrtps_cpp.hpp
[0.539s] -- Up-to-date: /ros2_ws/install/task_2_interfaces/include/task_2_interfaces/task_2_interfaces/msg/detail/dds_fastrtps
[0.539s] -- Up-to-date: /ros2_ws/install/task_2_interfaces/include/task_2_interfaces/task_2_interfaces/msg/detail/sphere__rosidl_typesupport_fastrtps_cpp.hpp
[0.539s] -- Up-to-date: /ros2_ws/install/task_2_interfaces/include/task_2_interfaces/task_2_interfaces/srv
[0.540s] -- Up-to-date: /ros2_ws/install/task_2_interfaces/include/task_2_interfaces/task_2_interfaces/srv/detail
[0.541s] -- Up-to-date: /ros2_ws/install/task_2_interfaces/include/task_2_interfaces/task_2_interfaces/srv/detail/add_three_ints__rosidl_typesupport_fastrtps_cpp.hpp
[0.541s] -- Up-to-date: /ros2_ws/install/task_2_interfaces/include/task_2_interfaces/task_2_interfaces/srv/detail/dds_fastrtps
[0.543s] -- Up-to-date: /ros2_ws/install/task_2_interfaces/include/task_2_interfaces/task_2_interfaces/srv/detail/joint_state__rosidl_typesupport_fastrtps_cpp.hpp
[0.543s] -- Up-to-date: /ros2_ws/install/task_2_interfaces/lib/libtask_2_interfaces__rosidl_typesupport_fastrtps_cpp.so
[0.543s] -- Up-to-date: /ros2_ws/install/task_2_interfaces/include/task_2_interfaces/task_2_interfaces
[0.544s] -- Up-to-date: /ros2_ws/install/task_2_interfaces/include/task_2_interfaces/task_2_interfaces/msg
[0.544s] -- Up-to-date: /ros2_ws/install/task_2_interfaces/include/task_2_interfaces/task_2_interfaces/msg/detail
[0.544s] -- Up-to-date: /ros2_ws/install/task_2_interfaces/include/task_2_interfaces/task_2_interfaces/msg/detail/num__rosidl_typesupport_introspection_cpp.hpp
[0.545s] -- Up-to-date: /ros2_ws/install/task_2_interfaces/include/task_2_interfaces/task_2_interfaces/msg/detail/joint_data__type_support.cpp
[0.545s] -- Up-to-date: /ros2_ws/install/task_2_interfaces/include/task_2_interfaces/task_2_interfaces/msg/detail/sphere__rosidl_typesupport_introspection_cpp.hpp
[0.545s] -- Up-to-date: /ros2_ws/install/task_2_interfaces/include/task_2_interfaces/task_2_interfaces/msg/detail/joint_data__rosidl_typesupport_introspection_cpp.hpp
[0.545s] -- Up-to-date: /ros2_ws/install/task_2_interfaces/include/task_2_interfaces/task_2_interfaces/msg/detail/num__type_support.cpp
[0.546s] -- Up-to-date: /ros2_ws/install/task_2_interfaces/include/task_2_interfaces/task_2_interfaces/msg/detail/sphere__type_support.cpp
[0.546s] -- Up-to-date: /ros2_ws/install/task_2_interfaces/include/task_2_interfaces/task_2_interfaces/srv
[0.547s] -- Up-to-date: /ros2_ws/install/task_2_interfaces/include/task_2_interfaces/task_2_interfaces/srv/detail
[0.548s] -- Up-to-date: /ros2_ws/install/task_2_interfaces/include/task_2_interfaces/task_2_interfaces/srv/detail/add_three_ints__type_support.cpp
[0.548s] -- Up-to-date: /ros2_ws/install/task_2_interfaces/include/task_2_interfaces/task_2_interfaces/srv/detail/joint_state__type_support.cpp
[0.548s] -- Up-to-date: /ros2_ws/install/task_2_interfaces/include/task_2_interfaces/task_2_interfaces/srv/detail/add_three_ints__rosidl_typesupport_introspection_cpp.hpp
[0.549s] -- Up-to-date: /ros2_ws/install/task_2_interfaces/include/task_2_interfaces/task_2_interfaces/srv/detail/joint_state__rosidl_typesupport_introspection_cpp.hpp
[0.549s] -- Up-to-date: /ros2_ws/install/task_2_interfaces/lib/libtask_2_interfaces__rosidl_typesupport_introspection_cpp.so
[0.551s] -- Up-to-date: /ros2_ws/install/task_2_interfaces/lib/libtask_2_interfaces__rosidl_typesupport_cpp.so
[0.552s] -- Up-to-date: /ros2_ws/install/task_2_interfaces/share/task_2_interfaces/environment/pythonpath.sh
[0.552s] -- Up-to-date: /ros2_ws/install/task_2_interfaces/share/task_2_interfaces/environment/pythonpath.dsv
[0.553s] -- Up-to-date: /ros2_ws/install/task_2_interfaces/local/lib/python3.10/dist-packages/task_2_interfaces-0.0.0-py3.10.egg-info
[0.554s] -- Installing: /ros2_ws/install/task_2_interfaces/local/lib/python3.10/dist-packages/task_2_interfaces-0.0.0-py3.10.egg-info/PKG-INFO
[0.560s] -- Installing: /ros2_ws/install/task_2_interfaces/local/lib/python3.10/dist-packages/task_2_interfaces-0.0.0-py3.10.egg-info/SOURCES.txt
[0.562s] -- Installing: /ros2_ws/install/task_2_interfaces/local/lib/python3.10/dist-packages/task_2_interfaces-0.0.0-py3.10.egg-info/top_level.txt
[0.571s] -- Installing: /ros2_ws/install/task_2_interfaces/local/lib/python3.10/dist-packages/task_2_interfaces-0.0.0-py3.10.egg-info/dependency_links.txt
[0.573s] -- Up-to-date: /ros2_ws/install/task_2_interfaces/local/lib/python3.10/dist-packages/task_2_interfaces
[0.574s] -- Up-to-date: /ros2_ws/install/task_2_interfaces/local/lib/python3.10/dist-packages/task_2_interfaces/_task_2_interfaces_s.ep.rosidl_typesupport_fastrtps_c.c
[0.574s] -- Up-to-date: /ros2_ws/install/task_2_interfaces/local/lib/python3.10/dist-packages/task_2_interfaces/task_2_interfaces_s__rosidl_typesupport_introspection_c.cpython-310-aarch64-linux-gnu.so
[0.574s] -- Up-to-date: /ros2_ws/install/task_2_interfaces/local/lib/python3.10/dist-packages/task_2_interfaces/task_2_interfaces_s__rosidl_typesupport_fastrtps_c.cpython-310-aarch64-linux-gnu.so
[0.575s] -- Up-to-date: /ros2_ws/install/task_2_interfaces/local/lib/python3.10/dist-packages/task_2_interfaces/msg
[0.575s] -- Up-to-date: /ros2_ws/install/task_2_interfaces/local/lib/python3.10/dist-packages/task_2_interfaces/msg/_sphere.py
[0.576s] -- Up-to-date: /ros2_ws/install/task_2_interfaces/local/lib/python3.10/dist-packages/task_2_interfaces/msg/_sphere_s.c
[0.576s] -- Up-to-date: /ros2_ws/install/task_2_interfaces/local/lib/python3.10/dist-packages/task_2_interfaces/msg/_num_s.c
[0.577s] -- Up-to-date: /ros2_ws/install/task_2_interfaces/local/lib/python3.10/dist-packages/task_2_interfaces/msg/_joint_data_s.c
[0.577s] -- Up-to-date: /ros2_ws/install/task_2_interfaces/local/lib/python3.10/dist-packages/task_2_interfaces/msg/__init__.py
[0.577s] -- Up-to-date: /ros2_ws/install/task_2_interfaces/local/lib/python3.10/dist-packages/task_2_interfaces/msg/_num.py
[0.578s] -- Up-to-date: /ros2_ws/install/task_2_interfaces/local/lib/python3.10/dist-packages/task_2_interfaces/msg/_joint_data.py
[0.578s] -- Up-to-date: /ros2_ws/install/task_2_interfaces/local/lib/python3.10/dist-packages/task_2_interfaces/__init__.py
[0.579s] -- Up-to-date: /ros2_ws/install/task_2_interfaces/local/lib/python3.10/dist-packages/task_2_interfaces/task_2_interfaces_s__rosidl_typesupport_c.cpython-310-aarch64-linux-gnu.so
[0.579s] -- Up-to-date: /ros2_ws/install/task_2_interfaces/local/lib/python3.10/dist-packages/task_2_interfaces/_task_2_interfaces_s.ep.rosidl_typesupport_introspection_c.c
[0.579s] -- Up-to-date: /ros2_ws/install/task_2_interfaces/local/lib/python3.10/dist-packages/task_2_interfaces/_task_2_interfaces_s.ep.rosidl_typesupport_c.c
[0.580s] -- Up-to-date: /ros2_ws/install/task_2_interfaces/local/lib/python3.10/dist-packages/task_2_interfaces/srv
[0.580s] -- Up-to-date: /ros2_ws/install/task_2_interfaces/local/lib/python3.10/dist-packages/task_2_interfaces/srv/_joint_state.py
[0.580s] -- Up-to-date: /ros2_ws/install/task_2_interfaces/local/lib/python3.10/dist-packages/task_2_interfaces/srv/_add_three_ints_s.c
[0.581s] -- Up-to-date: /ros2_ws/install/task_2_interfaces/local/lib/python3.10/dist-packages/task_2_interfaces/srv/_joint_state_s.c
[0.581s] -- Up-to-date: /ros2_ws/install/task_2_interfaces/local/lib/python3.10/dist-packages/task_2_interfaces/srv/__init__.py
[0.581s] -- Up-to-date: /ros2_ws/install/task_2_interfaces/local/lib/python3.10/dist-packages/task_2_interfaces/srv/_add_three_ints.py
[0.582s] -- Up-to-date: /ros2_ws/install/task_2_interfaces/local/lib/python3.10/dist-packages/task_2_interfaces/libtask_2_interfaces__rosidl_generator_py.so
[0.607s] Listing '/ros2_ws/install/task_2_interfaces/local/lib/python3.10/dist-packages/task_2_interfaces'...
[0.608s] Listing '/ros2_ws/install/task_2_interfaces/local/lib/python3.10/dist-packages/task_2_interfaces/msg'...
[0.608s] Listing '/ros2_ws/install/task_2_interfaces/local/lib/python3.10/dist-packages/task_2_interfaces/srv'...
[0.608s] -- Up-to-date: /ros2_ws/install/task_2_interfaces/local/lib/python3.10/dist-packages/task_2_interfaces/task_2_interfaces_s__rosidl_typesupport_fastrtps_c.cpython-310-aarch64-linux-gnu.so
[0.609s] -- Up-to-date: /ros2_ws/install/task_2_interfaces/local/lib/python3.10/dist-packages/task_2_interfaces/task_2_interfaces_s__rosidl_typesupport_introspection_c.cpython-310-aarch64-linux-gnu.so
[0.610s] -- Up-to-date: /ros2_ws/install/task_2_interfaces/local/lib/python3.10/dist-packages/task_2_interfaces/task_2_interfaces_s__rosidl_typesupport_c.cpython-310-aarch64-linux-gnu.so
[0.611s] -- Up-to-date: /ros2_ws/install/task_2_interfaces/lib/libtask_2_interfaces__rosidl_generator_py.so
[0.612s] -- Up-to-date: /ros2_ws/install/task_2_interfaces/share/task_2_interfaces/msg/JointData.idl
[0.612s] -- Up-to-date: /ros2_ws/install/task_2_interfaces/share/task_2_interfaces/srv/JointState.idl
[0.612s] -- Up-to-date: /ros2_ws/install/task_2_interfaces/share/task_2_interfaces/msg/Num.idl
[0.613s] -- Up-to-date: /ros2_ws/install/task_2_interfaces/share/task_2_interfaces/msg/Sphere.idl
[0.613s] -- Up-to-date: /ros2_ws/install/task_2_interfaces/share/task_2_interfaces/srv/AddThreeInts.idl
[0.613s] -- Up-to-date: /ros2_ws/install/task_2_interfaces/share/task_2_interfaces/msg/JointData.msg
[0.614s] -- Up-to-date: /ros2_ws/install/task_2_interfaces/share/task_2_interfaces/srv/JointState.srv
[0.614s] -- Up-to-date: /ros2_ws/install/task_2_interfaces/share/task_2_interfaces/srv/JointState_Request.msg
[0.614s] -- Up-to-date: /ros2_ws/install/task_2_interfaces/share/task_2_interfaces/srv/JointState_Response.msg
[0.615s] -- Up-to-date: /ros2_ws/install/task_2_interfaces/share/task_2_interfaces/msg/Num.msg
[0.615s] -- Up-to-date: /ros2_ws/install/task_2_interfaces/share/task_2_interfaces/msg/Sphere.msg
[0.615s] -- Up-to-date: /ros2_ws/install/task_2_interfaces/share/task_2_interfaces/srv/AddThreeInts.srv
[0.616s] -- Up-to-date: /ros2_ws/install/task_2_interfaces/share/task_2_interfaces/srv/AddThreeInts_Request.msg
[0.616s] -- Up-to-date: /ros2_ws/install/task_2_interfaces/share/task_2_interfaces/srv/AddThreeInts_Response.msg
[0.616s] -- Up-to-date: /ros2_ws/install/task_2_interfaces/share/ament_index/resource_index/package_run_dependencies/task_2_interfaces
[0.617s] -- Up-to-date: /ros2_ws/install/task_2_interfaces/share/ament_index/resource_index/parent_prefix_path/task_2_interfaces
[0.617s] -- Up-to-date: /ros2_ws/install/task_2_interfaces/share/task_2_interfaces/environment/ament_prefix_path.sh
[0.617s] -- Up-to-date: /ros2_ws/install/task_2_interfaces/share/task_2_interfaces/environment/ament_prefix_path.dsv
[0.618s] -- Up-to-date: /ros2_ws/install/task_2_interfaces/share/task_2_interfaces/environment/path.sh
[0.618s] -- Up-to-date: /ros2_ws/install/task_2_interfaces/share/task_2_interfaces/environment/path.dsv
[0.618s] -- Up-to-date: /ros2_ws/install/task_2_interfaces/share/task_2_interfaces/local_setup.bash
[0.619s] -- Up-to-date: /ros2_ws/install/task_2_interfaces/share/task_2_interfaces/local_setup.sh
[0.619s] -- Up-to-date: /ros2_ws/install/task_2_interfaces/share/task_2_interfaces/local_setup.zsh
[0.620s] -- Up-to-date: /ros2_ws/install/task_2_interfaces/share/task_2_interfaces/local_setup.dsv
[0.620s] -- Installing: /ros2_ws/install/task_2_interfaces/share/task_2_interfaces/package.dsv
[0.621s] -- Up-to-date: /ros2_ws/install/task_2_interfaces/share/ament_index/resource_index/packages/task_2_interfaces
[0.622s] -- Up-to-date: /ros2_ws/install/task_2_interfaces/share/task_2_interfaces/cmake/export_task_2_interfaces__rosidl_generator_cExport.cmake
[0.622s] -- Up-to-date: /ros2_ws/install/task_2_interfaces/share/task_2_interfaces/cmake/export_task_2_interfaces__rosidl_generator_cExport-noconfig.cmake
[0.623s] -- Up-to-date: /ros2_ws/install/task_2_interfaces/share/task_2_interfaces/cmake/export_task_2_interfaces__rosidl_typesupport_fastrtps_cExport.cmake
[0.623s] -- Up-to-date: /ros2_ws/install/task_2_interfaces/share/task_2_interfaces/cmake/export_task_2_interfaces__rosidl_typesupport_fastrtps_cExport-noconfig.cmake
[0.624s] -- Up-to-date: /ros2_ws/install/task_2_interfaces/share/task_2_interfaces/cmake/task_2_interfaces__rosidl_typesupport_introspection_cExport.cmake
[0.624s] -- Up-to-date: /ros2_ws/install/task_2_interfaces/share/task_2_interfaces/cmake/task_2_interfaces__rosidl_typesupport_introspection_cExport-noconfig.cmake
[0.624s] -- Up-to-date: /ros2_ws/install/task_2_interfaces/share/task_2_interfaces/cmake/task_2_interfaces__rosidl_typesupport_cExport.cmake
[0.625s] -- Up-to-date: /ros2_ws/install/task_2_interfaces/share/task_2_interfaces/cmake/task_2_interfaces__rosidl_typesupport_cExport-noconfig.cmake
[0.625s] -- Up-to-date: /ros2_ws/install/task_2_interfaces/share/task_2_interfaces/cmake/export_task_2_interfaces__rosidl_generator_cppExport.cmake
[0.626s] -- Up-to-date: /ros2_ws/install/task_2_interfaces/share/task_2_interfaces/cmake/export_task_2_interfaces__rosidl_typesupport_fastrtps_cppExport.cmake
[0.626s] -- Up-to-date: /ros2_ws/install/task_2_interfaces/share/task_2_interfaces/cmake/export_task_2_interfaces__rosidl_typesupport_fastrtps_cppExport-noconfig.cmake
[0.627s] -- Up-to-date: /ros2_ws/install/task_2_interfaces/share/task_2_interfaces/cmake/task_2_interfaces__rosidl_typesupport_introspection_cppExport.cmake
[0.627s] -- Up-to-date: /ros2_ws/install/task_2_interfaces/share/task_2_interfaces/cmake/task_2_interfaces__rosidl_typesupport_introspection_cppExport-noconfig.cmake
[0.628s] -- Up-to-date: /ros2_ws/install/task_2_interfaces/share/task_2_interfaces/cmake/task_2_interfaces__rosidl_typesupport_cppExport.cmake
[0.628s] -- Up-to-date: /ros2_ws/install/task_2_interfaces/share/task_2_interfaces/cmake/task_2_interfaces__rosidl_typesupport_cppExport-noconfig.cmake
[0.629s] -- Up-to-date: /ros2_ws/install/task_2_interfaces/share/task_2_interfaces/cmake/export_task_2_interfaces__rosidl_generator_pyExport.cmake
[0.629s] -- Up-to-date: /ros2_ws/install/task_2_interfaces/share/task_2_interfaces/cmake/export_task_2_interfaces__rosidl_generator_pyExport-noconfig.cmake
[0.630s] -- Up-to-date: /ros2_ws/install/task_2_interfaces/share/task_2_interfaces/cmake/rosidl_cmake-extras.cmake
[0.630s] -- Up-to-date: /ros2_ws/install/task_2_interfaces/share/task_2_interfaces/cmake/ament_cmake_export_dependencies-extras.cmake
[0.630s] -- Up-to-date: /ros2_ws/install/task_2_interfaces/share/task_2_interfaces/cmake/ament_cmake_export_include_directories-extras.cmake
[0.630s] -- Up-to-date: /ros2_ws/install/task_2_interfaces/share/task_2_interfaces/cmake/ament_cmake_export_libraries-extras.cmake
[0.631s] -- Up-to-date: /ros2_ws/install/task_2_interfaces/share/task_2_interfaces/cmake/ament_cmake_export_targets-extras.cmake
[0.631s] -- Up-to-date: /ros2_ws/install/task_2_interfaces/share/task_2_interfaces/cmake/rosidl_cmake_export_typesupport_targets-extras.cmake
[0.631s] -- Up-to-date: /ros2_ws/install/task_2_interfaces/share/task_2_interfaces/cmake/rosidl_cmake_export_typesupport_libraries-extras.cmake
[0.632s] -- Up-to-date: /ros2_ws/install/task_2_interfaces/share/task_2_interfaces/cmake/task_2_interfacesConfig.cmake
[0.632s] -- Up-to-date: /ros2_ws/install/task_2_interfaces/share/task_2_interfaces/cmake/task_2_interfacesConfig-version.cmake
[0.632s] -- Up-to-date: /ros2_ws/install/task_2_interfaces/share/task_2_interfaces/package.xml
[0.634s] Invoked command in '/ros2_ws/build/task_2_interfaces' returned '0': /usr/bin/cmake --install /ros2_ws/build/task_2_interfaces
