running egg_info
writing ../../build/task_3/task_3.egg-info/PKG-INFO
writing dependency_links to ../../build/task_3/task_3.egg-info/dependency_links.txt
writing entry points to ../../build/task_3/task_3.egg-info/entry_points.txt
writing requirements to ../../build/task_3/task_3.egg-info/requires.txt
writing top-level names to ../../build/task_3/task_3.egg-info/top_level.txt
reading manifest file '../../build/task_3/task_3.egg-info/SOURCES.txt'
writing manifest file '../../build/task_3/task_3.egg-info/SOURCES.txt'
running build
running build_py
copying task_3/pid_controller.py -> /home/min/a/ydawanka/ros2_ws/aslab/Lab1/ws1/build/task_3/build/lib/task_3
running install
running install_lib
copying /home/min/a/ydawanka/ros2_ws/aslab/Lab1/ws1/build/task_3/build/lib/task_3/pid_controller.py -> /home/min/a/ydawanka/ros2_ws/aslab/Lab1/ws1/install/task_3/lib/python3.10/site-packages/task_3
byte-compiling /home/min/a/ydawanka/ros2_ws/aslab/Lab1/ws1/install/task_3/lib/python3.10/site-packages/task_3/pid_controller.py to pid_controller.cpython-310.pyc
running install_data
running install_egg_info
removing '/home/min/a/ydawanka/ros2_ws/aslab/Lab1/ws1/install/task_3/lib/python3.10/site-packages/task_3-0.0.0-py3.10.egg-info' (and everything under it)
Copying ../../build/task_3/task_3.egg-info to /home/min/a/ydawanka/ros2_ws/aslab/Lab1/ws1/install/task_3/lib/python3.10/site-packages/task_3-0.0.0-py3.10.egg-info
running install_scripts
Installing pid_speed_controller script to /home/min/a/ydawanka/ros2_ws/aslab/Lab1/ws1/install/task_3/lib/task_3
writing list of installed files to '/home/min/a/ydawanka/ros2_ws/aslab/Lab1/ws1/build/task_3/install.log'
