[1.061s] Invoking command in '/home/min/a/ydawanka/ros2_ws/aslab/Lab1/ws1/src/task_3': PYTHONPATH=/home/min/a/ydawanka/ros2_ws/aslab/Lab1/ws1/build/task_3/prefix_override:/usr/lib/python3/dist-packages/colcon_core/task/python/colcon_distutils_commands:/home/min/a/ydawanka/ros2_ws/aslab/Lab1/ws1/install/task_3/lib/python3.10/site-packages:${PYTHONPATH} /usr/bin/python3 -W ignore:setup.py install is deprecated -W ignore:easy_install command is deprecated setup.py egg_info --egg-base ../../build/task_3 build --build-base /home/min/a/ydawanka/ros2_ws/aslab/Lab1/ws1/build/task_3/build install --record /home/min/a/ydawanka/ros2_ws/aslab/Lab1/ws1/build/task_3/install.log --single-version-externally-managed install_data
[1.446s] running egg_info
[1.447s] writing ../../build/task_3/task_3.egg-info/PKG-INFO
[1.450s] writing dependency_links to ../../build/task_3/task_3.egg-info/dependency_links.txt
[1.452s] writing entry points to ../../build/task_3/task_3.egg-info/entry_points.txt
[1.456s] writing requirements to ../../build/task_3/task_3.egg-info/requires.txt
[1.462s] writing top-level names to ../../build/task_3/task_3.egg-info/top_level.txt
[1.474s] reading manifest file '../../build/task_3/task_3.egg-info/SOURCES.txt'
[1.477s] writing manifest file '../../build/task_3/task_3.egg-info/SOURCES.txt'
[1.479s] running build
[1.479s] running build_py
[1.483s] copying task_3/pid_controller.py -> /home/min/a/ydawanka/ros2_ws/aslab/Lab1/ws1/build/task_3/build/lib/task_3
[1.487s] running install
[1.487s] running install_lib
[1.491s] copying /home/min/a/ydawanka/ros2_ws/aslab/Lab1/ws1/build/task_3/build/lib/task_3/pid_controller.py -> /home/min/a/ydawanka/ros2_ws/aslab/Lab1/ws1/install/task_3/lib/python3.10/site-packages/task_3
[1.522s] byte-compiling /home/min/a/ydawanka/ros2_ws/aslab/Lab1/ws1/install/task_3/lib/python3.10/site-packages/task_3/pid_controller.py to pid_controller.cpython-310.pyc
[1.530s] running install_data
[1.534s] running install_egg_info
[1.541s] removing '/home/min/a/ydawanka/ros2_ws/aslab/Lab1/ws1/install/task_3/lib/python3.10/site-packages/task_3-0.0.0-py3.10.egg-info' (and everything under it)
[1.554s] Copying ../../build/task_3/task_3.egg-info to /home/min/a/ydawanka/ros2_ws/aslab/Lab1/ws1/install/task_3/lib/python3.10/site-packages/task_3-0.0.0-py3.10.egg-info
[1.603s] running install_scripts
[1.659s] Installing pid_speed_controller script to /home/min/a/ydawanka/ros2_ws/aslab/Lab1/ws1/install/task_3/lib/task_3
[1.663s] writing list of installed files to '/home/min/a/ydawanka/ros2_ws/aslab/Lab1/ws1/build/task_3/install.log'
[1.687s] Invoked command in '/home/min/a/ydawanka/ros2_ws/aslab/Lab1/ws1/src/task_3' returned '0': PYTHONPATH=/home/min/a/ydawanka/ros2_ws/aslab/Lab1/ws1/build/task_3/prefix_override:/usr/lib/python3/dist-packages/colcon_core/task/python/colcon_distutils_commands:/home/min/a/ydawanka/ros2_ws/aslab/Lab1/ws1/install/task_3/lib/python3.10/site-packages:${PYTHONPATH} /usr/bin/python3 -W ignore:setup.py install is deprecated -W ignore:easy_install command is deprecated setup.py egg_info --egg-base ../../build/task_3 build --build-base /home/min/a/ydawanka/ros2_ws/aslab/Lab1/ws1/build/task_3/build install --record /home/min/a/ydawanka/ros2_ws/aslab/Lab1/ws1/build/task_3/install.log --single-version-externally-managed install_data
