[0.361s] Invoking command in '/ros2_ws/src/task_1': PYTHONPATH=/ros2_ws/build/task_1/prefix_override:/usr/lib/python3/dist-packages/colcon_core/task/python/colcon_distutils_commands:/ros2_ws/install/task_1/lib/python3.10/site-packages:${PYTHONPATH} /usr/bin/python3 -W ignore:setup.py install is deprecated -W ignore:easy_install command is deprecated setup.py egg_info --egg-base ../../build/task_1 build --build-base /ros2_ws/build/task_1/build install --record /ros2_ws/build/task_1/install.log --single-version-externally-managed install_data
[0.482s] running egg_info
[0.483s] writing ../../build/task_1/task_1.egg-info/PKG-INFO
[0.483s] writing dependency_links to ../../build/task_1/task_1.egg-info/dependency_links.txt
[0.483s] writing entry points to ../../build/task_1/task_1.egg-info/entry_points.txt
[0.484s] writing requirements to ../../build/task_1/task_1.egg-info/requires.txt
[0.484s] writing top-level names to ../../build/task_1/task_1.egg-info/top_level.txt
[0.486s] reading manifest file '../../build/task_1/task_1.egg-info/SOURCES.txt'
[0.487s] writing manifest file '../../build/task_1/task_1.egg-info/SOURCES.txt'
[0.488s] running build
[0.488s] running build_py
[0.488s] copying task_1/talker.py -> /ros2_ws/build/task_1/build/lib/task_1
[0.490s] running install
[0.491s] running install_lib
[0.491s] copying /ros2_ws/build/task_1/build/lib/task_1/talker.py -> /ros2_ws/install/task_1/lib/python3.10/site-packages/task_1
[0.493s] byte-compiling /ros2_ws/install/task_1/lib/python3.10/site-packages/task_1/talker.py to talker.cpython-310.pyc
[0.496s] running install_data
[0.498s] running install_egg_info
[0.499s] removing '/ros2_ws/install/task_1/lib/python3.10/site-packages/task_1-0.0.0-py3.10.egg-info' (and everything under it)
[0.501s] Copying ../../build/task_1/task_1.egg-info to /ros2_ws/install/task_1/lib/python3.10/site-packages/task_1-0.0.0-py3.10.egg-info
[0.514s] running install_scripts
[0.527s] Installing listener script to /ros2_ws/install/task_1/lib/task_1
[0.528s] Installing talker script to /ros2_ws/install/task_1/lib/task_1
[0.530s] writing list of installed files to '/ros2_ws/build/task_1/install.log'
[0.561s] Invoked command in '/ros2_ws/src/task_1' returned '0': PYTHONPATH=/ros2_ws/build/task_1/prefix_override:/usr/lib/python3/dist-packages/colcon_core/task/python/colcon_distutils_commands:/ros2_ws/install/task_1/lib/python3.10/site-packages:${PYTHONPATH} /usr/bin/python3 -W ignore:setup.py install is deprecated -W ignore:easy_install command is deprecated setup.py egg_info --egg-base ../../build/task_1 build --build-base /ros2_ws/build/task_1/build install --record /ros2_ws/build/task_1/install.log --single-version-externally-managed install_data
