[0.073s] DEBUG:colcon:Command line arguments: ['/usr/bin/colcon', 'build']
[0.073s] DEBUG:colcon:Parsed command line arguments: Namespace(log_base=None, log_level=None, verb_name='build', build_base='build', install_base='install', merge_install=False, symlink_install=False, test_result_base=None, continue_on_error=False, executor='parallel', parallel_workers=8, event_handlers=None, ignore_user_meta=False, metas=['./colcon.meta'], base_paths=['.'], packages_ignore=None, packages_ignore_regex=None, paths=None, packages_up_to=None, packages_up_to_regex=None, packages_above=None, packages_above_and_dependencies=None, packages_above_depth=None, packages_select_by_dep=None, packages_skip_by_dep=None, packages_skip_up_to=None, packages_select_build_failed=False, packages_skip_build_finished=False, packages_select_test_failures=False, packages_skip_test_passed=False, packages_select=None, packages_skip=None, packages_select_regex=None, packages_skip_regex=None, packages_start=None, packages_end=None, cmake_args=None, cmake_target=None, cmake_target_skip_unavailable=False, cmake_clean_cache=False, cmake_clean_first=False, cmake_force_configure=False, ament_cmake_args=None, catkin_cmake_args=None, catkin_skip_building_tests=False, mixin_files=None, mixin=None, verb_parser=<colcon_mixin.mixin.mixin_argument.MixinArgumentDecorator object at 0xffff8bc35b10>, verb_extension=<colcon_core.verb.build.BuildVerb object at 0xffff8bd529e0>, main=<bound method BuildVerb.main of <colcon_core.verb.build.BuildVerb object at 0xffff8bd529e0>>, mixin_verb=('build',))
[0.132s] Level 1:colcon.colcon_core.package_discovery:discover_packages(colcon_meta) check parameters
[0.133s] INFO:colcon.colcon_metadata.package_discovery.colcon_meta:Using configuration from '/root/.colcon/metadata/default/Gazebo.meta'
[0.133s] INFO:colcon.colcon_metadata.package_discovery.colcon_meta:Using configuration from '/root/.colcon/metadata/default/fastdds.meta'
[0.133s] INFO:colcon.colcon_metadata.package_discovery.colcon_meta:Using configuration from '/root/.colcon/metadata/default/fastrtps.meta'
[0.134s] Level 1:colcon.colcon_core.package_discovery:discover_packages(recursive) check parameters
[0.134s] Level 1:colcon.colcon_core.package_discovery:discover_packages(ignore) check parameters
[0.134s] Level 1:colcon.colcon_core.package_discovery:discover_packages(path) check parameters
[0.134s] Level 1:colcon.colcon_core.package_discovery:discover_packages(colcon_meta) discover
[0.134s] Level 1:colcon.colcon_core.package_discovery:discover_packages(recursive) discover
[0.134s] INFO:colcon.colcon_core.package_discovery:Crawling recursively for packages in '/ros2_ws'
[0.134s] Level 1:colcon.colcon_core.package_identification:_identify(.) by extensions ['ignore', 'ignore_ament_install']
[0.134s] Level 1:colcon.colcon_core.package_identification:_identify(.) by extension 'ignore'
[0.134s] Level 1:colcon.colcon_core.package_identification:_identify(.) by extension 'ignore_ament_install'
[0.135s] Level 1:colcon.colcon_core.package_identification:_identify(.) by extensions ['colcon_pkg']
[0.135s] Level 1:colcon.colcon_core.package_identification:_identify(.) by extension 'colcon_pkg'
[0.135s] Level 1:colcon.colcon_core.package_identification:_identify(.) by extensions ['colcon_meta']
[0.135s] Level 1:colcon.colcon_core.package_identification:_identify(.) by extension 'colcon_meta'
[0.135s] Level 1:colcon.colcon_core.package_identification:_identify(.) by extensions ['ros']
[0.135s] Level 1:colcon.colcon_core.package_identification:_identify(.) by extension 'ros'
[0.142s] Level 1:colcon.colcon_core.package_identification:_identify(.) by extensions ['cmake', 'python']
[0.142s] Level 1:colcon.colcon_core.package_identification:_identify(.) by extension 'cmake'
[0.142s] Level 1:colcon.colcon_core.package_identification:_identify(.) by extension 'python'
[0.142s] Level 1:colcon.colcon_core.package_identification:_identify(.) by extensions ['python_setup_py']
[0.142s] Level 1:colcon.colcon_core.package_identification:_identify(.) by extension 'python_setup_py'
[0.142s] Level 1:colcon.colcon_core.package_identification:_identify(build) by extensions ['ignore', 'ignore_ament_install']
[0.143s] Level 1:colcon.colcon_core.package_identification:_identify(build) by extension 'ignore'
[0.143s] Level 1:colcon.colcon_core.package_identification:_identify(build) ignored
[0.145s] Level 1:colcon.colcon_core.package_identification:_identify(build_docker) by extensions ['ignore', 'ignore_ament_install']
[0.145s] Level 1:colcon.colcon_core.package_identification:_identify(build_docker) by extension 'ignore'
[0.145s] Level 1:colcon.colcon_core.package_identification:_identify(build_docker) ignored
[0.145s] Level 1:colcon.colcon_core.package_identification:_identify(install) by extensions ['ignore', 'ignore_ament_install']
[0.145s] Level 1:colcon.colcon_core.package_identification:_identify(install) by extension 'ignore'
[0.145s] Level 1:colcon.colcon_core.package_identification:_identify(install) ignored
[0.146s] Level 1:colcon.colcon_core.package_identification:_identify(install_docker) by extensions ['ignore', 'ignore_ament_install']
[0.146s] Level 1:colcon.colcon_core.package_identification:_identify(install_docker) by extension 'ignore'
[0.146s] Level 1:colcon.colcon_core.package_identification:_identify(install_docker) ignored
[0.146s] Level 1:colcon.colcon_core.package_identification:_identify(log) by extensions ['ignore', 'ignore_ament_install']
[0.146s] Level 1:colcon.colcon_core.package_identification:_identify(log) by extension 'ignore'
[0.146s] Level 1:colcon.colcon_core.package_identification:_identify(log) ignored
[0.147s] Level 1:colcon.colcon_core.package_identification:_identify(src) by extensions ['ignore', 'ignore_ament_install']
[0.147s] Level 1:colcon.colcon_core.package_identification:_identify(src) by extension 'ignore'
[0.147s] Level 1:colcon.colcon_core.package_identification:_identify(src) by extension 'ignore_ament_install'
[0.147s] Level 1:colcon.colcon_core.package_identification:_identify(src) by extensions ['colcon_pkg']
[0.147s] Level 1:colcon.colcon_core.package_identification:_identify(src) by extension 'colcon_pkg'
[0.147s] Level 1:colcon.colcon_core.package_identification:_identify(src) by extensions ['colcon_meta']
[0.147s] Level 1:colcon.colcon_core.package_identification:_identify(src) by extension 'colcon_meta'
[0.148s] Level 1:colcon.colcon_core.package_identification:_identify(src) by extensions ['ros']
[0.148s] Level 1:colcon.colcon_core.package_identification:_identify(src) by extension 'ros'
[0.148s] Level 1:colcon.colcon_core.package_identification:_identify(src) by extensions ['cmake', 'python']
[0.148s] Level 1:colcon.colcon_core.package_identification:_identify(src) by extension 'cmake'
[0.148s] Level 1:colcon.colcon_core.package_identification:_identify(src) by extension 'python'
[0.148s] Level 1:colcon.colcon_core.package_identification:_identify(src) by extensions ['python_setup_py']
[0.148s] Level 1:colcon.colcon_core.package_identification:_identify(src) by extension 'python_setup_py'
[0.149s] Level 1:colcon.colcon_core.package_identification:_identify(src/task_1) by extensions ['ignore', 'ignore_ament_install']
[0.149s] Level 1:colcon.colcon_core.package_identification:_identify(src/task_1) by extension 'ignore'
[0.149s] Level 1:colcon.colcon_core.package_identification:_identify(src/task_1) by extension 'ignore_ament_install'
[0.149s] Level 1:colcon.colcon_core.package_identification:_identify(src/task_1) by extensions ['colcon_pkg']
[0.149s] Level 1:colcon.colcon_core.package_identification:_identify(src/task_1) by extension 'colcon_pkg'
[0.149s] Level 1:colcon.colcon_core.package_identification:_identify(src/task_1) by extensions ['colcon_meta']
[0.149s] Level 1:colcon.colcon_core.package_identification:_identify(src/task_1) by extension 'colcon_meta'
[0.149s] Level 1:colcon.colcon_core.package_identification:_identify(src/task_1) by extensions ['ros']
[0.149s] Level 1:colcon.colcon_core.package_identification:_identify(src/task_1) by extension 'ros'
[0.151s] DEBUG:colcon.colcon_core.package_identification:Package 'src/task_1' with type 'ros.ament_python' and name 'task_1'
[0.152s] Level 1:colcon.colcon_core.package_identification:_identify(src/task_2) by extensions ['ignore', 'ignore_ament_install']
[0.152s] Level 1:colcon.colcon_core.package_identification:_identify(src/task_2) by extension 'ignore'
[0.152s] Level 1:colcon.colcon_core.package_identification:_identify(src/task_2) by extension 'ignore_ament_install'
[0.152s] Level 1:colcon.colcon_core.package_identification:_identify(src/task_2) by extensions ['colcon_pkg']
[0.152s] Level 1:colcon.colcon_core.package_identification:_identify(src/task_2) by extension 'colcon_pkg'
[0.152s] Level 1:colcon.colcon_core.package_identification:_identify(src/task_2) by extensions ['colcon_meta']
[0.152s] Level 1:colcon.colcon_core.package_identification:_identify(src/task_2) by extension 'colcon_meta'
[0.152s] Level 1:colcon.colcon_core.package_identification:_identify(src/task_2) by extensions ['ros']
[0.152s] Level 1:colcon.colcon_core.package_identification:_identify(src/task_2) by extension 'ros'
[0.153s] DEBUG:colcon.colcon_core.package_identification:Package 'src/task_2' with type 'ros.ament_python' and name 'task_2'
[0.153s] Level 1:colcon.colcon_core.package_identification:_identify(src/task_2_interfaces) by extensions ['ignore', 'ignore_ament_install']
[0.153s] Level 1:colcon.colcon_core.package_identification:_identify(src/task_2_interfaces) by extension 'ignore'
[0.153s] Level 1:colcon.colcon_core.package_identification:_identify(src/task_2_interfaces) by extension 'ignore_ament_install'
[0.153s] Level 1:colcon.colcon_core.package_identification:_identify(src/task_2_interfaces) by extensions ['colcon_pkg']
[0.153s] Level 1:colcon.colcon_core.package_identification:_identify(src/task_2_interfaces) by extension 'colcon_pkg'
[0.153s] Level 1:colcon.colcon_core.package_identification:_identify(src/task_2_interfaces) by extensions ['colcon_meta']
[0.154s] Level 1:colcon.colcon_core.package_identification:_identify(src/task_2_interfaces) by extension 'colcon_meta'
[0.154s] Level 1:colcon.colcon_core.package_identification:_identify(src/task_2_interfaces) by extensions ['ros']
[0.154s] Level 1:colcon.colcon_core.package_identification:_identify(src/task_2_interfaces) by extension 'ros'
[0.154s] DEBUG:colcon.colcon_core.package_identification:Package 'src/task_2_interfaces' with type 'ros.catkin' and name 'task_2_interfaces'
[0.155s] Level 1:colcon.colcon_core.package_identification:_identify(task_2) by extensions ['ignore', 'ignore_ament_install']
[0.155s] Level 1:colcon.colcon_core.package_identification:_identify(task_2) by extension 'ignore'
[0.155s] Level 1:colcon.colcon_core.package_identification:_identify(task_2) by extension 'ignore_ament_install'
[0.155s] Level 1:colcon.colcon_core.package_identification:_identify(task_2) by extensions ['colcon_pkg']
[0.155s] Level 1:colcon.colcon_core.package_identification:_identify(task_2) by extension 'colcon_pkg'
[0.155s] Level 1:colcon.colcon_core.package_identification:_identify(task_2) by extensions ['colcon_meta']
[0.155s] Level 1:colcon.colcon_core.package_identification:_identify(task_2) by extension 'colcon_meta'
[0.155s] Level 1:colcon.colcon_core.package_identification:_identify(task_2) by extensions ['ros']
[0.155s] Level 1:colcon.colcon_core.package_identification:_identify(task_2) by extension 'ros'
[0.155s] Level 1:colcon.colcon_core.package_identification:_identify(task_2) by extensions ['cmake', 'python']
[0.155s] Level 1:colcon.colcon_core.package_identification:_identify(task_2) by extension 'cmake'
[0.156s] Level 1:colcon.colcon_core.package_identification:_identify(task_2) by extension 'python'
[0.156s] Level 1:colcon.colcon_core.package_identification:_identify(task_2) by extensions ['python_setup_py']
[0.156s] Level 1:colcon.colcon_core.package_identification:_identify(task_2) by extension 'python_setup_py'
[0.156s] Level 1:colcon.colcon_core.package_discovery:discover_packages(recursive) using defaults
[0.156s] Level 1:colcon.colcon_core.package_discovery:discover_packages(ignore) discover
[0.156s] Level 1:colcon.colcon_core.package_discovery:discover_packages(ignore) using defaults
[0.156s] Level 1:colcon.colcon_core.package_discovery:discover_packages(path) discover
[0.156s] Level 1:colcon.colcon_core.package_discovery:discover_packages(path) using defaults
[0.169s] Level 5:colcon.colcon_core.verb:set package 'task_1' build argument 'cmake_args' from command line to 'None'
[0.169s] Level 5:colcon.colcon_core.verb:set package 'task_1' build argument 'cmake_target' from command line to 'None'
[0.169s] Level 5:colcon.colcon_core.verb:set package 'task_1' build argument 'cmake_target_skip_unavailable' from command line to 'False'
[0.169s] Level 5:colcon.colcon_core.verb:set package 'task_1' build argument 'cmake_clean_cache' from command line to 'False'
[0.169s] Level 5:colcon.colcon_core.verb:set package 'task_1' build argument 'cmake_clean_first' from command line to 'False'
[0.169s] Level 5:colcon.colcon_core.verb:set package 'task_1' build argument 'cmake_force_configure' from command line to 'False'
[0.169s] Level 5:colcon.colcon_core.verb:set package 'task_1' build argument 'ament_cmake_args' from command line to 'None'
[0.169s] Level 5:colcon.colcon_core.verb:set package 'task_1' build argument 'catkin_cmake_args' from command line to 'None'
[0.169s] Level 5:colcon.colcon_core.verb:set package 'task_1' build argument 'catkin_skip_building_tests' from command line to 'False'
[0.169s] DEBUG:colcon.colcon_core.verb:Building package 'task_1' with the following arguments: {'ament_cmake_args': None, 'build_base': '/ros2_ws/build/task_1', 'catkin_cmake_args': None, 'catkin_skip_building_tests': False, 'cmake_args': None, 'cmake_clean_cache': False, 'cmake_clean_first': False, 'cmake_force_configure': False, 'cmake_target': None, 'cmake_target_skip_unavailable': False, 'install_base': '/ros2_ws/install/task_1', 'merge_install': False, 'path': '/ros2_ws/src/task_1', 'symlink_install': False, 'test_result_base': None}
[0.169s] Level 5:colcon.colcon_core.verb:set package 'task_2_interfaces' build argument 'cmake_args' from command line to 'None'
[0.169s] Level 5:colcon.colcon_core.verb:set package 'task_2_interfaces' build argument 'cmake_target' from command line to 'None'
[0.169s] Level 5:colcon.colcon_core.verb:set package 'task_2_interfaces' build argument 'cmake_target_skip_unavailable' from command line to 'False'
[0.169s] Level 5:colcon.colcon_core.verb:set package 'task_2_interfaces' build argument 'cmake_clean_cache' from command line to 'False'
[0.169s] Level 5:colcon.colcon_core.verb:set package 'task_2_interfaces' build argument 'cmake_clean_first' from command line to 'False'
[0.170s] Level 5:colcon.colcon_core.verb:set package 'task_2_interfaces' build argument 'cmake_force_configure' from command line to 'False'
[0.170s] Level 5:colcon.colcon_core.verb:set package 'task_2_interfaces' build argument 'ament_cmake_args' from command line to 'None'
[0.170s] Level 5:colcon.colcon_core.verb:set package 'task_2_interfaces' build argument 'catkin_cmake_args' from command line to 'None'
[0.170s] Level 5:colcon.colcon_core.verb:set package 'task_2_interfaces' build argument 'catkin_skip_building_tests' from command line to 'False'
[0.170s] DEBUG:colcon.colcon_core.verb:Building package 'task_2_interfaces' with the following arguments: {'ament_cmake_args': None, 'build_base': '/ros2_ws/build/task_2_interfaces', 'catkin_cmake_args': None, 'catkin_skip_building_tests': False, 'cmake_args': None, 'cmake_clean_cache': False, 'cmake_clean_first': False, 'cmake_force_configure': False, 'cmake_target': None, 'cmake_target_skip_unavailable': False, 'install_base': '/ros2_ws/install/task_2_interfaces', 'merge_install': False, 'path': '/ros2_ws/src/task_2_interfaces', 'symlink_install': False, 'test_result_base': None}
[0.170s] Level 5:colcon.colcon_core.verb:set package 'task_2' build argument 'cmake_args' from command line to 'None'
[0.170s] Level 5:colcon.colcon_core.verb:set package 'task_2' build argument 'cmake_target' from command line to 'None'
[0.170s] Level 5:colcon.colcon_core.verb:set package 'task_2' build argument 'cmake_target_skip_unavailable' from command line to 'False'
[0.170s] Level 5:colcon.colcon_core.verb:set package 'task_2' build argument 'cmake_clean_cache' from command line to 'False'
[0.170s] Level 5:colcon.colcon_core.verb:set package 'task_2' build argument 'cmake_clean_first' from command line to 'False'
[0.170s] Level 5:colcon.colcon_core.verb:set package 'task_2' build argument 'cmake_force_configure' from command line to 'False'
[0.170s] Level 5:colcon.colcon_core.verb:set package 'task_2' build argument 'ament_cmake_args' from command line to 'None'
[0.170s] Level 5:colcon.colcon_core.verb:set package 'task_2' build argument 'catkin_cmake_args' from command line to 'None'
[0.170s] Level 5:colcon.colcon_core.verb:set package 'task_2' build argument 'catkin_skip_building_tests' from command line to 'False'
[0.170s] DEBUG:colcon.colcon_core.verb:Building package 'task_2' with the following arguments: {'ament_cmake_args': None, 'build_base': '/ros2_ws/build/task_2', 'catkin_cmake_args': None, 'catkin_skip_building_tests': False, 'cmake_args': None, 'cmake_clean_cache': False, 'cmake_clean_first': False, 'cmake_force_configure': False, 'cmake_target': None, 'cmake_target_skip_unavailable': False, 'install_base': '/ros2_ws/install/task_2', 'merge_install': False, 'path': '/ros2_ws/src/task_2', 'symlink_install': False, 'test_result_base': None}
[0.170s] INFO:colcon.colcon_core.executor:Executing jobs using 'parallel' executor
[0.171s] DEBUG:colcon.colcon_parallel_executor.executor.parallel:run_until_complete
[0.171s] INFO:colcon.colcon_ros.task.catkin.build:Building ROS package in '/ros2_ws/src/task_2_interfaces' with build type 'catkin'
[0.171s] INFO:colcon.colcon_cmake.task.cmake.build:Building CMake package in '/ros2_ws/src/task_2_interfaces'
[0.172s] INFO:colcon.colcon_core.plugin_system:Skipping extension 'colcon_core.shell.bat': Not used on non-Windows systems
[0.173s] INFO:colcon.colcon_core.shell:Skip shell extension 'powershell' for command environment: Not usable outside of PowerShell
[0.173s] DEBUG:colcon.colcon_core.shell:Skip shell extension 'dsv' for command environment
[0.176s] INFO:colcon.colcon_ros.task.ament_python.build:Building ROS package in '/ros2_ws/src/task_1' with build type 'ament_python'
[0.176s] Level 1:colcon.colcon_core.shell:create_environment_hook('task_1', 'ament_prefix_path')
[0.176s] INFO:colcon.colcon_core.shell:Creating environment hook '/ros2_ws/install/task_1/share/task_1/hook/ament_prefix_path.ps1'
[0.177s] INFO:colcon.colcon_core.shell:Creating environment descriptor '/ros2_ws/install/task_1/share/task_1/hook/ament_prefix_path.dsv'
[0.178s] INFO:colcon.colcon_core.shell:Creating environment hook '/ros2_ws/install/task_1/share/task_1/hook/ament_prefix_path.sh'
[0.179s] INFO:colcon.colcon_core.shell:Skip shell extension 'powershell' for command environment: Not usable outside of PowerShell
[0.179s] DEBUG:colcon.colcon_core.shell:Skip shell extension 'dsv' for command environment
[0.186s] DEBUG:colcon.colcon_core.event_handler.log_command:Invoking command in '/ros2_ws/build/task_2_interfaces': /usr/bin/cmake /ros2_ws/src/task_2_interfaces -DCATKIN_INSTALL_INTO_PREFIX_ROOT=0 -DCMAKE_INSTALL_PREFIX=/ros2_ws/install/task_2_interfaces
[0.305s] INFO:colcon.colcon_core.task.python.build:Building Python package in '/ros2_ws/src/task_1'
[0.305s] INFO:colcon.colcon_core.shell:Skip shell extension 'powershell' for command environment: Not usable outside of PowerShell
[0.305s] DEBUG:colcon.colcon_core.shell:Skip shell extension 'dsv' for command environment
[0.478s] DEBUG:colcon.colcon_core.event_handler.log_command:Invoking command in '/ros2_ws/src/task_1': PYTHONPATH=/ros2_ws/build/task_1/prefix_override:/usr/lib/python3/dist-packages/colcon_core/task/python/colcon_distutils_commands:/ros2_ws/install/task_1/lib/python3.10/site-packages:${PYTHONPATH} /usr/bin/python3 -W ignore:setup.py install is deprecated -W ignore:easy_install command is deprecated setup.py egg_info --egg-base ../../build/task_1 build --build-base /ros2_ws/build/task_1/build install --record /ros2_ws/build/task_1/install.log --single-version-externally-managed install_data
[0.738s] DEBUG:colcon.colcon_core.event_handler.log_command:Invoked command in '/ros2_ws/src/task_1' returned '0': PYTHONPATH=/ros2_ws/build/task_1/prefix_override:/usr/lib/python3/dist-packages/colcon_core/task/python/colcon_distutils_commands:/ros2_ws/install/task_1/lib/python3.10/site-packages:${PYTHONPATH} /usr/bin/python3 -W ignore:setup.py install is deprecated -W ignore:easy_install command is deprecated setup.py egg_info --egg-base ../../build/task_1 build --build-base /ros2_ws/build/task_1/build install --record /ros2_ws/build/task_1/install.log --single-version-externally-managed install_data
[0.741s] Level 1:colcon.colcon_core.environment:checking '/ros2_ws/install/task_1' for CMake module files
[0.743s] Level 1:colcon.colcon_core.environment:checking '/ros2_ws/install/task_1' for CMake config files
[0.746s] Level 1:colcon.colcon_core.environment:checking '/ros2_ws/install/task_1/lib'
[0.746s] Level 1:colcon.colcon_core.environment:checking '/ros2_ws/install/task_1/bin'
[0.747s] Level 1:colcon.colcon_core.environment:checking '/ros2_ws/install/task_1/lib/pkgconfig/task_1.pc'
[0.747s] Level 1:colcon.colcon_core.environment:checking '/ros2_ws/install/task_1/lib/python3.10/site-packages'
[0.747s] Level 1:colcon.colcon_core.shell:create_environment_hook('task_1', 'pythonpath')
[0.747s] INFO:colcon.colcon_core.shell:Creating environment hook '/ros2_ws/install/task_1/share/task_1/hook/pythonpath.ps1'
[0.748s] INFO:colcon.colcon_core.shell:Creating environment descriptor '/ros2_ws/install/task_1/share/task_1/hook/pythonpath.dsv'
[0.748s] INFO:colcon.colcon_core.shell:Creating environment hook '/ros2_ws/install/task_1/share/task_1/hook/pythonpath.sh'
[0.749s] Level 1:colcon.colcon_core.environment:checking '/ros2_ws/install/task_1/bin'
[0.749s] Level 1:colcon.colcon_core.environment:create_environment_scripts_only(task_1)
[0.750s] INFO:colcon.colcon_core.shell:Creating package script '/ros2_ws/install/task_1/share/task_1/package.ps1'
[0.751s] INFO:colcon.colcon_core.shell:Creating package descriptor '/ros2_ws/install/task_1/share/task_1/package.dsv'
[0.752s] INFO:colcon.colcon_core.shell:Creating package script '/ros2_ws/install/task_1/share/task_1/package.sh'
[0.754s] INFO:colcon.colcon_core.shell:Creating package script '/ros2_ws/install/task_1/share/task_1/package.bash'
[0.756s] INFO:colcon.colcon_core.shell:Creating package script '/ros2_ws/install/task_1/share/task_1/package.zsh'
[0.757s] Level 1:colcon.colcon_core.environment:create_file_with_runtime_dependencies(/ros2_ws/install/task_1/share/colcon-core/packages/task_1)
[1.950s] DEBUG:colcon.colcon_core.event_handler.log_command:Invoked command in '/ros2_ws/build/task_2_interfaces' returned '0': /usr/bin/cmake /ros2_ws/src/task_2_interfaces -DCATKIN_INSTALL_INTO_PREFIX_ROOT=0 -DCMAKE_INSTALL_PREFIX=/ros2_ws/install/task_2_interfaces
[1.952s] DEBUG:colcon.colcon_core.event_handler.log_command:Invoking command in '/ros2_ws/build/task_2_interfaces': /usr/bin/cmake --build /ros2_ws/build/task_2_interfaces -- -j8 -l8
[4.953s] DEBUG:colcon.colcon_core.event_handler.log_command:Invoked command in '/ros2_ws/build/task_2_interfaces' returned '0': /usr/bin/cmake --build /ros2_ws/build/task_2_interfaces -- -j8 -l8
[4.960s] DEBUG:colcon.colcon_core.event_handler.log_command:Invoking command in '/ros2_ws/build/task_2_interfaces': /usr/bin/cmake --install /ros2_ws/build/task_2_interfaces
[5.405s] DEBUG:colcon.colcon_core.event_handler.log_command:Invoked command in '/ros2_ws/build/task_2_interfaces' returned '0': /usr/bin/cmake --install /ros2_ws/build/task_2_interfaces
[5.405s] Level 1:colcon.colcon_core.shell:create_environment_hook('task_2_interfaces', 'ros_package_path')
[5.405s] INFO:colcon.colcon_core.shell:Creating environment hook '/ros2_ws/install/task_2_interfaces/share/task_2_interfaces/hook/ros_package_path.ps1'
[5.406s] INFO:colcon.colcon_core.shell:Creating environment descriptor '/ros2_ws/install/task_2_interfaces/share/task_2_interfaces/hook/ros_package_path.dsv'
[5.407s] INFO:colcon.colcon_core.shell:Creating environment hook '/ros2_ws/install/task_2_interfaces/share/task_2_interfaces/hook/ros_package_path.sh'
[5.408s] Level 1:colcon.colcon_ros.task.catkin:checking '/ros2_ws/install/task_2_interfaces/local/lib/python3.10/dist-packages'
[5.408s] Level 1:colcon.colcon_core.shell:create_environment_hook('task_2_interfaces', 'catkin_pythonpath')
[5.408s] INFO:colcon.colcon_core.shell:Creating environment hook '/ros2_ws/install/task_2_interfaces/share/task_2_interfaces/hook/catkin_pythonpath.ps1'
[5.408s] INFO:colcon.colcon_core.shell:Creating environment descriptor '/ros2_ws/install/task_2_interfaces/share/task_2_interfaces/hook/catkin_pythonpath.dsv'
[5.409s] INFO:colcon.colcon_core.shell:Creating environment hook '/ros2_ws/install/task_2_interfaces/share/task_2_interfaces/hook/catkin_pythonpath.sh'
[5.410s] Level 1:colcon.colcon_core.shell:create_environment_hook('task_2_interfaces', 'pkg_config_path')
[5.410s] INFO:colcon.colcon_core.shell:Creating environment hook '/ros2_ws/install/task_2_interfaces/share/task_2_interfaces/hook/pkg_config_path.ps1'
[5.411s] INFO:colcon.colcon_core.shell:Creating environment descriptor '/ros2_ws/install/task_2_interfaces/share/task_2_interfaces/hook/pkg_config_path.dsv'
[5.411s] INFO:colcon.colcon_core.shell:Creating environment hook '/ros2_ws/install/task_2_interfaces/share/task_2_interfaces/hook/pkg_config_path.sh'
[5.413s] Level 1:colcon.colcon_core.shell:create_environment_hook('task_2_interfaces', 'pkg_config_path_multiarch')
[5.413s] INFO:colcon.colcon_core.shell:Creating environment hook '/ros2_ws/install/task_2_interfaces/share/task_2_interfaces/hook/pkg_config_path_multiarch.ps1'
[5.414s] INFO:colcon.colcon_core.shell:Creating environment descriptor '/ros2_ws/install/task_2_interfaces/share/task_2_interfaces/hook/pkg_config_path_multiarch.dsv'
[5.415s] INFO:colcon.colcon_core.shell:Creating environment hook '/ros2_ws/install/task_2_interfaces/share/task_2_interfaces/hook/pkg_config_path_multiarch.sh'
[5.416s] Level 1:colcon.colcon_core.environment:create_environment_scripts_only(task_2_interfaces)
[5.416s] Level 1:colcon.colcon_core.environment:checking '/ros2_ws/install/task_2_interfaces' for CMake module files
[5.419s] Level 1:colcon.colcon_core.environment:checking '/ros2_ws/install/task_2_interfaces' for CMake config files
[5.423s] Level 1:colcon.colcon_core.shell:create_environment_hook('task_2_interfaces', 'cmake_prefix_path')
[5.424s] INFO:colcon.colcon_core.shell:Creating environment hook '/ros2_ws/install/task_2_interfaces/share/task_2_interfaces/hook/cmake_prefix_path.ps1'
[5.425s] INFO:colcon.colcon_core.shell:Creating environment descriptor '/ros2_ws/install/task_2_interfaces/share/task_2_interfaces/hook/cmake_prefix_path.dsv'
[5.426s] INFO:colcon.colcon_core.shell:Creating environment hook '/ros2_ws/install/task_2_interfaces/share/task_2_interfaces/hook/cmake_prefix_path.sh'
[5.426s] Level 1:colcon.colcon_core.environment:checking '/ros2_ws/install/task_2_interfaces/lib'
[5.427s] Level 1:colcon.colcon_core.shell:create_environment_hook('task_2_interfaces', 'ld_library_path_lib')
[5.427s] INFO:colcon.colcon_core.shell:Creating environment hook '/ros2_ws/install/task_2_interfaces/share/task_2_interfaces/hook/ld_library_path_lib.ps1'
[5.427s] INFO:colcon.colcon_core.shell:Creating environment descriptor '/ros2_ws/install/task_2_interfaces/share/task_2_interfaces/hook/ld_library_path_lib.dsv'
[5.428s] INFO:colcon.colcon_core.shell:Creating environment hook '/ros2_ws/install/task_2_interfaces/share/task_2_interfaces/hook/ld_library_path_lib.sh'
[5.429s] Level 1:colcon.colcon_core.environment:checking '/ros2_ws/install/task_2_interfaces/bin'
[5.429s] Level 1:colcon.colcon_core.environment:checking '/ros2_ws/install/task_2_interfaces/lib/pkgconfig/task_2_interfaces.pc'
[5.429s] Level 1:colcon.colcon_core.environment:checking '/ros2_ws/install/task_2_interfaces/lib/python3.10/site-packages'
[5.430s] Level 1:colcon.colcon_core.environment:checking '/ros2_ws/install/task_2_interfaces/bin'
[5.430s] INFO:colcon.colcon_core.shell:Creating package script '/ros2_ws/install/task_2_interfaces/share/task_2_interfaces/package.ps1'
[5.431s] INFO:colcon.colcon_core.shell:Creating package descriptor '/ros2_ws/install/task_2_interfaces/share/task_2_interfaces/package.dsv'
[5.434s] INFO:colcon.colcon_core.shell:Creating package script '/ros2_ws/install/task_2_interfaces/share/task_2_interfaces/package.sh'
[5.437s] INFO:colcon.colcon_core.shell:Creating package script '/ros2_ws/install/task_2_interfaces/share/task_2_interfaces/package.bash'
[5.440s] INFO:colcon.colcon_core.shell:Creating package script '/ros2_ws/install/task_2_interfaces/share/task_2_interfaces/package.zsh'
[5.442s] Level 1:colcon.colcon_core.environment:create_file_with_runtime_dependencies(/ros2_ws/install/task_2_interfaces/share/colcon-core/packages/task_2_interfaces)
[5.446s] INFO:colcon.colcon_ros.task.ament_python.build:Building ROS package in '/ros2_ws/src/task_2' with build type 'ament_python'
[5.447s] Level 1:colcon.colcon_core.shell:create_environment_hook('task_2', 'ament_prefix_path')
[5.450s] INFO:colcon.colcon_core.shell:Creating environment hook '/ros2_ws/install/task_2/share/task_2/hook/ament_prefix_path.ps1'
[5.460s] INFO:colcon.colcon_core.shell:Creating environment descriptor '/ros2_ws/install/task_2/share/task_2/hook/ament_prefix_path.dsv'
[5.463s] INFO:colcon.colcon_core.shell:Creating environment hook '/ros2_ws/install/task_2/share/task_2/hook/ament_prefix_path.sh'
[5.467s] INFO:colcon.colcon_core.shell:Skip shell extension 'powershell' for command environment: Not usable outside of PowerShell
[5.467s] DEBUG:colcon.colcon_core.shell:Skip shell extension 'dsv' for command environment
[5.595s] INFO:colcon.colcon_core.task.python.build:Building Python package in '/ros2_ws/src/task_2'
[5.596s] INFO:colcon.colcon_core.shell:Skip shell extension 'powershell' for command environment: Not usable outside of PowerShell
[5.596s] DEBUG:colcon.colcon_core.shell:Skip shell extension 'dsv' for command environment
[5.736s] DEBUG:colcon.colcon_core.event_handler.log_command:Invoking command in '/ros2_ws/src/task_2': CMAKE_PREFIX_PATH=/ros2_ws/install/task_2_interfaces LD_LIBRARY_PATH=/ros2_ws/install/task_2_interfaces/lib:${LD_LIBRARY_PATH} PKG_CONFIG_PATH=/ros2_ws/install/task_2_interfaces/lib/aarch64-linux-gnu/pkgconfig:/ros2_ws/install/task_2_interfaces/lib/pkgconfig PYTHONPATH=/ros2_ws/build/task_2/prefix_override:/usr/lib/python3/dist-packages/colcon_core/task/python/colcon_distutils_commands:/ros2_ws/install/task_2/lib/python3.10/site-packages:/ros2_ws/install/task_2_interfaces/local/lib/python3.10/dist-packages:${PYTHONPATH} ROS_PACKAGE_PATH=/ros2_ws/install/task_2_interfaces/share /usr/bin/python3 -W ignore:setup.py install is deprecated -W ignore:easy_install command is deprecated setup.py egg_info --egg-base ../../build/task_2 build --build-base /ros2_ws/build/task_2/build install --record /ros2_ws/build/task_2/install.log --single-version-externally-managed install_data
[5.886s] Level 1:colcon.colcon_core.environment:checking '/ros2_ws/install/task_2' for CMake module files
[5.886s] DEBUG:colcon.colcon_core.event_handler.log_command:Invoked command in '/ros2_ws/src/task_2' returned '0': CMAKE_PREFIX_PATH=/ros2_ws/install/task_2_interfaces LD_LIBRARY_PATH=/ros2_ws/install/task_2_interfaces/lib:${LD_LIBRARY_PATH} PKG_CONFIG_PATH=/ros2_ws/install/task_2_interfaces/lib/aarch64-linux-gnu/pkgconfig:/ros2_ws/install/task_2_interfaces/lib/pkgconfig PYTHONPATH=/ros2_ws/build/task_2/prefix_override:/usr/lib/python3/dist-packages/colcon_core/task/python/colcon_distutils_commands:/ros2_ws/install/task_2/lib/python3.10/site-packages:/ros2_ws/install/task_2_interfaces/local/lib/python3.10/dist-packages:${PYTHONPATH} ROS_PACKAGE_PATH=/ros2_ws/install/task_2_interfaces/share /usr/bin/python3 -W ignore:setup.py install is deprecated -W ignore:easy_install command is deprecated setup.py egg_info --egg-base ../../build/task_2 build --build-base /ros2_ws/build/task_2/build install --record /ros2_ws/build/task_2/install.log --single-version-externally-managed install_data
[5.887s] Level 1:colcon.colcon_core.environment:checking '/ros2_ws/install/task_2' for CMake config files
[5.890s] Level 1:colcon.colcon_core.environment:checking '/ros2_ws/install/task_2/lib'
[5.890s] Level 1:colcon.colcon_core.environment:checking '/ros2_ws/install/task_2/bin'
[5.890s] Level 1:colcon.colcon_core.environment:checking '/ros2_ws/install/task_2/lib/pkgconfig/task_2.pc'
[5.891s] Level 1:colcon.colcon_core.environment:checking '/ros2_ws/install/task_2/lib/python3.10/site-packages'
[5.891s] Level 1:colcon.colcon_core.shell:create_environment_hook('task_2', 'pythonpath')
[5.891s] INFO:colcon.colcon_core.shell:Creating environment hook '/ros2_ws/install/task_2/share/task_2/hook/pythonpath.ps1'
[5.892s] INFO:colcon.colcon_core.shell:Creating environment descriptor '/ros2_ws/install/task_2/share/task_2/hook/pythonpath.dsv'
[5.892s] INFO:colcon.colcon_core.shell:Creating environment hook '/ros2_ws/install/task_2/share/task_2/hook/pythonpath.sh'
[5.893s] Level 1:colcon.colcon_core.environment:checking '/ros2_ws/install/task_2/bin'
[5.893s] Level 1:colcon.colcon_core.environment:create_environment_scripts_only(task_2)
[5.893s] INFO:colcon.colcon_core.shell:Creating package script '/ros2_ws/install/task_2/share/task_2/package.ps1'
[5.894s] INFO:colcon.colcon_core.shell:Creating package descriptor '/ros2_ws/install/task_2/share/task_2/package.dsv'
[5.895s] INFO:colcon.colcon_core.shell:Creating package script '/ros2_ws/install/task_2/share/task_2/package.sh'
[5.895s] INFO:colcon.colcon_core.shell:Creating package script '/ros2_ws/install/task_2/share/task_2/package.bash'
[5.896s] INFO:colcon.colcon_core.shell:Creating package script '/ros2_ws/install/task_2/share/task_2/package.zsh'
[5.896s] Level 1:colcon.colcon_core.environment:create_file_with_runtime_dependencies(/ros2_ws/install/task_2/share/colcon-core/packages/task_2)
[5.897s] DEBUG:colcon.colcon_parallel_executor.executor.parallel:closing loop
[5.897s] DEBUG:colcon.colcon_parallel_executor.executor.parallel:loop closed
[5.897s] DEBUG:colcon.colcon_parallel_executor.executor.parallel:run_until_complete finished with '0'
[5.898s] DEBUG:colcon.colcon_core.event_reactor:joining thread
[5.902s] INFO:colcon.colcon_core.plugin_system:Skipping extension 'colcon_notification.desktop_notification.notify_send': Could not find 'notify-send'
[5.902s] INFO:colcon.colcon_core.plugin_system:Skipping extension 'colcon_notification.desktop_notification.terminal_notifier': Not used on non-Darwin systems
[5.902s] INFO:colcon.colcon_core.plugin_system:Skipping extension 'colcon_notification.desktop_notification.win32': Not used on non-Windows systems
[5.902s] INFO:colcon.colcon_notification.desktop_notification:Sending desktop notification using 'notify2'
[5.903s] DEBUG:colcon.colcon_notification.desktop_notification.notify2:Failed to initialize notify2: org.freedesktop.DBus.Error.NotSupported: Unable to autolaunch a dbus-daemon without a $DISPLAY for X11
[5.903s] DEBUG:colcon.colcon_core.event_reactor:joined thread
[5.903s] INFO:colcon.colcon_core.shell:Creating prefix script '/ros2_ws/install/local_setup.ps1'
[5.904s] INFO:colcon.colcon_core.shell:Creating prefix util module '/ros2_ws/install/_local_setup_util_ps1.py'
[5.905s] INFO:colcon.colcon_core.shell:Creating prefix chain script '/ros2_ws/install/setup.ps1'
[5.906s] INFO:colcon.colcon_core.shell:Creating prefix script '/ros2_ws/install/local_setup.sh'
[5.906s] INFO:colcon.colcon_core.shell:Creating prefix util module '/ros2_ws/install/_local_setup_util_sh.py'
[5.907s] INFO:colcon.colcon_core.shell:Creating prefix chain script '/ros2_ws/install/setup.sh'
[5.908s] INFO:colcon.colcon_core.shell:Creating prefix script '/ros2_ws/install/local_setup.bash'
[5.909s] INFO:colcon.colcon_core.shell:Creating prefix chain script '/ros2_ws/install/setup.bash'
[5.909s] INFO:colcon.colcon_core.shell:Creating prefix script '/ros2_ws/install/local_setup.zsh'
[5.910s] INFO:colcon.colcon_core.shell:Creating prefix chain script '/ros2_ws/install/setup.zsh'
