running egg_info
writing ../../build/task_1/task_1.egg-info/PKG-INFO
writing dependency_links to ../../build/task_1/task_1.egg-info/dependency_links.txt
writing entry points to ../../build/task_1/task_1.egg-info/entry_points.txt
writing requirements to ../../build/task_1/task_1.egg-info/requires.txt
writing top-level names to ../../build/task_1/task_1.egg-info/top_level.txt
reading manifest file '../../build/task_1/task_1.egg-info/SOURCES.txt'
writing manifest file '../../build/task_1/task_1.egg-info/SOURCES.txt'
running build
running build_py
copying task_1/listener.py -> /ros2_ws/build/task_1/build/lib/task_1
running install
running install_lib
copying /ros2_ws/build/task_1/build/lib/task_1/listener.py -> /ros2_ws/install/task_1/lib/python3.10/site-packages/task_1
byte-compiling /ros2_ws/install/task_1/lib/python3.10/site-packages/task_1/listener.py to listener.cpython-310.pyc
running install_data
running install_egg_info
removing '/ros2_ws/install/task_1/lib/python3.10/site-packages/task_1-0.0.0-py3.10.egg-info' (and everything under it)
Copying ../../build/task_1/task_1.egg-info to /ros2_ws/install/task_1/lib/python3.10/site-packages/task_1-0.0.0-py3.10.egg-info
running install_scripts
Installing listener script to /ros2_ws/install/task_1/lib/task_1
Installing talker script to /ros2_ws/install/task_1/lib/task_1
writing list of installed files to '/ros2_ws/build/task_1/install.log'
