-- The C compiler identification is GNU 11.4.0
-- The CXX compiler identification is GNU 11.4.0
-- Detecting C compiler ABI info
-- Detecting C compiler ABI info - done
-- Check for working C compiler: /usr/bin/cc - skipped
-- Detecting C compile features
-- Detecting C compile features - done
-- Detecting CXX compiler ABI info
-- Detecting CXX compiler ABI info - done
-- Check for working CXX compiler: /usr/bin/c++ - skipped
-- Detecting CXX compile features
-- Detecting CXX compile features - done
-- Found ament_cmake: 1.3.12 (/opt/ros/humble/share/ament_cmake/cmake)
-- Found Python3: /usr/bin/python3 (found version "3.10.12") found components: Interpreter 
-- Found rosidl_default_generators: 1.2.0 (/opt/ros/humble/share/rosidl_default_generators/cmake)
-- Using all available rosidl_typesupport_c: rosidl_typesupport_fastrtps_c;rosidl_typesupport_introspection_c
-- Found rosidl_adapter: 3.1.7 (/opt/ros/humble/share/rosidl_adapter/cmake)
-- Using all available rosidl_typesupport_cpp: rosidl_typesupport_fastrtps_cpp;rosidl_typesupport_introspection_cpp
-- Found builtin_interfaces: 1.2.2 (/opt/ros/humble/share/builtin_interfaces/cmake)
-- Found geometry_msgs: 4.9.0 (/opt/ros/humble/share/geometry_msgs/cmake)
-- Found ament_cmake_ros: 0.10.0 (/opt/ros/humble/share/ament_cmake_ros/cmake)
-- Using all available rosidl_typesupport_c: rosidl_typesupport_fastrtps_c;rosidl_typesupport_introspection_c
-- Using all available rosidl_typesupport_cpp: rosidl_typesupport_fastrtps_cpp;rosidl_typesupport_introspection_cpp
-- Found PythonInterp: /usr/bin/python3 (found suitable version "3.10.12", minimum required is "3.6") 
-- Found python_cmake_module: 0.10.0 (/opt/ros/humble/share/python_cmake_module/cmake)
-- Found PythonLibs: /usr/lib/aarch64-linux-gnu/libpython3.10.so (found suitable version "3.10.12", minimum required is "3.5") 
-- Using PYTHON_EXECUTABLE: /usr/bin/python3
-- Using PYTHON_INCLUDE_DIRS: /usr/include/python3.10
-- Using PYTHON_LIBRARIES: /usr/lib/aarch64-linux-gnu/libpython3.10.so
-- Found PythonExtra: .so  
-- Configuring done
-- Generating done
[33mCMake Warning:
  Manually-specified variables were not used by the project:

    CATKIN_INSTALL_INTO_PREFIX_ROOT

[0m
-- Build files have been written to: /ros2_ws/build/task_2_interfaces
[  1%] [34m[1mGenerating C code for ROS interfaces[0m
[  3%] [34m[1mGenerating C++ code for ROS interfaces[0m
[  3%] Built target ament_cmake_python_copy_task_2_interfaces
running egg_info
creating task_2_interfaces.egg-info
writing task_2_interfaces.egg-info/PKG-INFO
writing dependency_links to task_2_interfaces.egg-info/dependency_links.txt
writing top-level names to task_2_interfaces.egg-info/top_level.txt
writing manifest file 'task_2_interfaces.egg-info/SOURCES.txt'
reading manifest file 'task_2_interfaces.egg-info/SOURCES.txt'
writing manifest file 'task_2_interfaces.egg-info/SOURCES.txt'
[  3%] Built target ament_cmake_python_build_task_2_interfaces_egg
[  3%] Built target task_2_interfaces__cpp
[  7%] [34m[1mGenerating C++ type support for eProsima Fast-RTPS[0m
[  7%] [34m[1mGenerating C++ introspection for ROS interfaces[0m
[  7%] [34m[1mGenerating C++ type support dispatch for ROS interfaces[0m
[ 12%] [32mBuilding C object CMakeFiles/task_2_interfaces__rosidl_generator_c.dir/rosidl_generator_c/task_2_interfaces/msg/detail/joint_data__functions.c.o[0m
[ 12%] [32mBuilding C object CMakeFiles/task_2_interfaces__rosidl_generator_c.dir/rosidl_generator_c/task_2_interfaces/msg/detail/num__functions.c.o[0m
[ 14%] [32mBuilding C object CMakeFiles/task_2_interfaces__rosidl_generator_c.dir/rosidl_generator_c/task_2_interfaces/srv/detail/joint_state__functions.c.o[0m
[ 15%] [32mBuilding C object CMakeFiles/task_2_interfaces__rosidl_generator_c.dir/rosidl_generator_c/task_2_interfaces/msg/detail/sphere__functions.c.o[0m
[ 15%] [32mBuilding C object CMakeFiles/task_2_interfaces__rosidl_generator_c.dir/rosidl_generator_c/task_2_interfaces/srv/detail/add_three_ints__functions.c.o[0m
[ 17%] [32m[1mLinking C shared library libtask_2_interfaces__rosidl_generator_c.so[0m
[ 17%] Built target task_2_interfaces__rosidl_generator_c
[ 22%] [32mBuilding CXX object CMakeFiles/task_2_interfaces__rosidl_typesupport_cpp.dir/rosidl_typesupport_cpp/task_2_interfaces/msg/joint_data__type_support.cpp.o[0m
[ 23%] [32mBuilding CXX object CMakeFiles/task_2_interfaces__rosidl_typesupport_cpp.dir/rosidl_typesupport_cpp/task_2_interfaces/msg/sphere__type_support.cpp.o[0m
[ 23%] [32mBuilding CXX object CMakeFiles/task_2_interfaces__rosidl_typesupport_cpp.dir/rosidl_typesupport_cpp/task_2_interfaces/srv/joint_state__type_support.cpp.o[0m
[ 23%] [32mBuilding CXX object CMakeFiles/task_2_interfaces__rosidl_typesupport_cpp.dir/rosidl_typesupport_cpp/task_2_interfaces/msg/num__type_support.cpp.o[0m
[ 25%] [34m[1mGenerating C introspection for ROS interfaces[0m
[ 26%] [34m[1mGenerating C type support for eProsima Fast-RTPS[0m
[ 28%] [32mBuilding CXX object CMakeFiles/task_2_interfaces__rosidl_typesupport_introspection_cpp.dir/rosidl_typesupport_introspection_cpp/task_2_interfaces/msg/detail/joint_data__type_support.cpp.o[0m
[ 30%] [32mBuilding CXX object CMakeFiles/task_2_interfaces__rosidl_typesupport_fastrtps_cpp.dir/rosidl_typesupport_fastrtps_cpp/task_2_interfaces/msg/detail/dds_fastrtps/joint_data__type_support.cpp.o[0m
[ 33%] [32mBuilding CXX object CMakeFiles/task_2_interfaces__rosidl_typesupport_cpp.dir/rosidl_typesupport_cpp/task_2_interfaces/srv/add_three_ints__type_support.cpp.o[0m
[ 34%] [32mBuilding CXX object CMakeFiles/task_2_interfaces__rosidl_typesupport_fastrtps_cpp.dir/rosidl_typesupport_fastrtps_cpp/task_2_interfaces/srv/detail/dds_fastrtps/joint_state__type_support.cpp.o[0m
[ 34%] [32mBuilding CXX object CMakeFiles/task_2_interfaces__rosidl_typesupport_fastrtps_cpp.dir/rosidl_typesupport_fastrtps_cpp/task_2_interfaces/msg/detail/dds_fastrtps/num__type_support.cpp.o[0m
[ 36%] [34m[1mGenerating C type support dispatch for ROS interfaces[0m
[ 38%] [32mBuilding CXX object CMakeFiles/task_2_interfaces__rosidl_typesupport_fastrtps_c.dir/rosidl_typesupport_fastrtps_c/task_2_interfaces/msg/detail/joint_data__type_support_c.cpp.o[0m
[ 39%] [32mBuilding CXX object CMakeFiles/task_2_interfaces__rosidl_typesupport_introspection_cpp.dir/rosidl_typesupport_introspection_cpp/task_2_interfaces/srv/detail/joint_state__type_support.cpp.o[0m
[ 41%] [32mBuilding C object CMakeFiles/task_2_interfaces__rosidl_typesupport_introspection_c.dir/rosidl_typesupport_introspection_c/task_2_interfaces/msg/detail/joint_data__type_support.c.o[0m
[ 42%] [32mBuilding CXX object CMakeFiles/task_2_interfaces__rosidl_typesupport_fastrtps_cpp.dir/rosidl_typesupport_fastrtps_cpp/task_2_interfaces/msg/detail/dds_fastrtps/sphere__type_support.cpp.o[0m
[ 44%] [32mBuilding C object CMakeFiles/task_2_interfaces__rosidl_typesupport_introspection_c.dir/rosidl_typesupport_introspection_c/task_2_interfaces/srv/detail/joint_state__type_support.c.o[0m
[ 46%] [32m[1mLinking CXX shared library libtask_2_interfaces__rosidl_typesupport_cpp.so[0m
[ 47%] [32mBuilding C object CMakeFiles/task_2_interfaces__rosidl_typesupport_introspection_c.dir/rosidl_typesupport_introspection_c/task_2_interfaces/msg/detail/num__type_support.c.o[0m
[ 49%] [32mBuilding CXX object CMakeFiles/task_2_interfaces__rosidl_typesupport_c.dir/rosidl_typesupport_c/task_2_interfaces/msg/joint_data__type_support.cpp.o[0m
[ 49%] Built target task_2_interfaces__rosidl_typesupport_cpp
[ 50%] [32mBuilding C object CMakeFiles/task_2_interfaces__rosidl_typesupport_introspection_c.dir/rosidl_typesupport_introspection_c/task_2_interfaces/msg/detail/sphere__type_support.c.o[0m
[ 53%] [32mBuilding CXX object CMakeFiles/task_2_interfaces__rosidl_typesupport_c.dir/rosidl_typesupport_c/task_2_interfaces/srv/joint_state__type_support.cpp.o[0m
[ 53%] [32mBuilding CXX object CMakeFiles/task_2_interfaces__rosidl_typesupport_fastrtps_cpp.dir/rosidl_typesupport_fastrtps_cpp/task_2_interfaces/srv/detail/dds_fastrtps/add_three_ints__type_support.cpp.o[0m
[ 55%] [32mBuilding CXX object CMakeFiles/task_2_interfaces__rosidl_typesupport_fastrtps_c.dir/rosidl_typesupport_fastrtps_c/task_2_interfaces/srv/detail/joint_state__type_support_c.cpp.o[0m
[ 57%] [32mBuilding CXX object CMakeFiles/task_2_interfaces__rosidl_typesupport_fastrtps_c.dir/rosidl_typesupport_fastrtps_c/task_2_interfaces/msg/detail/num__type_support_c.cpp.o[0m
[ 61%] [32mBuilding CXX object CMakeFiles/task_2_interfaces__rosidl_typesupport_c.dir/rosidl_typesupport_c/task_2_interfaces/msg/num__type_support.cpp.o[0m
[ 61%] [32mBuilding CXX object CMakeFiles/task_2_interfaces__rosidl_typesupport_fastrtps_c.dir/rosidl_typesupport_fastrtps_c/task_2_interfaces/msg/detail/sphere__type_support_c.cpp.o[0m
[ 61%] [32mBuilding C object CMakeFiles/task_2_interfaces__rosidl_typesupport_introspection_c.dir/rosidl_typesupport_introspection_c/task_2_interfaces/srv/detail/add_three_ints__type_support.c.o[0m
[ 63%] [32mBuilding CXX object CMakeFiles/task_2_interfaces__rosidl_typesupport_introspection_cpp.dir/rosidl_typesupport_introspection_cpp/task_2_interfaces/msg/detail/num__type_support.cpp.o[0m
[ 65%] [32mBuilding CXX object CMakeFiles/task_2_interfaces__rosidl_typesupport_c.dir/rosidl_typesupport_c/task_2_interfaces/msg/sphere__type_support.cpp.o[0m
[ 68%] [32m[1mLinking C shared library libtask_2_interfaces__rosidl_typesupport_introspection_c.so[0m
[ 68%] [32mBuilding CXX object CMakeFiles/task_2_interfaces__rosidl_typesupport_c.dir/rosidl_typesupport_c/task_2_interfaces/srv/add_three_ints__type_support.cpp.o[0m
[ 69%] [32mBuilding CXX object CMakeFiles/task_2_interfaces__rosidl_typesupport_introspection_cpp.dir/rosidl_typesupport_introspection_cpp/task_2_interfaces/msg/detail/sphere__type_support.cpp.o[0m
[ 71%] [32m[1mLinking CXX shared library libtask_2_interfaces__rosidl_typesupport_c.so[0m
[ 71%] Built target task_2_interfaces__rosidl_typesupport_introspection_c
[ 73%] [32mBuilding CXX object CMakeFiles/task_2_interfaces__rosidl_typesupport_introspection_cpp.dir/rosidl_typesupport_introspection_cpp/task_2_interfaces/srv/detail/add_three_ints__type_support.cpp.o[0m
[ 73%] Built target task_2_interfaces__rosidl_typesupport_c
[ 74%] [32mBuilding CXX object CMakeFiles/task_2_interfaces__rosidl_typesupport_fastrtps_c.dir/rosidl_typesupport_fastrtps_c/task_2_interfaces/srv/detail/add_three_ints__type_support_c.cpp.o[0m
[ 76%] [32m[1mLinking CXX shared library libtask_2_interfaces__rosidl_typesupport_fastrtps_cpp.so[0m
[ 76%] Built target task_2_interfaces__rosidl_typesupport_fastrtps_cpp
[ 77%] [32m[1mLinking CXX shared library libtask_2_interfaces__rosidl_typesupport_introspection_cpp.so[0m
[ 79%] [32m[1mLinking CXX shared library libtask_2_interfaces__rosidl_typesupport_fastrtps_c.so[0m
[ 79%] Built target task_2_interfaces__rosidl_typesupport_introspection_cpp
[ 79%] Built target task_2_interfaces__rosidl_typesupport_fastrtps_c
[ 79%] Built target task_2_interfaces
[ 80%] [34m[1mGenerating Python code for ROS interfaces[0m
[ 80%] Built target task_2_interfaces__py
[ 85%] [32mBuilding C object CMakeFiles/task_2_interfaces__rosidl_generator_py.dir/rosidl_generator_py/task_2_interfaces/msg/_joint_data_s.c.o[0m
[ 85%] [32mBuilding C object CMakeFiles/task_2_interfaces__rosidl_generator_py.dir/rosidl_generator_py/task_2_interfaces/msg/_num_s.c.o[0m
[ 87%] [32mBuilding C object CMakeFiles/task_2_interfaces__rosidl_generator_py.dir/rosidl_generator_py/task_2_interfaces/srv/_joint_state_s.c.o[0m
[ 88%] [32mBuilding C object CMakeFiles/task_2_interfaces__rosidl_generator_py.dir/rosidl_generator_py/task_2_interfaces/msg/_sphere_s.c.o[0m
[ 88%] [32mBuilding C object CMakeFiles/task_2_interfaces__rosidl_generator_py.dir/rosidl_generator_py/task_2_interfaces/srv/_add_three_ints_s.c.o[0m
[ 90%] [32m[1mLinking C shared library rosidl_generator_py/task_2_interfaces/libtask_2_interfaces__rosidl_generator_py.so[0m
[ 90%] Built target task_2_interfaces__rosidl_generator_py
[ 95%] [32mBuilding C object CMakeFiles/task_2_interfaces__rosidl_typesupport_fastrtps_c__pyext.dir/rosidl_generator_py/task_2_interfaces/_task_2_interfaces_s.ep.rosidl_typesupport_fastrtps_c.c.o[0m
[ 95%] [32mBuilding C object CMakeFiles/task_2_interfaces__rosidl_typesupport_c__pyext.dir/rosidl_generator_py/task_2_interfaces/_task_2_interfaces_s.ep.rosidl_typesupport_c.c.o[0m
[ 95%] [32mBuilding C object CMakeFiles/task_2_interfaces__rosidl_typesupport_introspection_c__pyext.dir/rosidl_generator_py/task_2_interfaces/_task_2_interfaces_s.ep.rosidl_typesupport_introspection_c.c.o[0m
[ 98%] [32m[1mLinking C shared library rosidl_generator_py/task_2_interfaces/task_2_interfaces_s__rosidl_typesupport_introspection_c.cpython-310-aarch64-linux-gnu.so[0m
[ 98%] [32m[1mLinking C shared library rosidl_generator_py/task_2_interfaces/task_2_interfaces_s__rosidl_typesupport_c.cpython-310-aarch64-linux-gnu.so[0m
[100%] [32m[1mLinking C shared library rosidl_generator_py/task_2_interfaces/task_2_interfaces_s__rosidl_typesupport_fastrtps_c.cpython-310-aarch64-linux-gnu.so[0m
[100%] Built target task_2_interfaces__rosidl_typesupport_c__pyext
[100%] Built target task_2_interfaces__rosidl_typesupport_introspection_c__pyext
[100%] Built target task_2_interfaces__rosidl_typesupport_fastrtps_c__pyext
-- Install configuration: ""
-- Installing: /ros2_ws/install/task_2_interfaces/share/ament_index/resource_index/rosidl_interfaces/task_2_interfaces
-- Installing: /ros2_ws/install/task_2_interfaces/include/task_2_interfaces/task_2_interfaces
-- Installing: /ros2_ws/install/task_2_interfaces/include/task_2_interfaces/task_2_interfaces/msg
-- Installing: /ros2_ws/install/task_2_interfaces/include/task_2_interfaces/task_2_interfaces/msg/rosidl_generator_c__visibility_control.h
-- Installing: /ros2_ws/install/task_2_interfaces/include/task_2_interfaces/task_2_interfaces/msg/joint_data.h
-- Installing: /ros2_ws/install/task_2_interfaces/include/task_2_interfaces/task_2_interfaces/msg/sphere.h
-- Installing: /ros2_ws/install/task_2_interfaces/include/task_2_interfaces/task_2_interfaces/msg/num.h
-- Installing: /ros2_ws/install/task_2_interfaces/include/task_2_interfaces/task_2_interfaces/msg/detail
-- Installing: /ros2_ws/install/task_2_interfaces/include/task_2_interfaces/task_2_interfaces/msg/detail/num__functions.c
-- Installing: /ros2_ws/install/task_2_interfaces/include/task_2_interfaces/task_2_interfaces/msg/detail/sphere__type_support.h
-- Installing: /ros2_ws/install/task_2_interfaces/include/task_2_interfaces/task_2_interfaces/msg/detail/joint_data__functions.c
-- Installing: /ros2_ws/install/task_2_interfaces/include/task_2_interfaces/task_2_interfaces/msg/detail/num__struct.h
-- Installing: /ros2_ws/install/task_2_interfaces/include/task_2_interfaces/task_2_interfaces/msg/detail/joint_data__struct.h
-- Installing: /ros2_ws/install/task_2_interfaces/include/task_2_interfaces/task_2_interfaces/msg/detail/sphere__functions.c
-- Installing: /ros2_ws/install/task_2_interfaces/include/task_2_interfaces/task_2_interfaces/msg/detail/sphere__struct.h
-- Installing: /ros2_ws/install/task_2_interfaces/include/task_2_interfaces/task_2_interfaces/msg/detail/num__functions.h
-- Installing: /ros2_ws/install/task_2_interfaces/include/task_2_interfaces/task_2_interfaces/msg/detail/num__type_support.h
-- Installing: /ros2_ws/install/task_2_interfaces/include/task_2_interfaces/task_2_interfaces/msg/detail/joint_data__functions.h
-- Installing: /ros2_ws/install/task_2_interfaces/include/task_2_interfaces/task_2_interfaces/msg/detail/joint_data__type_support.h
-- Installing: /ros2_ws/install/task_2_interfaces/include/task_2_interfaces/task_2_interfaces/msg/detail/sphere__functions.h
-- Installing: /ros2_ws/install/task_2_interfaces/include/task_2_interfaces/task_2_interfaces/srv
-- Installing: /ros2_ws/install/task_2_interfaces/include/task_2_interfaces/task_2_interfaces/srv/add_three_ints.h
-- Installing: /ros2_ws/install/task_2_interfaces/include/task_2_interfaces/task_2_interfaces/srv/detail
-- Installing: /ros2_ws/install/task_2_interfaces/include/task_2_interfaces/task_2_interfaces/srv/detail/add_three_ints__type_support.h
-- Installing: /ros2_ws/install/task_2_interfaces/include/task_2_interfaces/task_2_interfaces/srv/detail/add_three_ints__struct.h
-- Installing: /ros2_ws/install/task_2_interfaces/include/task_2_interfaces/task_2_interfaces/srv/detail/joint_state__type_support.h
-- Installing: /ros2_ws/install/task_2_interfaces/include/task_2_interfaces/task_2_interfaces/srv/detail/add_three_ints__functions.c
-- Installing: /ros2_ws/install/task_2_interfaces/include/task_2_interfaces/task_2_interfaces/srv/detail/joint_state__functions.h
-- Installing: /ros2_ws/install/task_2_interfaces/include/task_2_interfaces/task_2_interfaces/srv/detail/joint_state__struct.h
-- Installing: /ros2_ws/install/task_2_interfaces/include/task_2_interfaces/task_2_interfaces/srv/detail/add_three_ints__functions.h
-- Installing: /ros2_ws/install/task_2_interfaces/include/task_2_interfaces/task_2_interfaces/srv/detail/joint_state__functions.c
-- Installing: /ros2_ws/install/task_2_interfaces/include/task_2_interfaces/task_2_interfaces/srv/joint_state.h
-- Installing: /ros2_ws/install/task_2_interfaces/share/task_2_interfaces/environment/library_path.sh
-- Installing: /ros2_ws/install/task_2_interfaces/share/task_2_interfaces/environment/library_path.dsv
-- Installing: /ros2_ws/install/task_2_interfaces/lib/libtask_2_interfaces__rosidl_generator_c.so
-- Set runtime path of "/ros2_ws/install/task_2_interfaces/lib/libtask_2_interfaces__rosidl_generator_c.so" to ""
-- Up-to-date: /ros2_ws/install/task_2_interfaces/include/task_2_interfaces/task_2_interfaces
-- Up-to-date: /ros2_ws/install/task_2_interfaces/include/task_2_interfaces/task_2_interfaces/msg
-- Up-to-date: /ros2_ws/install/task_2_interfaces/include/task_2_interfaces/task_2_interfaces/msg/detail
-- Installing: /ros2_ws/install/task_2_interfaces/include/task_2_interfaces/task_2_interfaces/msg/detail/sphere__rosidl_typesupport_fastrtps_c.h
-- Installing: /ros2_ws/install/task_2_interfaces/include/task_2_interfaces/task_2_interfaces/msg/detail/num__rosidl_typesupport_fastrtps_c.h
-- Installing: /ros2_ws/install/task_2_interfaces/include/task_2_interfaces/task_2_interfaces/msg/detail/joint_data__rosidl_typesupport_fastrtps_c.h
-- Installing: /ros2_ws/install/task_2_interfaces/include/task_2_interfaces/task_2_interfaces/msg/rosidl_typesupport_fastrtps_c__visibility_control.h
-- Up-to-date: /ros2_ws/install/task_2_interfaces/include/task_2_interfaces/task_2_interfaces/srv
-- Up-to-date: /ros2_ws/install/task_2_interfaces/include/task_2_interfaces/task_2_interfaces/srv/detail
-- Installing: /ros2_ws/install/task_2_interfaces/include/task_2_interfaces/task_2_interfaces/srv/detail/add_three_ints__rosidl_typesupport_fastrtps_c.h
-- Installing: /ros2_ws/install/task_2_interfaces/include/task_2_interfaces/task_2_interfaces/srv/detail/joint_state__rosidl_typesupport_fastrtps_c.h
-- Installing: /ros2_ws/install/task_2_interfaces/lib/libtask_2_interfaces__rosidl_typesupport_fastrtps_c.so
-- Set runtime path of "/ros2_ws/install/task_2_interfaces/lib/libtask_2_interfaces__rosidl_typesupport_fastrtps_c.so" to ""
-- Up-to-date: /ros2_ws/install/task_2_interfaces/include/task_2_interfaces/task_2_interfaces
-- Up-to-date: /ros2_ws/install/task_2_interfaces/include/task_2_interfaces/task_2_interfaces/msg
-- Up-to-date: /ros2_ws/install/task_2_interfaces/include/task_2_interfaces/task_2_interfaces/msg/detail
-- Installing: /ros2_ws/install/task_2_interfaces/include/task_2_interfaces/task_2_interfaces/msg/detail/num__type_support.c
-- Installing: /ros2_ws/install/task_2_interfaces/include/task_2_interfaces/task_2_interfaces/msg/detail/num__rosidl_typesupport_introspection_c.h
-- Installing: /ros2_ws/install/task_2_interfaces/include/task_2_interfaces/task_2_interfaces/msg/detail/sphere__rosidl_typesupport_introspection_c.h
-- Installing: /ros2_ws/install/task_2_interfaces/include/task_2_interfaces/task_2_interfaces/msg/detail/joint_data__type_support.c
-- Installing: /ros2_ws/install/task_2_interfaces/include/task_2_interfaces/task_2_interfaces/msg/detail/sphere__type_support.c
-- Installing: /ros2_ws/install/task_2_interfaces/include/task_2_interfaces/task_2_interfaces/msg/detail/joint_data__rosidl_typesupport_introspection_c.h
-- Installing: /ros2_ws/install/task_2_interfaces/include/task_2_interfaces/task_2_interfaces/msg/rosidl_typesupport_introspection_c__visibility_control.h
-- Up-to-date: /ros2_ws/install/task_2_interfaces/include/task_2_interfaces/task_2_interfaces/srv
-- Up-to-date: /ros2_ws/install/task_2_interfaces/include/task_2_interfaces/task_2_interfaces/srv/detail
-- Installing: /ros2_ws/install/task_2_interfaces/include/task_2_interfaces/task_2_interfaces/srv/detail/joint_state__rosidl_typesupport_introspection_c.h
-- Installing: /ros2_ws/install/task_2_interfaces/include/task_2_interfaces/task_2_interfaces/srv/detail/joint_state__type_support.c
-- Installing: /ros2_ws/install/task_2_interfaces/include/task_2_interfaces/task_2_interfaces/srv/detail/add_three_ints__type_support.c
-- Installing: /ros2_ws/install/task_2_interfaces/include/task_2_interfaces/task_2_interfaces/srv/detail/add_three_ints__rosidl_typesupport_introspection_c.h
-- Installing: /ros2_ws/install/task_2_interfaces/lib/libtask_2_interfaces__rosidl_typesupport_introspection_c.so
-- Set runtime path of "/ros2_ws/install/task_2_interfaces/lib/libtask_2_interfaces__rosidl_typesupport_introspection_c.so" to ""
-- Installing: /ros2_ws/install/task_2_interfaces/lib/libtask_2_interfaces__rosidl_typesupport_c.so
-- Set runtime path of "/ros2_ws/install/task_2_interfaces/lib/libtask_2_interfaces__rosidl_typesupport_c.so" to ""
-- Up-to-date: /ros2_ws/install/task_2_interfaces/include/task_2_interfaces/task_2_interfaces
-- Up-to-date: /ros2_ws/install/task_2_interfaces/include/task_2_interfaces/task_2_interfaces/msg
-- Installing: /ros2_ws/install/task_2_interfaces/include/task_2_interfaces/task_2_interfaces/msg/sphere.hpp
-- Installing: /ros2_ws/install/task_2_interfaces/include/task_2_interfaces/task_2_interfaces/msg/joint_data.hpp
-- Up-to-date: /ros2_ws/install/task_2_interfaces/include/task_2_interfaces/task_2_interfaces/msg/detail
-- Installing: /ros2_ws/install/task_2_interfaces/include/task_2_interfaces/task_2_interfaces/msg/detail/num__type_support.hpp
-- Installing: /ros2_ws/install/task_2_interfaces/include/task_2_interfaces/task_2_interfaces/msg/detail/sphere__builder.hpp
-- Installing: /ros2_ws/install/task_2_interfaces/include/task_2_interfaces/task_2_interfaces/msg/detail/sphere__type_support.hpp
-- Installing: /ros2_ws/install/task_2_interfaces/include/task_2_interfaces/task_2_interfaces/msg/detail/sphere__struct.hpp
-- Installing: /ros2_ws/install/task_2_interfaces/include/task_2_interfaces/task_2_interfaces/msg/detail/joint_data__traits.hpp
-- Installing: /ros2_ws/install/task_2_interfaces/include/task_2_interfaces/task_2_interfaces/msg/detail/joint_data__builder.hpp
-- Installing: /ros2_ws/install/task_2_interfaces/include/task_2_interfaces/task_2_interfaces/msg/detail/num__traits.hpp
-- Installing: /ros2_ws/install/task_2_interfaces/include/task_2_interfaces/task_2_interfaces/msg/detail/num__builder.hpp
-- Installing: /ros2_ws/install/task_2_interfaces/include/task_2_interfaces/task_2_interfaces/msg/detail/sphere__traits.hpp
-- Installing: /ros2_ws/install/task_2_interfaces/include/task_2_interfaces/task_2_interfaces/msg/detail/num__struct.hpp
-- Installing: /ros2_ws/install/task_2_interfaces/include/task_2_interfaces/task_2_interfaces/msg/detail/joint_data__type_support.hpp
-- Installing: /ros2_ws/install/task_2_interfaces/include/task_2_interfaces/task_2_interfaces/msg/detail/joint_data__struct.hpp
-- Installing: /ros2_ws/install/task_2_interfaces/include/task_2_interfaces/task_2_interfaces/msg/rosidl_generator_cpp__visibility_control.hpp
-- Installing: /ros2_ws/install/task_2_interfaces/include/task_2_interfaces/task_2_interfaces/msg/num.hpp
-- Up-to-date: /ros2_ws/install/task_2_interfaces/include/task_2_interfaces/task_2_interfaces/srv
-- Installing: /ros2_ws/install/task_2_interfaces/include/task_2_interfaces/task_2_interfaces/srv/add_three_ints.hpp
-- Up-to-date: /ros2_ws/install/task_2_interfaces/include/task_2_interfaces/task_2_interfaces/srv/detail
-- Installing: /ros2_ws/install/task_2_interfaces/include/task_2_interfaces/task_2_interfaces/srv/detail/joint_state__struct.hpp
-- Installing: /ros2_ws/install/task_2_interfaces/include/task_2_interfaces/task_2_interfaces/srv/detail/add_three_ints__struct.hpp
-- Installing: /ros2_ws/install/task_2_interfaces/include/task_2_interfaces/task_2_interfaces/srv/detail/add_three_ints__builder.hpp
-- Installing: /ros2_ws/install/task_2_interfaces/include/task_2_interfaces/task_2_interfaces/srv/detail/joint_state__type_support.hpp
-- Installing: /ros2_ws/install/task_2_interfaces/include/task_2_interfaces/task_2_interfaces/srv/detail/joint_state__builder.hpp
-- Installing: /ros2_ws/install/task_2_interfaces/include/task_2_interfaces/task_2_interfaces/srv/detail/joint_state__traits.hpp
-- Installing: /ros2_ws/install/task_2_interfaces/include/task_2_interfaces/task_2_interfaces/srv/detail/add_three_ints__traits.hpp
-- Installing: /ros2_ws/install/task_2_interfaces/include/task_2_interfaces/task_2_interfaces/srv/detail/add_three_ints__type_support.hpp
-- Installing: /ros2_ws/install/task_2_interfaces/include/task_2_interfaces/task_2_interfaces/srv/joint_state.hpp
-- Up-to-date: /ros2_ws/install/task_2_interfaces/include/task_2_interfaces/task_2_interfaces
-- Up-to-date: /ros2_ws/install/task_2_interfaces/include/task_2_interfaces/task_2_interfaces/msg
-- Installing: /ros2_ws/install/task_2_interfaces/include/task_2_interfaces/task_2_interfaces/msg/rosidl_typesupport_fastrtps_cpp__visibility_control.h
-- Up-to-date: /ros2_ws/install/task_2_interfaces/include/task_2_interfaces/task_2_interfaces/msg/detail
-- Installing: /ros2_ws/install/task_2_interfaces/include/task_2_interfaces/task_2_interfaces/msg/detail/joint_data__rosidl_typesupport_fastrtps_cpp.hpp
-- Installing: /ros2_ws/install/task_2_interfaces/include/task_2_interfaces/task_2_interfaces/msg/detail/num__rosidl_typesupport_fastrtps_cpp.hpp
-- Installing: /ros2_ws/install/task_2_interfaces/include/task_2_interfaces/task_2_interfaces/msg/detail/dds_fastrtps
-- Installing: /ros2_ws/install/task_2_interfaces/include/task_2_interfaces/task_2_interfaces/msg/detail/sphere__rosidl_typesupport_fastrtps_cpp.hpp
-- Up-to-date: /ros2_ws/install/task_2_interfaces/include/task_2_interfaces/task_2_interfaces/srv
-- Up-to-date: /ros2_ws/install/task_2_interfaces/include/task_2_interfaces/task_2_interfaces/srv/detail
-- Installing: /ros2_ws/install/task_2_interfaces/include/task_2_interfaces/task_2_interfaces/srv/detail/add_three_ints__rosidl_typesupport_fastrtps_cpp.hpp
-- Installing: /ros2_ws/install/task_2_interfaces/include/task_2_interfaces/task_2_interfaces/srv/detail/dds_fastrtps
-- Installing: /ros2_ws/install/task_2_interfaces/include/task_2_interfaces/task_2_interfaces/srv/detail/joint_state__rosidl_typesupport_fastrtps_cpp.hpp
-- Installing: /ros2_ws/install/task_2_interfaces/lib/libtask_2_interfaces__rosidl_typesupport_fastrtps_cpp.so
-- Set runtime path of "/ros2_ws/install/task_2_interfaces/lib/libtask_2_interfaces__rosidl_typesupport_fastrtps_cpp.so" to ""
-- Up-to-date: /ros2_ws/install/task_2_interfaces/include/task_2_interfaces/task_2_interfaces
-- Up-to-date: /ros2_ws/install/task_2_interfaces/include/task_2_interfaces/task_2_interfaces/msg
-- Up-to-date: /ros2_ws/install/task_2_interfaces/include/task_2_interfaces/task_2_interfaces/msg/detail
-- Installing: /ros2_ws/install/task_2_interfaces/include/task_2_interfaces/task_2_interfaces/msg/detail/num__rosidl_typesupport_introspection_cpp.hpp
-- Installing: /ros2_ws/install/task_2_interfaces/include/task_2_interfaces/task_2_interfaces/msg/detail/joint_data__type_support.cpp
-- Installing: /ros2_ws/install/task_2_interfaces/include/task_2_interfaces/task_2_interfaces/msg/detail/sphere__rosidl_typesupport_introspection_cpp.hpp
-- Installing: /ros2_ws/install/task_2_interfaces/include/task_2_interfaces/task_2_interfaces/msg/detail/joint_data__rosidl_typesupport_introspection_cpp.hpp
-- Installing: /ros2_ws/install/task_2_interfaces/include/task_2_interfaces/task_2_interfaces/msg/detail/num__type_support.cpp
-- Installing: /ros2_ws/install/task_2_interfaces/include/task_2_interfaces/task_2_interfaces/msg/detail/sphere__type_support.cpp
-- Up-to-date: /ros2_ws/install/task_2_interfaces/include/task_2_interfaces/task_2_interfaces/srv
-- Up-to-date: /ros2_ws/install/task_2_interfaces/include/task_2_interfaces/task_2_interfaces/srv/detail
-- Installing: /ros2_ws/install/task_2_interfaces/include/task_2_interfaces/task_2_interfaces/srv/detail/add_three_ints__type_support.cpp
-- Installing: /ros2_ws/install/task_2_interfaces/include/task_2_interfaces/task_2_interfaces/srv/detail/joint_state__type_support.cpp
-- Installing: /ros2_ws/install/task_2_interfaces/include/task_2_interfaces/task_2_interfaces/srv/detail/add_three_ints__rosidl_typesupport_introspection_cpp.hpp
-- Installing: /ros2_ws/install/task_2_interfaces/include/task_2_interfaces/task_2_interfaces/srv/detail/joint_state__rosidl_typesupport_introspection_cpp.hpp
-- Installing: /ros2_ws/install/task_2_interfaces/lib/libtask_2_interfaces__rosidl_typesupport_introspection_cpp.so
-- Set runtime path of "/ros2_ws/install/task_2_interfaces/lib/libtask_2_interfaces__rosidl_typesupport_introspection_cpp.so" to ""
-- Installing: /ros2_ws/install/task_2_interfaces/lib/libtask_2_interfaces__rosidl_typesupport_cpp.so
-- Set runtime path of "/ros2_ws/install/task_2_interfaces/lib/libtask_2_interfaces__rosidl_typesupport_cpp.so" to ""
-- Installing: /ros2_ws/install/task_2_interfaces/share/task_2_interfaces/environment/pythonpath.sh
-- Installing: /ros2_ws/install/task_2_interfaces/share/task_2_interfaces/environment/pythonpath.dsv
-- Installing: /ros2_ws/install/task_2_interfaces/local/lib/python3.10/dist-packages/task_2_interfaces-0.0.0-py3.10.egg-info
-- Installing: /ros2_ws/install/task_2_interfaces/local/lib/python3.10/dist-packages/task_2_interfaces-0.0.0-py3.10.egg-info/PKG-INFO
-- Installing: /ros2_ws/install/task_2_interfaces/local/lib/python3.10/dist-packages/task_2_interfaces-0.0.0-py3.10.egg-info/SOURCES.txt
-- Installing: /ros2_ws/install/task_2_interfaces/local/lib/python3.10/dist-packages/task_2_interfaces-0.0.0-py3.10.egg-info/top_level.txt
-- Installing: /ros2_ws/install/task_2_interfaces/local/lib/python3.10/dist-packages/task_2_interfaces-0.0.0-py3.10.egg-info/dependency_links.txt
-- Installing: /ros2_ws/install/task_2_interfaces/local/lib/python3.10/dist-packages/task_2_interfaces
-- Installing: /ros2_ws/install/task_2_interfaces/local/lib/python3.10/dist-packages/task_2_interfaces/_task_2_interfaces_s.ep.rosidl_typesupport_fastrtps_c.c
-- Installing: /ros2_ws/install/task_2_interfaces/local/lib/python3.10/dist-packages/task_2_interfaces/task_2_interfaces_s__rosidl_typesupport_introspection_c.cpython-310-aarch64-linux-gnu.so
-- Installing: /ros2_ws/install/task_2_interfaces/local/lib/python3.10/dist-packages/task_2_interfaces/task_2_interfaces_s__rosidl_typesupport_fastrtps_c.cpython-310-aarch64-linux-gnu.so
-- Installing: /ros2_ws/install/task_2_interfaces/local/lib/python3.10/dist-packages/task_2_interfaces/msg
-- Installing: /ros2_ws/install/task_2_interfaces/local/lib/python3.10/dist-packages/task_2_interfaces/msg/_sphere.py
-- Installing: /ros2_ws/install/task_2_interfaces/local/lib/python3.10/dist-packages/task_2_interfaces/msg/_sphere_s.c
-- Installing: /ros2_ws/install/task_2_interfaces/local/lib/python3.10/dist-packages/task_2_interfaces/msg/_num_s.c
-- Installing: /ros2_ws/install/task_2_interfaces/local/lib/python3.10/dist-packages/task_2_interfaces/msg/_joint_data_s.c
-- Installing: /ros2_ws/install/task_2_interfaces/local/lib/python3.10/dist-packages/task_2_interfaces/msg/__init__.py
-- Installing: /ros2_ws/install/task_2_interfaces/local/lib/python3.10/dist-packages/task_2_interfaces/msg/_num.py
-- Installing: /ros2_ws/install/task_2_interfaces/local/lib/python3.10/dist-packages/task_2_interfaces/msg/_joint_data.py
-- Installing: /ros2_ws/install/task_2_interfaces/local/lib/python3.10/dist-packages/task_2_interfaces/__init__.py
-- Installing: /ros2_ws/install/task_2_interfaces/local/lib/python3.10/dist-packages/task_2_interfaces/task_2_interfaces_s__rosidl_typesupport_c.cpython-310-aarch64-linux-gnu.so
-- Installing: /ros2_ws/install/task_2_interfaces/local/lib/python3.10/dist-packages/task_2_interfaces/_task_2_interfaces_s.ep.rosidl_typesupport_introspection_c.c
-- Installing: /ros2_ws/install/task_2_interfaces/local/lib/python3.10/dist-packages/task_2_interfaces/_task_2_interfaces_s.ep.rosidl_typesupport_c.c
-- Installing: /ros2_ws/install/task_2_interfaces/local/lib/python3.10/dist-packages/task_2_interfaces/srv
-- Installing: /ros2_ws/install/task_2_interfaces/local/lib/python3.10/dist-packages/task_2_interfaces/srv/_joint_state.py
-- Installing: /ros2_ws/install/task_2_interfaces/local/lib/python3.10/dist-packages/task_2_interfaces/srv/_add_three_ints_s.c
-- Installing: /ros2_ws/install/task_2_interfaces/local/lib/python3.10/dist-packages/task_2_interfaces/srv/_joint_state_s.c
-- Installing: /ros2_ws/install/task_2_interfaces/local/lib/python3.10/dist-packages/task_2_interfaces/srv/__init__.py
-- Installing: /ros2_ws/install/task_2_interfaces/local/lib/python3.10/dist-packages/task_2_interfaces/srv/_add_three_ints.py
-- Installing: /ros2_ws/install/task_2_interfaces/local/lib/python3.10/dist-packages/task_2_interfaces/libtask_2_interfaces__rosidl_generator_py.so
Listing '/ros2_ws/install/task_2_interfaces/local/lib/python3.10/dist-packages/task_2_interfaces'...
Compiling '/ros2_ws/install/task_2_interfaces/local/lib/python3.10/dist-packages/task_2_interfaces/__init__.py'...
Listing '/ros2_ws/install/task_2_interfaces/local/lib/python3.10/dist-packages/task_2_interfaces/msg'...
Compiling '/ros2_ws/install/task_2_interfaces/local/lib/python3.10/dist-packages/task_2_interfaces/msg/__init__.py'...
Compiling '/ros2_ws/install/task_2_interfaces/local/lib/python3.10/dist-packages/task_2_interfaces/msg/_joint_data.py'...
Compiling '/ros2_ws/install/task_2_interfaces/local/lib/python3.10/dist-packages/task_2_interfaces/msg/_num.py'...
Compiling '/ros2_ws/install/task_2_interfaces/local/lib/python3.10/dist-packages/task_2_interfaces/msg/_sphere.py'...
Listing '/ros2_ws/install/task_2_interfaces/local/lib/python3.10/dist-packages/task_2_interfaces/srv'...
Compiling '/ros2_ws/install/task_2_interfaces/local/lib/python3.10/dist-packages/task_2_interfaces/srv/__init__.py'...
Compiling '/ros2_ws/install/task_2_interfaces/local/lib/python3.10/dist-packages/task_2_interfaces/srv/_add_three_ints.py'...
Compiling '/ros2_ws/install/task_2_interfaces/local/lib/python3.10/dist-packages/task_2_interfaces/srv/_joint_state.py'...
-- Installing: /ros2_ws/install/task_2_interfaces/local/lib/python3.10/dist-packages/task_2_interfaces/task_2_interfaces_s__rosidl_typesupport_fastrtps_c.cpython-310-aarch64-linux-gnu.so
-- Set runtime path of "/ros2_ws/install/task_2_interfaces/local/lib/python3.10/dist-packages/task_2_interfaces/task_2_interfaces_s__rosidl_typesupport_fastrtps_c.cpython-310-aarch64-linux-gnu.so" to ""
-- Installing: /ros2_ws/install/task_2_interfaces/local/lib/python3.10/dist-packages/task_2_interfaces/task_2_interfaces_s__rosidl_typesupport_introspection_c.cpython-310-aarch64-linux-gnu.so
-- Set runtime path of "/ros2_ws/install/task_2_interfaces/local/lib/python3.10/dist-packages/task_2_interfaces/task_2_interfaces_s__rosidl_typesupport_introspection_c.cpython-310-aarch64-linux-gnu.so" to ""
-- Installing: /ros2_ws/install/task_2_interfaces/local/lib/python3.10/dist-packages/task_2_interfaces/task_2_interfaces_s__rosidl_typesupport_c.cpython-310-aarch64-linux-gnu.so
-- Set runtime path of "/ros2_ws/install/task_2_interfaces/local/lib/python3.10/dist-packages/task_2_interfaces/task_2_interfaces_s__rosidl_typesupport_c.cpython-310-aarch64-linux-gnu.so" to ""
-- Installing: /ros2_ws/install/task_2_interfaces/lib/libtask_2_interfaces__rosidl_generator_py.so
-- Set runtime path of "/ros2_ws/install/task_2_interfaces/lib/libtask_2_interfaces__rosidl_generator_py.so" to ""
-- Installing: /ros2_ws/install/task_2_interfaces/share/task_2_interfaces/msg/JointData.idl
-- Installing: /ros2_ws/install/task_2_interfaces/share/task_2_interfaces/srv/JointState.idl
-- Installing: /ros2_ws/install/task_2_interfaces/share/task_2_interfaces/msg/Num.idl
-- Installing: /ros2_ws/install/task_2_interfaces/share/task_2_interfaces/msg/Sphere.idl
-- Installing: /ros2_ws/install/task_2_interfaces/share/task_2_interfaces/srv/AddThreeInts.idl
-- Installing: /ros2_ws/install/task_2_interfaces/share/task_2_interfaces/msg/JointData.msg
-- Installing: /ros2_ws/install/task_2_interfaces/share/task_2_interfaces/srv/JointState.srv
-- Installing: /ros2_ws/install/task_2_interfaces/share/task_2_interfaces/srv/JointState_Request.msg
-- Installing: /ros2_ws/install/task_2_interfaces/share/task_2_interfaces/srv/JointState_Response.msg
-- Installing: /ros2_ws/install/task_2_interfaces/share/task_2_interfaces/msg/Num.msg
-- Installing: /ros2_ws/install/task_2_interfaces/share/task_2_interfaces/msg/Sphere.msg
-- Installing: /ros2_ws/install/task_2_interfaces/share/task_2_interfaces/srv/AddThreeInts.srv
-- Installing: /ros2_ws/install/task_2_interfaces/share/task_2_interfaces/srv/AddThreeInts_Request.msg
-- Installing: /ros2_ws/install/task_2_interfaces/share/task_2_interfaces/srv/AddThreeInts_Response.msg
-- Installing: /ros2_ws/install/task_2_interfaces/share/ament_index/resource_index/package_run_dependencies/task_2_interfaces
-- Installing: /ros2_ws/install/task_2_interfaces/share/ament_index/resource_index/parent_prefix_path/task_2_interfaces
-- Installing: /ros2_ws/install/task_2_interfaces/share/task_2_interfaces/environment/ament_prefix_path.sh
-- Installing: /ros2_ws/install/task_2_interfaces/share/task_2_interfaces/environment/ament_prefix_path.dsv
-- Installing: /ros2_ws/install/task_2_interfaces/share/task_2_interfaces/environment/path.sh
-- Installing: /ros2_ws/install/task_2_interfaces/share/task_2_interfaces/environment/path.dsv
-- Installing: /ros2_ws/install/task_2_interfaces/share/task_2_interfaces/local_setup.bash
-- Installing: /ros2_ws/install/task_2_interfaces/share/task_2_interfaces/local_setup.sh
-- Installing: /ros2_ws/install/task_2_interfaces/share/task_2_interfaces/local_setup.zsh
-- Installing: /ros2_ws/install/task_2_interfaces/share/task_2_interfaces/local_setup.dsv
-- Installing: /ros2_ws/install/task_2_interfaces/share/task_2_interfaces/package.dsv
-- Installing: /ros2_ws/install/task_2_interfaces/share/ament_index/resource_index/packages/task_2_interfaces
-- Installing: /ros2_ws/install/task_2_interfaces/share/task_2_interfaces/cmake/export_task_2_interfaces__rosidl_generator_cExport.cmake
-- Installing: /ros2_ws/install/task_2_interfaces/share/task_2_interfaces/cmake/export_task_2_interfaces__rosidl_generator_cExport-noconfig.cmake
-- Installing: /ros2_ws/install/task_2_interfaces/share/task_2_interfaces/cmake/export_task_2_interfaces__rosidl_typesupport_fastrtps_cExport.cmake
-- Installing: /ros2_ws/install/task_2_interfaces/share/task_2_interfaces/cmake/export_task_2_interfaces__rosidl_typesupport_fastrtps_cExport-noconfig.cmake
-- Installing: /ros2_ws/install/task_2_interfaces/share/task_2_interfaces/cmake/task_2_interfaces__rosidl_typesupport_introspection_cExport.cmake
-- Installing: /ros2_ws/install/task_2_interfaces/share/task_2_interfaces/cmake/task_2_interfaces__rosidl_typesupport_introspection_cExport-noconfig.cmake
-- Installing: /ros2_ws/install/task_2_interfaces/share/task_2_interfaces/cmake/task_2_interfaces__rosidl_typesupport_cExport.cmake
-- Installing: /ros2_ws/install/task_2_interfaces/share/task_2_interfaces/cmake/task_2_interfaces__rosidl_typesupport_cExport-noconfig.cmake
-- Installing: /ros2_ws/install/task_2_interfaces/share/task_2_interfaces/cmake/export_task_2_interfaces__rosidl_generator_cppExport.cmake
-- Installing: /ros2_ws/install/task_2_interfaces/share/task_2_interfaces/cmake/export_task_2_interfaces__rosidl_typesupport_fastrtps_cppExport.cmake
-- Installing: /ros2_ws/install/task_2_interfaces/share/task_2_interfaces/cmake/export_task_2_interfaces__rosidl_typesupport_fastrtps_cppExport-noconfig.cmake
-- Installing: /ros2_ws/install/task_2_interfaces/share/task_2_interfaces/cmake/task_2_interfaces__rosidl_typesupport_introspection_cppExport.cmake
-- Installing: /ros2_ws/install/task_2_interfaces/share/task_2_interfaces/cmake/task_2_interfaces__rosidl_typesupport_introspection_cppExport-noconfig.cmake
-- Installing: /ros2_ws/install/task_2_interfaces/share/task_2_interfaces/cmake/task_2_interfaces__rosidl_typesupport_cppExport.cmake
-- Installing: /ros2_ws/install/task_2_interfaces/share/task_2_interfaces/cmake/task_2_interfaces__rosidl_typesupport_cppExport-noconfig.cmake
-- Installing: /ros2_ws/install/task_2_interfaces/share/task_2_interfaces/cmake/export_task_2_interfaces__rosidl_generator_pyExport.cmake
-- Installing: /ros2_ws/install/task_2_interfaces/share/task_2_interfaces/cmake/export_task_2_interfaces__rosidl_generator_pyExport-noconfig.cmake
-- Installing: /ros2_ws/install/task_2_interfaces/share/task_2_interfaces/cmake/rosidl_cmake-extras.cmake
-- Installing: /ros2_ws/install/task_2_interfaces/share/task_2_interfaces/cmake/ament_cmake_export_dependencies-extras.cmake
-- Installing: /ros2_ws/install/task_2_interfaces/share/task_2_interfaces/cmake/ament_cmake_export_include_directories-extras.cmake
-- Installing: /ros2_ws/install/task_2_interfaces/share/task_2_interfaces/cmake/ament_cmake_export_libraries-extras.cmake
-- Installing: /ros2_ws/install/task_2_interfaces/share/task_2_interfaces/cmake/ament_cmake_export_targets-extras.cmake
-- Installing: /ros2_ws/install/task_2_interfaces/share/task_2_interfaces/cmake/rosidl_cmake_export_typesupport_targets-extras.cmake
-- Installing: /ros2_ws/install/task_2_interfaces/share/task_2_interfaces/cmake/rosidl_cmake_export_typesupport_libraries-extras.cmake
-- Installing: /ros2_ws/install/task_2_interfaces/share/task_2_interfaces/cmake/task_2_interfacesConfig.cmake
-- Installing: /ros2_ws/install/task_2_interfaces/share/task_2_interfaces/cmake/task_2_interfacesConfig-version.cmake
-- Installing: /ros2_ws/install/task_2_interfaces/share/task_2_interfaces/package.xml
