[0.013s] Invoking command in '/ros2_ws/build/task_2_interfaces': /usr/bin/cmake /ros2_ws/src/task_2_interfaces -DCATKIN_INSTALL_INTO_PREFIX_ROOT=0 -DCMAKE_INSTALL_PREFIX=/ros2_ws/install/task_2_interfaces
[0.066s] -- The C compiler identification is GNU 11.4.0
[0.112s] -- The CXX compiler identification is GNU 11.4.0
[0.119s] -- Detecting C compiler ABI info
[0.203s] -- Detecting C compiler ABI info - done
[0.210s] -- Check for working C compiler: /usr/bin/cc - skipped
[0.210s] -- Detecting C compile features
[0.211s] -- Detecting C compile features - done
[0.215s] -- Detecting CXX compiler ABI info
[0.294s] -- Detecting CXX compiler ABI info - done
[0.303s] -- Check for working CXX compiler: /usr/bin/c++ - skipped
[0.305s] -- Detecting CXX compile features
[0.305s] -- Detecting CXX compile features - done
[0.308s] -- Found ament_cmake: 1.3.12 (/opt/ros/humble/share/ament_cmake/cmake)
[0.388s] -- Found Python3: /usr/bin/python3 (found version "3.10.12") found components: Interpreter 
[0.476s] -- Found rosidl_default_generators: 1.2.0 (/opt/ros/humble/share/rosidl_default_generators/cmake)
[0.481s] -- Using all available rosidl_typesupport_c: rosidl_typesupport_fastrtps_c;rosidl_typesupport_introspection_c
[0.484s] -- Found rosidl_adapter: 3.1.7 (/opt/ros/humble/share/rosidl_adapter/cmake)
[0.517s] -- Using all available rosidl_typesupport_cpp: rosidl_typesupport_fastrtps_cpp;rosidl_typesupport_introspection_cpp
[0.547s] -- Found builtin_interfaces: 1.2.2 (/opt/ros/humble/share/builtin_interfaces/cmake)
[0.560s] -- Found geometry_msgs: 4.9.0 (/opt/ros/humble/share/geometry_msgs/cmake)
[0.904s] -- Found ament_cmake_ros: 0.10.0 (/opt/ros/humble/share/ament_cmake_ros/cmake)
[1.165s] -- Using all available rosidl_typesupport_c: rosidl_typesupport_fastrtps_c;rosidl_typesupport_introspection_c
[1.462s] -- Using all available rosidl_typesupport_cpp: rosidl_typesupport_fastrtps_cpp;rosidl_typesupport_introspection_cpp
[1.471s] -- Found PythonInterp: /usr/bin/python3 (found suitable version "3.10.12", minimum required is "3.6") 
[1.471s] -- Found python_cmake_module: 0.10.0 (/opt/ros/humble/share/python_cmake_module/cmake)
[1.480s] -- Found PythonLibs: /usr/lib/aarch64-linux-gnu/libpython3.10.so (found suitable version "3.10.12", minimum required is "3.5") 
[1.480s] -- Using PYTHON_EXECUTABLE: /usr/bin/python3
[1.480s] -- Using PYTHON_INCLUDE_DIRS: /usr/include/python3.10
[1.480s] -- Using PYTHON_LIBRARIES: /usr/lib/aarch64-linux-gnu/libpython3.10.so
[1.488s] -- Found PythonExtra: .so  
[1.586s] -- Configuring done
[1.734s] -- Generating done
[1.748s] [33mCMake Warning:
[1.748s]   Manually-specified variables were not used by the project:
[1.749s] 
[1.749s]     CATKIN_INSTALL_INTO_PREFIX_ROOT
[1.749s] 
[1.749s] [0m
[1.776s] -- Build files have been written to: /ros2_ws/build/task_2_interfaces
[1.777s] Invoked command in '/ros2_ws/build/task_2_interfaces' returned '0': /usr/bin/cmake /ros2_ws/src/task_2_interfaces -DCATKIN_INSTALL_INTO_PREFIX_ROOT=0 -DCMAKE_INSTALL_PREFIX=/ros2_ws/install/task_2_interfaces
[1.779s] Invoking command in '/ros2_ws/build/task_2_interfaces': /usr/bin/cmake --build /ros2_ws/build/task_2_interfaces -- -j8 -l8
[1.804s] [  1%] [34m[1mGenerating C code for ROS interfaces[0m
[1.811s] [  3%] [34m[1mGenerating C++ code for ROS interfaces[0m
[1.815s] [  3%] Built target ament_cmake_python_copy_task_2_interfaces
[1.911s] running egg_info
[1.912s] creating task_2_interfaces.egg-info
[1.913s] writing task_2_interfaces.egg-info/PKG-INFO
[1.914s] writing dependency_links to task_2_interfaces.egg-info/dependency_links.txt
[1.914s] writing top-level names to task_2_interfaces.egg-info/top_level.txt
[1.915s] writing manifest file 'task_2_interfaces.egg-info/SOURCES.txt'
[1.917s] reading manifest file 'task_2_interfaces.egg-info/SOURCES.txt'
[1.918s] writing manifest file 'task_2_interfaces.egg-info/SOURCES.txt'
[1.944s] [  3%] Built target ament_cmake_python_build_task_2_interfaces_egg
[2.196s] [  3%] Built target task_2_interfaces__cpp
[2.207s] [  7%] [34m[1mGenerating C++ type support for eProsima Fast-RTPS[0m
[2.210s] [  7%] [34m[1mGenerating C++ introspection for ROS interfaces[0m
[2.211s] [  7%] [34m[1mGenerating C++ type support dispatch for ROS interfaces[0m
[2.214s] [ 12%] [32mBuilding C object CMakeFiles/task_2_interfaces__rosidl_generator_c.dir/rosidl_generator_c/task_2_interfaces/msg/detail/joint_data__functions.c.o[0m
[2.215s] [ 12%] [32mBuilding C object CMakeFiles/task_2_interfaces__rosidl_generator_c.dir/rosidl_generator_c/task_2_interfaces/msg/detail/num__functions.c.o[0m
[2.219s] [ 14%] [32mBuilding C object CMakeFiles/task_2_interfaces__rosidl_generator_c.dir/rosidl_generator_c/task_2_interfaces/srv/detail/joint_state__functions.c.o[0m
[2.220s] [ 15%] [32mBuilding C object CMakeFiles/task_2_interfaces__rosidl_generator_c.dir/rosidl_generator_c/task_2_interfaces/msg/detail/sphere__functions.c.o[0m
[2.222s] [ 15%] [32mBuilding C object CMakeFiles/task_2_interfaces__rosidl_generator_c.dir/rosidl_generator_c/task_2_interfaces/srv/detail/add_three_ints__functions.c.o[0m
[2.432s] [ 17%] [32m[1mLinking C shared library libtask_2_interfaces__rosidl_generator_c.so[0m
[2.517s] [ 17%] Built target task_2_interfaces__rosidl_generator_c
[2.529s] [ 22%] [32mBuilding CXX object CMakeFiles/task_2_interfaces__rosidl_typesupport_cpp.dir/rosidl_typesupport_cpp/task_2_interfaces/msg/joint_data__type_support.cpp.o[0m
[2.533s] [ 23%] [32mBuilding CXX object CMakeFiles/task_2_interfaces__rosidl_typesupport_cpp.dir/rosidl_typesupport_cpp/task_2_interfaces/msg/sphere__type_support.cpp.o[0m
[2.536s] [ 23%] [32mBuilding CXX object CMakeFiles/task_2_interfaces__rosidl_typesupport_cpp.dir/rosidl_typesupport_cpp/task_2_interfaces/srv/joint_state__type_support.cpp.o[0m
[2.539s] [ 23%] [32mBuilding CXX object CMakeFiles/task_2_interfaces__rosidl_typesupport_cpp.dir/rosidl_typesupport_cpp/task_2_interfaces/msg/num__type_support.cpp.o[0m
[2.546s] [ 25%] [34m[1mGenerating C introspection for ROS interfaces[0m
[2.551s] [ 26%] [34m[1mGenerating C type support for eProsima Fast-RTPS[0m
[2.619s] [ 28%] [32mBuilding CXX object CMakeFiles/task_2_interfaces__rosidl_typesupport_introspection_cpp.dir/rosidl_typesupport_introspection_cpp/task_2_interfaces/msg/detail/joint_data__type_support.cpp.o[0m
[2.657s] [ 30%] [32mBuilding CXX object CMakeFiles/task_2_interfaces__rosidl_typesupport_fastrtps_cpp.dir/rosidl_typesupport_fastrtps_cpp/task_2_interfaces/msg/detail/dds_fastrtps/joint_data__type_support.cpp.o[0m
[2.908s] [ 33%] [32mBuilding CXX object CMakeFiles/task_2_interfaces__rosidl_typesupport_cpp.dir/rosidl_typesupport_cpp/task_2_interfaces/srv/add_three_ints__type_support.cpp.o[0m
[2.912s] [ 34%] [32mBuilding CXX object CMakeFiles/task_2_interfaces__rosidl_typesupport_fastrtps_cpp.dir/rosidl_typesupport_fastrtps_cpp/task_2_interfaces/srv/detail/dds_fastrtps/joint_state__type_support.cpp.o[0m
[2.916s] [ 34%] [32mBuilding CXX object CMakeFiles/task_2_interfaces__rosidl_typesupport_fastrtps_cpp.dir/rosidl_typesupport_fastrtps_cpp/task_2_interfaces/msg/detail/dds_fastrtps/num__type_support.cpp.o[0m
[2.923s] [ 36%] [34m[1mGenerating C type support dispatch for ROS interfaces[0m
[3.041s] [ 38%] [32mBuilding CXX object CMakeFiles/task_2_interfaces__rosidl_typesupport_fastrtps_c.dir/rosidl_typesupport_fastrtps_c/task_2_interfaces/msg/detail/joint_data__type_support_c.cpp.o[0m
[3.047s] [ 39%] [32mBuilding CXX object CMakeFiles/task_2_interfaces__rosidl_typesupport_introspection_cpp.dir/rosidl_typesupport_introspection_cpp/task_2_interfaces/srv/detail/joint_state__type_support.cpp.o[0m
[3.066s] [ 41%] [32mBuilding C object CMakeFiles/task_2_interfaces__rosidl_typesupport_introspection_c.dir/rosidl_typesupport_introspection_c/task_2_interfaces/msg/detail/joint_data__type_support.c.o[0m
[3.113s] [ 42%] [32mBuilding CXX object CMakeFiles/task_2_interfaces__rosidl_typesupport_fastrtps_cpp.dir/rosidl_typesupport_fastrtps_cpp/task_2_interfaces/msg/detail/dds_fastrtps/sphere__type_support.cpp.o[0m
[3.140s] [ 44%] [32mBuilding C object CMakeFiles/task_2_interfaces__rosidl_typesupport_introspection_c.dir/rosidl_typesupport_introspection_c/task_2_interfaces/srv/detail/joint_state__type_support.c.o[0m
[3.183s] [ 46%] [32m[1mLinking CXX shared library libtask_2_interfaces__rosidl_typesupport_cpp.so[0m
[3.230s] [ 47%] [32mBuilding C object CMakeFiles/task_2_interfaces__rosidl_typesupport_introspection_c.dir/rosidl_typesupport_introspection_c/task_2_interfaces/msg/detail/num__type_support.c.o[0m
[3.274s] [ 49%] [32mBuilding CXX object CMakeFiles/task_2_interfaces__rosidl_typesupport_c.dir/rosidl_typesupport_c/task_2_interfaces/msg/joint_data__type_support.cpp.o[0m
[3.283s] [ 49%] Built target task_2_interfaces__rosidl_typesupport_cpp
[3.296s] [ 50%] [32mBuilding C object CMakeFiles/task_2_interfaces__rosidl_typesupport_introspection_c.dir/rosidl_typesupport_introspection_c/task_2_interfaces/msg/detail/sphere__type_support.c.o[0m
[3.325s] [ 53%] [32mBuilding CXX object CMakeFiles/task_2_interfaces__rosidl_typesupport_c.dir/rosidl_typesupport_c/task_2_interfaces/srv/joint_state__type_support.cpp.o[0m
[3.328s] [ 53%] [32mBuilding CXX object CMakeFiles/task_2_interfaces__rosidl_typesupport_fastrtps_cpp.dir/rosidl_typesupport_fastrtps_cpp/task_2_interfaces/srv/detail/dds_fastrtps/add_three_ints__type_support.cpp.o[0m
[3.347s] [ 55%] [32mBuilding CXX object CMakeFiles/task_2_interfaces__rosidl_typesupport_fastrtps_c.dir/rosidl_typesupport_fastrtps_c/task_2_interfaces/srv/detail/joint_state__type_support_c.cpp.o[0m
[3.358s] [ 57%] [32mBuilding CXX object CMakeFiles/task_2_interfaces__rosidl_typesupport_fastrtps_c.dir/rosidl_typesupport_fastrtps_c/task_2_interfaces/msg/detail/num__type_support_c.cpp.o[0m
[3.400s] [ 61%] [32mBuilding CXX object CMakeFiles/task_2_interfaces__rosidl_typesupport_c.dir/rosidl_typesupport_c/task_2_interfaces/msg/num__type_support.cpp.o[0m
[3.402s] [ 61%] [32mBuilding CXX object CMakeFiles/task_2_interfaces__rosidl_typesupport_fastrtps_c.dir/rosidl_typesupport_fastrtps_c/task_2_interfaces/msg/detail/sphere__type_support_c.cpp.o[0m
[3.403s] [ 61%] [32mBuilding C object CMakeFiles/task_2_interfaces__rosidl_typesupport_introspection_c.dir/rosidl_typesupport_introspection_c/task_2_interfaces/srv/detail/add_three_ints__type_support.c.o[0m
[3.418s] [ 63%] [32mBuilding CXX object CMakeFiles/task_2_interfaces__rosidl_typesupport_introspection_cpp.dir/rosidl_typesupport_introspection_cpp/task_2_interfaces/msg/detail/num__type_support.cpp.o[0m
[3.449s] [ 65%] [32mBuilding CXX object CMakeFiles/task_2_interfaces__rosidl_typesupport_c.dir/rosidl_typesupport_c/task_2_interfaces/msg/sphere__type_support.cpp.o[0m
[3.485s] [ 68%] [32m[1mLinking C shared library libtask_2_interfaces__rosidl_typesupport_introspection_c.so[0m
[3.486s] [ 68%] [32mBuilding CXX object CMakeFiles/task_2_interfaces__rosidl_typesupport_c.dir/rosidl_typesupport_c/task_2_interfaces/srv/add_three_ints__type_support.cpp.o[0m
[3.495s] [ 69%] [32mBuilding CXX object CMakeFiles/task_2_interfaces__rosidl_typesupport_introspection_cpp.dir/rosidl_typesupport_introspection_cpp/task_2_interfaces/msg/detail/sphere__type_support.cpp.o[0m
[3.531s] [ 71%] [32m[1mLinking CXX shared library libtask_2_interfaces__rosidl_typesupport_c.so[0m
[3.535s] [ 71%] Built target task_2_interfaces__rosidl_typesupport_introspection_c
[3.542s] [ 73%] [32mBuilding CXX object CMakeFiles/task_2_interfaces__rosidl_typesupport_introspection_cpp.dir/rosidl_typesupport_introspection_cpp/task_2_interfaces/srv/detail/add_three_ints__type_support.cpp.o[0m
[3.611s] [ 73%] Built target task_2_interfaces__rosidl_typesupport_c
[3.626s] [ 74%] [32mBuilding CXX object CMakeFiles/task_2_interfaces__rosidl_typesupport_fastrtps_c.dir/rosidl_typesupport_fastrtps_c/task_2_interfaces/srv/detail/add_three_ints__type_support_c.cpp.o[0m
[3.725s] [ 76%] [32m[1mLinking CXX shared library libtask_2_interfaces__rosidl_typesupport_fastrtps_cpp.so[0m
[3.801s] [ 76%] Built target task_2_interfaces__rosidl_typesupport_fastrtps_cpp
[3.924s] [ 77%] [32m[1mLinking CXX shared library libtask_2_interfaces__rosidl_typesupport_introspection_cpp.so[0m
[3.940s] [ 79%] [32m[1mLinking CXX shared library libtask_2_interfaces__rosidl_typesupport_fastrtps_c.so[0m
[3.970s] [ 79%] Built target task_2_interfaces__rosidl_typesupport_introspection_cpp
[3.994s] [ 79%] Built target task_2_interfaces__rosidl_typesupport_fastrtps_c
[4.004s] [ 79%] Built target task_2_interfaces
[4.016s] [ 80%] [34m[1mGenerating Python code for ROS interfaces[0m
[4.422s] [ 80%] Built target task_2_interfaces__py
[4.437s] [ 85%] [32mBuilding C object CMakeFiles/task_2_interfaces__rosidl_generator_py.dir/rosidl_generator_py/task_2_interfaces/msg/_joint_data_s.c.o[0m
[4.437s] [ 85%] [32mBuilding C object CMakeFiles/task_2_interfaces__rosidl_generator_py.dir/rosidl_generator_py/task_2_interfaces/msg/_num_s.c.o[0m
[4.438s] [ 87%] [32mBuilding C object CMakeFiles/task_2_interfaces__rosidl_generator_py.dir/rosidl_generator_py/task_2_interfaces/srv/_joint_state_s.c.o[0m
[4.439s] [ 88%] [32mBuilding C object CMakeFiles/task_2_interfaces__rosidl_generator_py.dir/rosidl_generator_py/task_2_interfaces/msg/_sphere_s.c.o[0m
[4.440s] [ 88%] [32mBuilding C object CMakeFiles/task_2_interfaces__rosidl_generator_py.dir/rosidl_generator_py/task_2_interfaces/srv/_add_three_ints_s.c.o[0m
[4.561s] [ 90%] [32m[1mLinking C shared library rosidl_generator_py/task_2_interfaces/libtask_2_interfaces__rosidl_generator_py.so[0m
[4.590s] [ 90%] Built target task_2_interfaces__rosidl_generator_py
[4.605s] [ 95%] [32mBuilding C object CMakeFiles/task_2_interfaces__rosidl_typesupport_fastrtps_c__pyext.dir/rosidl_generator_py/task_2_interfaces/_task_2_interfaces_s.ep.rosidl_typesupport_fastrtps_c.c.o[0m
[4.606s] [ 95%] [32mBuilding C object CMakeFiles/task_2_interfaces__rosidl_typesupport_c__pyext.dir/rosidl_generator_py/task_2_interfaces/_task_2_interfaces_s.ep.rosidl_typesupport_c.c.o[0m
[4.606s] [ 95%] [32mBuilding C object CMakeFiles/task_2_interfaces__rosidl_typesupport_introspection_c__pyext.dir/rosidl_generator_py/task_2_interfaces/_task_2_interfaces_s.ep.rosidl_typesupport_introspection_c.c.o[0m
[4.708s] [ 98%] [32m[1mLinking C shared library rosidl_generator_py/task_2_interfaces/task_2_interfaces_s__rosidl_typesupport_introspection_c.cpython-310-aarch64-linux-gnu.so[0m
[4.709s] [ 98%] [32m[1mLinking C shared library rosidl_generator_py/task_2_interfaces/task_2_interfaces_s__rosidl_typesupport_c.cpython-310-aarch64-linux-gnu.so[0m
[4.735s] [100%] [32m[1mLinking C shared library rosidl_generator_py/task_2_interfaces/task_2_interfaces_s__rosidl_typesupport_fastrtps_c.cpython-310-aarch64-linux-gnu.so[0m
[4.739s] [100%] Built target task_2_interfaces__rosidl_typesupport_c__pyext
[4.741s] [100%] Built target task_2_interfaces__rosidl_typesupport_introspection_c__pyext
[4.763s] [100%] Built target task_2_interfaces__rosidl_typesupport_fastrtps_c__pyext
[4.780s] Invoked command in '/ros2_ws/build/task_2_interfaces' returned '0': /usr/bin/cmake --build /ros2_ws/build/task_2_interfaces -- -j8 -l8
[4.787s] Invoking command in '/ros2_ws/build/task_2_interfaces': /usr/bin/cmake --install /ros2_ws/build/task_2_interfaces
[4.791s] -- Install configuration: ""
[4.792s] -- Installing: /ros2_ws/install/task_2_interfaces/share/ament_index/resource_index/rosidl_interfaces/task_2_interfaces
[4.794s] -- Installing: /ros2_ws/install/task_2_interfaces/include/task_2_interfaces/task_2_interfaces
[4.795s] -- Installing: /ros2_ws/install/task_2_interfaces/include/task_2_interfaces/task_2_interfaces/msg
[4.796s] -- Installing: /ros2_ws/install/task_2_interfaces/include/task_2_interfaces/task_2_interfaces/msg/rosidl_generator_c__visibility_control.h
[4.797s] -- Installing: /ros2_ws/install/task_2_interfaces/include/task_2_interfaces/task_2_interfaces/msg/joint_data.h
[4.799s] -- Installing: /ros2_ws/install/task_2_interfaces/include/task_2_interfaces/task_2_interfaces/msg/sphere.h
[4.800s] -- Installing: /ros2_ws/install/task_2_interfaces/include/task_2_interfaces/task_2_interfaces/msg/num.h
[4.801s] -- Installing: /ros2_ws/install/task_2_interfaces/include/task_2_interfaces/task_2_interfaces/msg/detail
[4.802s] -- Installing: /ros2_ws/install/task_2_interfaces/include/task_2_interfaces/task_2_interfaces/msg/detail/num__functions.c
[4.804s] -- Installing: /ros2_ws/install/task_2_interfaces/include/task_2_interfaces/task_2_interfaces/msg/detail/sphere__type_support.h
[4.805s] -- Installing: /ros2_ws/install/task_2_interfaces/include/task_2_interfaces/task_2_interfaces/msg/detail/joint_data__functions.c
[4.806s] -- Installing: /ros2_ws/install/task_2_interfaces/include/task_2_interfaces/task_2_interfaces/msg/detail/num__struct.h
[4.808s] -- Installing: /ros2_ws/install/task_2_interfaces/include/task_2_interfaces/task_2_interfaces/msg/detail/joint_data__struct.h
[4.809s] -- Installing: /ros2_ws/install/task_2_interfaces/include/task_2_interfaces/task_2_interfaces/msg/detail/sphere__functions.c
[4.810s] -- Installing: /ros2_ws/install/task_2_interfaces/include/task_2_interfaces/task_2_interfaces/msg/detail/sphere__struct.h
[4.812s] -- Installing: /ros2_ws/install/task_2_interfaces/include/task_2_interfaces/task_2_interfaces/msg/detail/num__functions.h
[4.813s] -- Installing: /ros2_ws/install/task_2_interfaces/include/task_2_interfaces/task_2_interfaces/msg/detail/num__type_support.h
[4.815s] -- Installing: /ros2_ws/install/task_2_interfaces/include/task_2_interfaces/task_2_interfaces/msg/detail/joint_data__functions.h
[4.816s] -- Installing: /ros2_ws/install/task_2_interfaces/include/task_2_interfaces/task_2_interfaces/msg/detail/joint_data__type_support.h
[4.817s] -- Installing: /ros2_ws/install/task_2_interfaces/include/task_2_interfaces/task_2_interfaces/msg/detail/sphere__functions.h
[4.819s] -- Installing: /ros2_ws/install/task_2_interfaces/include/task_2_interfaces/task_2_interfaces/srv
[4.820s] -- Installing: /ros2_ws/install/task_2_interfaces/include/task_2_interfaces/task_2_interfaces/srv/add_three_ints.h
[4.821s] -- Installing: /ros2_ws/install/task_2_interfaces/include/task_2_interfaces/task_2_interfaces/srv/detail
[4.822s] -- Installing: /ros2_ws/install/task_2_interfaces/include/task_2_interfaces/task_2_interfaces/srv/detail/add_three_ints__type_support.h
[4.823s] -- Installing: /ros2_ws/install/task_2_interfaces/include/task_2_interfaces/task_2_interfaces/srv/detail/add_three_ints__struct.h
[4.825s] -- Installing: /ros2_ws/install/task_2_interfaces/include/task_2_interfaces/task_2_interfaces/srv/detail/joint_state__type_support.h
[4.826s] -- Installing: /ros2_ws/install/task_2_interfaces/include/task_2_interfaces/task_2_interfaces/srv/detail/add_three_ints__functions.c
[4.828s] -- Installing: /ros2_ws/install/task_2_interfaces/include/task_2_interfaces/task_2_interfaces/srv/detail/joint_state__functions.h
[4.829s] -- Installing: /ros2_ws/install/task_2_interfaces/include/task_2_interfaces/task_2_interfaces/srv/detail/joint_state__struct.h
[4.831s] -- Installing: /ros2_ws/install/task_2_interfaces/include/task_2_interfaces/task_2_interfaces/srv/detail/add_three_ints__functions.h
[4.832s] -- Installing: /ros2_ws/install/task_2_interfaces/include/task_2_interfaces/task_2_interfaces/srv/detail/joint_state__functions.c
[4.834s] -- Installing: /ros2_ws/install/task_2_interfaces/include/task_2_interfaces/task_2_interfaces/srv/joint_state.h
[4.836s] -- Installing: /ros2_ws/install/task_2_interfaces/share/task_2_interfaces/environment/library_path.sh
[4.837s] -- Installing: /ros2_ws/install/task_2_interfaces/share/task_2_interfaces/environment/library_path.dsv
[4.838s] -- Installing: /ros2_ws/install/task_2_interfaces/lib/libtask_2_interfaces__rosidl_generator_c.so
[4.841s] -- Set runtime path of "/ros2_ws/install/task_2_interfaces/lib/libtask_2_interfaces__rosidl_generator_c.so" to ""
[4.841s] -- Up-to-date: /ros2_ws/install/task_2_interfaces/include/task_2_interfaces/task_2_interfaces
[4.842s] -- Up-to-date: /ros2_ws/install/task_2_interfaces/include/task_2_interfaces/task_2_interfaces/msg
[4.842s] -- Up-to-date: /ros2_ws/install/task_2_interfaces/include/task_2_interfaces/task_2_interfaces/msg/detail
[4.843s] -- Installing: /ros2_ws/install/task_2_interfaces/include/task_2_interfaces/task_2_interfaces/msg/detail/sphere__rosidl_typesupport_fastrtps_c.h
[4.844s] -- Installing: /ros2_ws/install/task_2_interfaces/include/task_2_interfaces/task_2_interfaces/msg/detail/num__rosidl_typesupport_fastrtps_c.h
[4.845s] -- Installing: /ros2_ws/install/task_2_interfaces/include/task_2_interfaces/task_2_interfaces/msg/detail/joint_data__rosidl_typesupport_fastrtps_c.h
[4.847s] -- Installing: /ros2_ws/install/task_2_interfaces/include/task_2_interfaces/task_2_interfaces/msg/rosidl_typesupport_fastrtps_c__visibility_control.h
[4.848s] -- Up-to-date: /ros2_ws/install/task_2_interfaces/include/task_2_interfaces/task_2_interfaces/srv
[4.849s] -- Up-to-date: /ros2_ws/install/task_2_interfaces/include/task_2_interfaces/task_2_interfaces/srv/detail
[4.849s] -- Installing: /ros2_ws/install/task_2_interfaces/include/task_2_interfaces/task_2_interfaces/srv/detail/add_three_ints__rosidl_typesupport_fastrtps_c.h
[4.851s] -- Installing: /ros2_ws/install/task_2_interfaces/include/task_2_interfaces/task_2_interfaces/srv/detail/joint_state__rosidl_typesupport_fastrtps_c.h
[4.852s] -- Installing: /ros2_ws/install/task_2_interfaces/lib/libtask_2_interfaces__rosidl_typesupport_fastrtps_c.so
[4.854s] -- Set runtime path of "/ros2_ws/install/task_2_interfaces/lib/libtask_2_interfaces__rosidl_typesupport_fastrtps_c.so" to ""
[4.854s] -- Up-to-date: /ros2_ws/install/task_2_interfaces/include/task_2_interfaces/task_2_interfaces
[4.855s] -- Up-to-date: /ros2_ws/install/task_2_interfaces/include/task_2_interfaces/task_2_interfaces/msg
[4.855s] -- Up-to-date: /ros2_ws/install/task_2_interfaces/include/task_2_interfaces/task_2_interfaces/msg/detail
[4.856s] -- Installing: /ros2_ws/install/task_2_interfaces/include/task_2_interfaces/task_2_interfaces/msg/detail/num__type_support.c
[4.857s] -- Installing: /ros2_ws/install/task_2_interfaces/include/task_2_interfaces/task_2_interfaces/msg/detail/num__rosidl_typesupport_introspection_c.h
[4.859s] -- Installing: /ros2_ws/install/task_2_interfaces/include/task_2_interfaces/task_2_interfaces/msg/detail/sphere__rosidl_typesupport_introspection_c.h
[4.860s] -- Installing: /ros2_ws/install/task_2_interfaces/include/task_2_interfaces/task_2_interfaces/msg/detail/joint_data__type_support.c
[4.862s] -- Installing: /ros2_ws/install/task_2_interfaces/include/task_2_interfaces/task_2_interfaces/msg/detail/sphere__type_support.c
[4.863s] -- Installing: /ros2_ws/install/task_2_interfaces/include/task_2_interfaces/task_2_interfaces/msg/detail/joint_data__rosidl_typesupport_introspection_c.h
[4.865s] -- Installing: /ros2_ws/install/task_2_interfaces/include/task_2_interfaces/task_2_interfaces/msg/rosidl_typesupport_introspection_c__visibility_control.h
[4.866s] -- Up-to-date: /ros2_ws/install/task_2_interfaces/include/task_2_interfaces/task_2_interfaces/srv
[4.866s] -- Up-to-date: /ros2_ws/install/task_2_interfaces/include/task_2_interfaces/task_2_interfaces/srv/detail
[4.867s] -- Installing: /ros2_ws/install/task_2_interfaces/include/task_2_interfaces/task_2_interfaces/srv/detail/joint_state__rosidl_typesupport_introspection_c.h
[4.869s] -- Installing: /ros2_ws/install/task_2_interfaces/include/task_2_interfaces/task_2_interfaces/srv/detail/joint_state__type_support.c
[4.870s] -- Installing: /ros2_ws/install/task_2_interfaces/include/task_2_interfaces/task_2_interfaces/srv/detail/add_three_ints__type_support.c
[4.872s] -- Installing: /ros2_ws/install/task_2_interfaces/include/task_2_interfaces/task_2_interfaces/srv/detail/add_three_ints__rosidl_typesupport_introspection_c.h
[4.873s] -- Installing: /ros2_ws/install/task_2_interfaces/lib/libtask_2_interfaces__rosidl_typesupport_introspection_c.so
[4.876s] -- Set runtime path of "/ros2_ws/install/task_2_interfaces/lib/libtask_2_interfaces__rosidl_typesupport_introspection_c.so" to ""
[4.876s] -- Installing: /ros2_ws/install/task_2_interfaces/lib/libtask_2_interfaces__rosidl_typesupport_c.so
[4.878s] -- Set runtime path of "/ros2_ws/install/task_2_interfaces/lib/libtask_2_interfaces__rosidl_typesupport_c.so" to ""
[4.878s] -- Up-to-date: /ros2_ws/install/task_2_interfaces/include/task_2_interfaces/task_2_interfaces
[4.879s] -- Up-to-date: /ros2_ws/install/task_2_interfaces/include/task_2_interfaces/task_2_interfaces/msg
[4.879s] -- Installing: /ros2_ws/install/task_2_interfaces/include/task_2_interfaces/task_2_interfaces/msg/sphere.hpp
[4.881s] -- Installing: /ros2_ws/install/task_2_interfaces/include/task_2_interfaces/task_2_interfaces/msg/joint_data.hpp
[4.882s] -- Up-to-date: /ros2_ws/install/task_2_interfaces/include/task_2_interfaces/task_2_interfaces/msg/detail
[4.882s] -- Installing: /ros2_ws/install/task_2_interfaces/include/task_2_interfaces/task_2_interfaces/msg/detail/num__type_support.hpp
[4.884s] -- Installing: /ros2_ws/install/task_2_interfaces/include/task_2_interfaces/task_2_interfaces/msg/detail/sphere__builder.hpp
[4.885s] -- Installing: /ros2_ws/install/task_2_interfaces/include/task_2_interfaces/task_2_interfaces/msg/detail/sphere__type_support.hpp
[4.886s] -- Installing: /ros2_ws/install/task_2_interfaces/include/task_2_interfaces/task_2_interfaces/msg/detail/sphere__struct.hpp
[4.888s] -- Installing: /ros2_ws/install/task_2_interfaces/include/task_2_interfaces/task_2_interfaces/msg/detail/joint_data__traits.hpp
[4.889s] -- Installing: /ros2_ws/install/task_2_interfaces/include/task_2_interfaces/task_2_interfaces/msg/detail/joint_data__builder.hpp
[4.891s] -- Installing: /ros2_ws/install/task_2_interfaces/include/task_2_interfaces/task_2_interfaces/msg/detail/num__traits.hpp
[4.892s] -- Installing: /ros2_ws/install/task_2_interfaces/include/task_2_interfaces/task_2_interfaces/msg/detail/num__builder.hpp
[4.893s] -- Installing: /ros2_ws/install/task_2_interfaces/include/task_2_interfaces/task_2_interfaces/msg/detail/sphere__traits.hpp
[4.895s] -- Installing: /ros2_ws/install/task_2_interfaces/include/task_2_interfaces/task_2_interfaces/msg/detail/num__struct.hpp
[4.896s] -- Installing: /ros2_ws/install/task_2_interfaces/include/task_2_interfaces/task_2_interfaces/msg/detail/joint_data__type_support.hpp
[4.898s] -- Installing: /ros2_ws/install/task_2_interfaces/include/task_2_interfaces/task_2_interfaces/msg/detail/joint_data__struct.hpp
[4.899s] -- Installing: /ros2_ws/install/task_2_interfaces/include/task_2_interfaces/task_2_interfaces/msg/rosidl_generator_cpp__visibility_control.hpp
[4.901s] -- Installing: /ros2_ws/install/task_2_interfaces/include/task_2_interfaces/task_2_interfaces/msg/num.hpp
[4.902s] -- Up-to-date: /ros2_ws/install/task_2_interfaces/include/task_2_interfaces/task_2_interfaces/srv
[4.902s] -- Installing: /ros2_ws/install/task_2_interfaces/include/task_2_interfaces/task_2_interfaces/srv/add_three_ints.hpp
[4.904s] -- Up-to-date: /ros2_ws/install/task_2_interfaces/include/task_2_interfaces/task_2_interfaces/srv/detail
[4.904s] -- Installing: /ros2_ws/install/task_2_interfaces/include/task_2_interfaces/task_2_interfaces/srv/detail/joint_state__struct.hpp
[4.906s] -- Installing: /ros2_ws/install/task_2_interfaces/include/task_2_interfaces/task_2_interfaces/srv/detail/add_three_ints__struct.hpp
[4.907s] -- Installing: /ros2_ws/install/task_2_interfaces/include/task_2_interfaces/task_2_interfaces/srv/detail/add_three_ints__builder.hpp
[4.909s] -- Installing: /ros2_ws/install/task_2_interfaces/include/task_2_interfaces/task_2_interfaces/srv/detail/joint_state__type_support.hpp
[4.910s] -- Installing: /ros2_ws/install/task_2_interfaces/include/task_2_interfaces/task_2_interfaces/srv/detail/joint_state__builder.hpp
[4.912s] -- Installing: /ros2_ws/install/task_2_interfaces/include/task_2_interfaces/task_2_interfaces/srv/detail/joint_state__traits.hpp
[4.913s] -- Installing: /ros2_ws/install/task_2_interfaces/include/task_2_interfaces/task_2_interfaces/srv/detail/add_three_ints__traits.hpp
[4.915s] -- Installing: /ros2_ws/install/task_2_interfaces/include/task_2_interfaces/task_2_interfaces/srv/detail/add_three_ints__type_support.hpp
[4.916s] -- Installing: /ros2_ws/install/task_2_interfaces/include/task_2_interfaces/task_2_interfaces/srv/joint_state.hpp
[4.918s] -- Up-to-date: /ros2_ws/install/task_2_interfaces/include/task_2_interfaces/task_2_interfaces
[4.918s] -- Up-to-date: /ros2_ws/install/task_2_interfaces/include/task_2_interfaces/task_2_interfaces/msg
[4.918s] -- Installing: /ros2_ws/install/task_2_interfaces/include/task_2_interfaces/task_2_interfaces/msg/rosidl_typesupport_fastrtps_cpp__visibility_control.h
[4.920s] -- Up-to-date: /ros2_ws/install/task_2_interfaces/include/task_2_interfaces/task_2_interfaces/msg/detail
[4.920s] -- Installing: /ros2_ws/install/task_2_interfaces/include/task_2_interfaces/task_2_interfaces/msg/detail/joint_data__rosidl_typesupport_fastrtps_cpp.hpp
[4.922s] -- Installing: /ros2_ws/install/task_2_interfaces/include/task_2_interfaces/task_2_interfaces/msg/detail/num__rosidl_typesupport_fastrtps_cpp.hpp
[4.923s] -- Installing: /ros2_ws/install/task_2_interfaces/include/task_2_interfaces/task_2_interfaces/msg/detail/dds_fastrtps
[4.924s] -- Installing: /ros2_ws/install/task_2_interfaces/include/task_2_interfaces/task_2_interfaces/msg/detail/sphere__rosidl_typesupport_fastrtps_cpp.hpp
[4.926s] -- Up-to-date: /ros2_ws/install/task_2_interfaces/include/task_2_interfaces/task_2_interfaces/srv
[4.926s] -- Up-to-date: /ros2_ws/install/task_2_interfaces/include/task_2_interfaces/task_2_interfaces/srv/detail
[4.927s] -- Installing: /ros2_ws/install/task_2_interfaces/include/task_2_interfaces/task_2_interfaces/srv/detail/add_three_ints__rosidl_typesupport_fastrtps_cpp.hpp
[4.928s] -- Installing: /ros2_ws/install/task_2_interfaces/include/task_2_interfaces/task_2_interfaces/srv/detail/dds_fastrtps
[4.929s] -- Installing: /ros2_ws/install/task_2_interfaces/include/task_2_interfaces/task_2_interfaces/srv/detail/joint_state__rosidl_typesupport_fastrtps_cpp.hpp
[4.930s] -- Installing: /ros2_ws/install/task_2_interfaces/lib/libtask_2_interfaces__rosidl_typesupport_fastrtps_cpp.so
[4.933s] -- Set runtime path of "/ros2_ws/install/task_2_interfaces/lib/libtask_2_interfaces__rosidl_typesupport_fastrtps_cpp.so" to ""
[4.933s] -- Up-to-date: /ros2_ws/install/task_2_interfaces/include/task_2_interfaces/task_2_interfaces
[4.933s] -- Up-to-date: /ros2_ws/install/task_2_interfaces/include/task_2_interfaces/task_2_interfaces/msg
[4.934s] -- Up-to-date: /ros2_ws/install/task_2_interfaces/include/task_2_interfaces/task_2_interfaces/msg/detail
[4.934s] -- Installing: /ros2_ws/install/task_2_interfaces/include/task_2_interfaces/task_2_interfaces/msg/detail/num__rosidl_typesupport_introspection_cpp.hpp
[4.936s] -- Installing: /ros2_ws/install/task_2_interfaces/include/task_2_interfaces/task_2_interfaces/msg/detail/joint_data__type_support.cpp
[4.937s] -- Installing: /ros2_ws/install/task_2_interfaces/include/task_2_interfaces/task_2_interfaces/msg/detail/sphere__rosidl_typesupport_introspection_cpp.hpp
[4.938s] -- Installing: /ros2_ws/install/task_2_interfaces/include/task_2_interfaces/task_2_interfaces/msg/detail/joint_data__rosidl_typesupport_introspection_cpp.hpp
[4.940s] -- Installing: /ros2_ws/install/task_2_interfaces/include/task_2_interfaces/task_2_interfaces/msg/detail/num__type_support.cpp
[4.941s] -- Installing: /ros2_ws/install/task_2_interfaces/include/task_2_interfaces/task_2_interfaces/msg/detail/sphere__type_support.cpp
[4.942s] -- Up-to-date: /ros2_ws/install/task_2_interfaces/include/task_2_interfaces/task_2_interfaces/srv
[4.943s] -- Up-to-date: /ros2_ws/install/task_2_interfaces/include/task_2_interfaces/task_2_interfaces/srv/detail
[4.943s] -- Installing: /ros2_ws/install/task_2_interfaces/include/task_2_interfaces/task_2_interfaces/srv/detail/add_three_ints__type_support.cpp
[4.945s] -- Installing: /ros2_ws/install/task_2_interfaces/include/task_2_interfaces/task_2_interfaces/srv/detail/joint_state__type_support.cpp
[4.946s] -- Installing: /ros2_ws/install/task_2_interfaces/include/task_2_interfaces/task_2_interfaces/srv/detail/add_three_ints__rosidl_typesupport_introspection_cpp.hpp
[4.948s] -- Installing: /ros2_ws/install/task_2_interfaces/include/task_2_interfaces/task_2_interfaces/srv/detail/joint_state__rosidl_typesupport_introspection_cpp.hpp
[4.950s] -- Installing: /ros2_ws/install/task_2_interfaces/lib/libtask_2_interfaces__rosidl_typesupport_introspection_cpp.so
[4.952s] -- Set runtime path of "/ros2_ws/install/task_2_interfaces/lib/libtask_2_interfaces__rosidl_typesupport_introspection_cpp.so" to ""
[4.953s] -- Installing: /ros2_ws/install/task_2_interfaces/lib/libtask_2_interfaces__rosidl_typesupport_cpp.so
[4.955s] -- Set runtime path of "/ros2_ws/install/task_2_interfaces/lib/libtask_2_interfaces__rosidl_typesupport_cpp.so" to ""
[4.955s] -- Installing: /ros2_ws/install/task_2_interfaces/share/task_2_interfaces/environment/pythonpath.sh
[4.957s] -- Installing: /ros2_ws/install/task_2_interfaces/share/task_2_interfaces/environment/pythonpath.dsv
[4.959s] -- Installing: /ros2_ws/install/task_2_interfaces/local/lib/python3.10/dist-packages/task_2_interfaces-0.0.0-py3.10.egg-info
[4.960s] -- Installing: /ros2_ws/install/task_2_interfaces/local/lib/python3.10/dist-packages/task_2_interfaces-0.0.0-py3.10.egg-info/PKG-INFO
[4.961s] -- Installing: /ros2_ws/install/task_2_interfaces/local/lib/python3.10/dist-packages/task_2_interfaces-0.0.0-py3.10.egg-info/SOURCES.txt
[4.963s] -- Installing: /ros2_ws/install/task_2_interfaces/local/lib/python3.10/dist-packages/task_2_interfaces-0.0.0-py3.10.egg-info/top_level.txt
[4.964s] -- Installing: /ros2_ws/install/task_2_interfaces/local/lib/python3.10/dist-packages/task_2_interfaces-0.0.0-py3.10.egg-info/dependency_links.txt
[4.965s] -- Installing: /ros2_ws/install/task_2_interfaces/local/lib/python3.10/dist-packages/task_2_interfaces
[4.966s] -- Installing: /ros2_ws/install/task_2_interfaces/local/lib/python3.10/dist-packages/task_2_interfaces/_task_2_interfaces_s.ep.rosidl_typesupport_fastrtps_c.c
[4.968s] -- Installing: /ros2_ws/install/task_2_interfaces/local/lib/python3.10/dist-packages/task_2_interfaces/task_2_interfaces_s__rosidl_typesupport_introspection_c.cpython-310-aarch64-linux-gnu.so
[4.970s] -- Installing: /ros2_ws/install/task_2_interfaces/local/lib/python3.10/dist-packages/task_2_interfaces/task_2_interfaces_s__rosidl_typesupport_fastrtps_c.cpython-310-aarch64-linux-gnu.so
[4.971s] -- Installing: /ros2_ws/install/task_2_interfaces/local/lib/python3.10/dist-packages/task_2_interfaces/msg
[4.972s] -- Installing: /ros2_ws/install/task_2_interfaces/local/lib/python3.10/dist-packages/task_2_interfaces/msg/_sphere.py
[4.974s] -- Installing: /ros2_ws/install/task_2_interfaces/local/lib/python3.10/dist-packages/task_2_interfaces/msg/_sphere_s.c
[4.975s] -- Installing: /ros2_ws/install/task_2_interfaces/local/lib/python3.10/dist-packages/task_2_interfaces/msg/_num_s.c
[4.977s] -- Installing: /ros2_ws/install/task_2_interfaces/local/lib/python3.10/dist-packages/task_2_interfaces/msg/_joint_data_s.c
[4.978s] -- Installing: /ros2_ws/install/task_2_interfaces/local/lib/python3.10/dist-packages/task_2_interfaces/msg/__init__.py
[4.980s] -- Installing: /ros2_ws/install/task_2_interfaces/local/lib/python3.10/dist-packages/task_2_interfaces/msg/_num.py
[4.981s] -- Installing: /ros2_ws/install/task_2_interfaces/local/lib/python3.10/dist-packages/task_2_interfaces/msg/_joint_data.py
[4.982s] -- Installing: /ros2_ws/install/task_2_interfaces/local/lib/python3.10/dist-packages/task_2_interfaces/__init__.py
[4.983s] -- Installing: /ros2_ws/install/task_2_interfaces/local/lib/python3.10/dist-packages/task_2_interfaces/task_2_interfaces_s__rosidl_typesupport_c.cpython-310-aarch64-linux-gnu.so
[4.985s] -- Installing: /ros2_ws/install/task_2_interfaces/local/lib/python3.10/dist-packages/task_2_interfaces/_task_2_interfaces_s.ep.rosidl_typesupport_introspection_c.c
[4.987s] -- Installing: /ros2_ws/install/task_2_interfaces/local/lib/python3.10/dist-packages/task_2_interfaces/_task_2_interfaces_s.ep.rosidl_typesupport_c.c
[4.988s] -- Installing: /ros2_ws/install/task_2_interfaces/local/lib/python3.10/dist-packages/task_2_interfaces/srv
[4.989s] -- Installing: /ros2_ws/install/task_2_interfaces/local/lib/python3.10/dist-packages/task_2_interfaces/srv/_joint_state.py
[4.991s] -- Installing: /ros2_ws/install/task_2_interfaces/local/lib/python3.10/dist-packages/task_2_interfaces/srv/_add_three_ints_s.c
[4.992s] -- Installing: /ros2_ws/install/task_2_interfaces/local/lib/python3.10/dist-packages/task_2_interfaces/srv/_joint_state_s.c
[4.994s] -- Installing: /ros2_ws/install/task_2_interfaces/local/lib/python3.10/dist-packages/task_2_interfaces/srv/__init__.py
[4.995s] -- Installing: /ros2_ws/install/task_2_interfaces/local/lib/python3.10/dist-packages/task_2_interfaces/srv/_add_three_ints.py
[4.997s] -- Installing: /ros2_ws/install/task_2_interfaces/local/lib/python3.10/dist-packages/task_2_interfaces/libtask_2_interfaces__rosidl_generator_py.so
[5.035s] Listing '/ros2_ws/install/task_2_interfaces/local/lib/python3.10/dist-packages/task_2_interfaces'...
[5.036s] Compiling '/ros2_ws/install/task_2_interfaces/local/lib/python3.10/dist-packages/task_2_interfaces/__init__.py'...
[5.036s] Listing '/ros2_ws/install/task_2_interfaces/local/lib/python3.10/dist-packages/task_2_interfaces/msg'...
[5.037s] Compiling '/ros2_ws/install/task_2_interfaces/local/lib/python3.10/dist-packages/task_2_interfaces/msg/__init__.py'...
[5.037s] Compiling '/ros2_ws/install/task_2_interfaces/local/lib/python3.10/dist-packages/task_2_interfaces/msg/_joint_data.py'...
[5.038s] Compiling '/ros2_ws/install/task_2_interfaces/local/lib/python3.10/dist-packages/task_2_interfaces/msg/_num.py'...
[5.038s] Compiling '/ros2_ws/install/task_2_interfaces/local/lib/python3.10/dist-packages/task_2_interfaces/msg/_sphere.py'...
[5.040s] Listing '/ros2_ws/install/task_2_interfaces/local/lib/python3.10/dist-packages/task_2_interfaces/srv'...
[5.041s] Compiling '/ros2_ws/install/task_2_interfaces/local/lib/python3.10/dist-packages/task_2_interfaces/srv/__init__.py'...
[5.041s] Compiling '/ros2_ws/install/task_2_interfaces/local/lib/python3.10/dist-packages/task_2_interfaces/srv/_add_three_ints.py'...
[5.041s] Compiling '/ros2_ws/install/task_2_interfaces/local/lib/python3.10/dist-packages/task_2_interfaces/srv/_joint_state.py'...
[5.042s] -- Installing: /ros2_ws/install/task_2_interfaces/local/lib/python3.10/dist-packages/task_2_interfaces/task_2_interfaces_s__rosidl_typesupport_fastrtps_c.cpython-310-aarch64-linux-gnu.so
[5.042s] -- Set runtime path of "/ros2_ws/install/task_2_interfaces/local/lib/python3.10/dist-packages/task_2_interfaces/task_2_interfaces_s__rosidl_typesupport_fastrtps_c.cpython-310-aarch64-linux-gnu.so" to ""
[5.043s] -- Installing: /ros2_ws/install/task_2_interfaces/local/lib/python3.10/dist-packages/task_2_interfaces/task_2_interfaces_s__rosidl_typesupport_introspection_c.cpython-310-aarch64-linux-gnu.so
[5.047s] -- Set runtime path of "/ros2_ws/install/task_2_interfaces/local/lib/python3.10/dist-packages/task_2_interfaces/task_2_interfaces_s__rosidl_typesupport_introspection_c.cpython-310-aarch64-linux-gnu.so" to ""
[5.048s] -- Installing: /ros2_ws/install/task_2_interfaces/local/lib/python3.10/dist-packages/task_2_interfaces/task_2_interfaces_s__rosidl_typesupport_c.cpython-310-aarch64-linux-gnu.so
[5.051s] -- Set runtime path of "/ros2_ws/install/task_2_interfaces/local/lib/python3.10/dist-packages/task_2_interfaces/task_2_interfaces_s__rosidl_typesupport_c.cpython-310-aarch64-linux-gnu.so" to ""
[5.052s] -- Installing: /ros2_ws/install/task_2_interfaces/lib/libtask_2_interfaces__rosidl_generator_py.so
[5.060s] -- Set runtime path of "/ros2_ws/install/task_2_interfaces/lib/libtask_2_interfaces__rosidl_generator_py.so" to ""
[5.061s] -- Installing: /ros2_ws/install/task_2_interfaces/share/task_2_interfaces/msg/JointData.idl
[5.063s] -- Installing: /ros2_ws/install/task_2_interfaces/share/task_2_interfaces/srv/JointState.idl
[5.065s] -- Installing: /ros2_ws/install/task_2_interfaces/share/task_2_interfaces/msg/Num.idl
[5.066s] -- Installing: /ros2_ws/install/task_2_interfaces/share/task_2_interfaces/msg/Sphere.idl
[5.068s] -- Installing: /ros2_ws/install/task_2_interfaces/share/task_2_interfaces/srv/AddThreeInts.idl
[5.069s] -- Installing: /ros2_ws/install/task_2_interfaces/share/task_2_interfaces/msg/JointData.msg
[5.070s] -- Installing: /ros2_ws/install/task_2_interfaces/share/task_2_interfaces/srv/JointState.srv
[5.072s] -- Installing: /ros2_ws/install/task_2_interfaces/share/task_2_interfaces/srv/JointState_Request.msg
[5.075s] -- Installing: /ros2_ws/install/task_2_interfaces/share/task_2_interfaces/srv/JointState_Response.msg
[5.077s] -- Installing: /ros2_ws/install/task_2_interfaces/share/task_2_interfaces/msg/Num.msg
[5.079s] -- Installing: /ros2_ws/install/task_2_interfaces/share/task_2_interfaces/msg/Sphere.msg
[5.080s] -- Installing: /ros2_ws/install/task_2_interfaces/share/task_2_interfaces/srv/AddThreeInts.srv
[5.082s] -- Installing: /ros2_ws/install/task_2_interfaces/share/task_2_interfaces/srv/AddThreeInts_Request.msg
[5.085s] -- Installing: /ros2_ws/install/task_2_interfaces/share/task_2_interfaces/srv/AddThreeInts_Response.msg
[5.087s] -- Installing: /ros2_ws/install/task_2_interfaces/share/ament_index/resource_index/package_run_dependencies/task_2_interfaces
[5.091s] -- Installing: /ros2_ws/install/task_2_interfaces/share/ament_index/resource_index/parent_prefix_path/task_2_interfaces
[5.099s] -- Installing: /ros2_ws/install/task_2_interfaces/share/task_2_interfaces/environment/ament_prefix_path.sh
[5.105s] -- Installing: /ros2_ws/install/task_2_interfaces/share/task_2_interfaces/environment/ament_prefix_path.dsv
[5.113s] -- Installing: /ros2_ws/install/task_2_interfaces/share/task_2_interfaces/environment/path.sh
[5.120s] -- Installing: /ros2_ws/install/task_2_interfaces/share/task_2_interfaces/environment/path.dsv
[5.126s] -- Installing: /ros2_ws/install/task_2_interfaces/share/task_2_interfaces/local_setup.bash
[5.136s] -- Installing: /ros2_ws/install/task_2_interfaces/share/task_2_interfaces/local_setup.sh
[5.142s] -- Installing: /ros2_ws/install/task_2_interfaces/share/task_2_interfaces/local_setup.zsh
[5.147s] -- Installing: /ros2_ws/install/task_2_interfaces/share/task_2_interfaces/local_setup.dsv
[5.153s] -- Installing: /ros2_ws/install/task_2_interfaces/share/task_2_interfaces/package.dsv
[5.158s] -- Installing: /ros2_ws/install/task_2_interfaces/share/ament_index/resource_index/packages/task_2_interfaces
[5.164s] -- Installing: /ros2_ws/install/task_2_interfaces/share/task_2_interfaces/cmake/export_task_2_interfaces__rosidl_generator_cExport.cmake
[5.170s] -- Installing: /ros2_ws/install/task_2_interfaces/share/task_2_interfaces/cmake/export_task_2_interfaces__rosidl_generator_cExport-noconfig.cmake
[5.178s] -- Installing: /ros2_ws/install/task_2_interfaces/share/task_2_interfaces/cmake/export_task_2_interfaces__rosidl_typesupport_fastrtps_cExport.cmake
[5.181s] -- Installing: /ros2_ws/install/task_2_interfaces/share/task_2_interfaces/cmake/export_task_2_interfaces__rosidl_typesupport_fastrtps_cExport-noconfig.cmake
[5.183s] -- Installing: /ros2_ws/install/task_2_interfaces/share/task_2_interfaces/cmake/task_2_interfaces__rosidl_typesupport_introspection_cExport.cmake
[5.185s] -- Installing: /ros2_ws/install/task_2_interfaces/share/task_2_interfaces/cmake/task_2_interfaces__rosidl_typesupport_introspection_cExport-noconfig.cmake
[5.188s] -- Installing: /ros2_ws/install/task_2_interfaces/share/task_2_interfaces/cmake/task_2_interfaces__rosidl_typesupport_cExport.cmake
[5.189s] -- Installing: /ros2_ws/install/task_2_interfaces/share/task_2_interfaces/cmake/task_2_interfaces__rosidl_typesupport_cExport-noconfig.cmake
[5.191s] -- Installing: /ros2_ws/install/task_2_interfaces/share/task_2_interfaces/cmake/export_task_2_interfaces__rosidl_generator_cppExport.cmake
[5.193s] -- Installing: /ros2_ws/install/task_2_interfaces/share/task_2_interfaces/cmake/export_task_2_interfaces__rosidl_typesupport_fastrtps_cppExport.cmake
[5.195s] -- Installing: /ros2_ws/install/task_2_interfaces/share/task_2_interfaces/cmake/export_task_2_interfaces__rosidl_typesupport_fastrtps_cppExport-noconfig.cmake
[5.196s] -- Installing: /ros2_ws/install/task_2_interfaces/share/task_2_interfaces/cmake/task_2_interfaces__rosidl_typesupport_introspection_cppExport.cmake
[5.198s] -- Installing: /ros2_ws/install/task_2_interfaces/share/task_2_interfaces/cmake/task_2_interfaces__rosidl_typesupport_introspection_cppExport-noconfig.cmake
[5.200s] -- Installing: /ros2_ws/install/task_2_interfaces/share/task_2_interfaces/cmake/task_2_interfaces__rosidl_typesupport_cppExport.cmake
[5.202s] -- Installing: /ros2_ws/install/task_2_interfaces/share/task_2_interfaces/cmake/task_2_interfaces__rosidl_typesupport_cppExport-noconfig.cmake
[5.204s] -- Installing: /ros2_ws/install/task_2_interfaces/share/task_2_interfaces/cmake/export_task_2_interfaces__rosidl_generator_pyExport.cmake
[5.206s] -- Installing: /ros2_ws/install/task_2_interfaces/share/task_2_interfaces/cmake/export_task_2_interfaces__rosidl_generator_pyExport-noconfig.cmake
[5.210s] -- Installing: /ros2_ws/install/task_2_interfaces/share/task_2_interfaces/cmake/rosidl_cmake-extras.cmake
[5.212s] -- Installing: /ros2_ws/install/task_2_interfaces/share/task_2_interfaces/cmake/ament_cmake_export_dependencies-extras.cmake
[5.214s] -- Installing: /ros2_ws/install/task_2_interfaces/share/task_2_interfaces/cmake/ament_cmake_export_include_directories-extras.cmake
[5.217s] -- Installing: /ros2_ws/install/task_2_interfaces/share/task_2_interfaces/cmake/ament_cmake_export_libraries-extras.cmake
[5.219s] -- Installing: /ros2_ws/install/task_2_interfaces/share/task_2_interfaces/cmake/ament_cmake_export_targets-extras.cmake
[5.221s] -- Installing: /ros2_ws/install/task_2_interfaces/share/task_2_interfaces/cmake/rosidl_cmake_export_typesupport_targets-extras.cmake
[5.222s] -- Installing: /ros2_ws/install/task_2_interfaces/share/task_2_interfaces/cmake/rosidl_cmake_export_typesupport_libraries-extras.cmake
[5.224s] -- Installing: /ros2_ws/install/task_2_interfaces/share/task_2_interfaces/cmake/task_2_interfacesConfig.cmake
[5.226s] -- Installing: /ros2_ws/install/task_2_interfaces/share/task_2_interfaces/cmake/task_2_interfacesConfig-version.cmake
[5.228s] -- Installing: /ros2_ws/install/task_2_interfaces/share/task_2_interfaces/package.xml
[5.231s] Invoked command in '/ros2_ws/build/task_2_interfaces' returned '0': /usr/bin/cmake --install /ros2_ws/build/task_2_interfaces
