[0.011s] Invoking command in '/ros2_ws/build/task_2_interfaces': /usr/bin/cmake --build /ros2_ws/build/task_2_interfaces -- -j8 -l8
[0.060s] [  1%] Built target task_2_interfaces__cpp
[0.083s] [ 12%] Built target task_2_interfaces__rosidl_generator_c
[0.118s] [ 26%] Built target task_2_interfaces__rosidl_typesupport_cpp
[0.124s] [ 46%] Built target task_2_interfaces__rosidl_typesupport_introspection_cpp
[0.125s] [ 46%] Built target task_2_interfaces__rosidl_typesupport_fastrtps_cpp
[0.133s] [ 61%] Built target task_2_interfaces__rosidl_typesupport_c
[0.137s] [ 73%] Built target task_2_interfaces__rosidl_typesupport_introspection_c
[0.141s] [ 79%] Built target task_2_interfaces__rosidl_typesupport_fastrtps_c
[0.158s] [ 79%] Built target task_2_interfaces
[0.165s] [ 79%] Built target ament_cmake_python_copy_task_2_interfaces
[0.174s] [ 80%] Built target task_2_interfaces__py
[0.219s] [ 90%] Built target task_2_interfaces__rosidl_generator_py
[0.247s] [ 95%] Built target task_2_interfaces__rosidl_typesupport_fastrtps_c__pyext
[0.248s] [ 96%] Built target task_2_interfaces__rosidl_typesupport_introspection_c__pyext
[0.257s] [100%] Built target task_2_interfaces__rosidl_typesupport_c__pyext
[0.287s] running egg_info
[0.288s] writing task_2_interfaces.egg-info/PKG-INFO
[0.291s] writing dependency_links to task_2_interfaces.egg-info/dependency_links.txt
[0.292s] writing top-level names to task_2_interfaces.egg-info/top_level.txt
[0.297s] reading manifest file 'task_2_interfaces.egg-info/SOURCES.txt'
[0.298s] writing manifest file 'task_2_interfaces.egg-info/SOURCES.txt'
[0.315s] [100%] Built target ament_cmake_python_build_task_2_interfaces_egg
[0.338s] Invoked command in '/ros2_ws/build/task_2_interfaces' returned '0': /usr/bin/cmake --build /ros2_ws/build/task_2_interfaces -- -j8 -l8
[0.348s] Invoking command in '/ros2_ws/build/task_2_interfaces': /usr/bin/cmake --install /ros2_ws/build/task_2_interfaces
[0.355s] -- Install configuration: ""
[0.356s] -- Up-to-date: /ros2_ws/install/task_2_interfaces/share/ament_index/resource_index/rosidl_interfaces/task_2_interfaces
[0.356s] -- Up-to-date: /ros2_ws/install/task_2_interfaces/include/task_2_interfaces/task_2_interfaces
[0.357s] -- Up-to-date: /ros2_ws/install/task_2_interfaces/include/task_2_interfaces/task_2_interfaces/msg
[0.357s] -- Up-to-date: /ros2_ws/install/task_2_interfaces/include/task_2_interfaces/task_2_interfaces/msg/rosidl_generator_c__visibility_control.h
[0.358s] -- Up-to-date: /ros2_ws/install/task_2_interfaces/include/task_2_interfaces/task_2_interfaces/msg/joint_data.h
[0.358s] -- Up-to-date: /ros2_ws/install/task_2_interfaces/include/task_2_interfaces/task_2_interfaces/msg/sphere.h
[0.358s] -- Up-to-date: /ros2_ws/install/task_2_interfaces/include/task_2_interfaces/task_2_interfaces/msg/num.h
[0.358s] -- Up-to-date: /ros2_ws/install/task_2_interfaces/include/task_2_interfaces/task_2_interfaces/msg/detail
[0.359s] -- Up-to-date: /ros2_ws/install/task_2_interfaces/include/task_2_interfaces/task_2_interfaces/msg/detail/num__functions.c
[0.359s] -- Up-to-date: /ros2_ws/install/task_2_interfaces/include/task_2_interfaces/task_2_interfaces/msg/detail/sphere__type_support.h
[0.359s] -- Up-to-date: /ros2_ws/install/task_2_interfaces/include/task_2_interfaces/task_2_interfaces/msg/detail/joint_data__functions.c
[0.360s] -- Up-to-date: /ros2_ws/install/task_2_interfaces/include/task_2_interfaces/task_2_interfaces/msg/detail/num__struct.h
[0.360s] -- Up-to-date: /ros2_ws/install/task_2_interfaces/include/task_2_interfaces/task_2_interfaces/msg/detail/joint_data__struct.h
[0.360s] -- Up-to-date: /ros2_ws/install/task_2_interfaces/include/task_2_interfaces/task_2_interfaces/msg/detail/sphere__functions.c
[0.361s] -- Up-to-date: /ros2_ws/install/task_2_interfaces/include/task_2_interfaces/task_2_interfaces/msg/detail/sphere__struct.h
[0.361s] -- Up-to-date: /ros2_ws/install/task_2_interfaces/include/task_2_interfaces/task_2_interfaces/msg/detail/num__functions.h
[0.361s] -- Up-to-date: /ros2_ws/install/task_2_interfaces/include/task_2_interfaces/task_2_interfaces/msg/detail/num__type_support.h
[0.362s] -- Up-to-date: /ros2_ws/install/task_2_interfaces/include/task_2_interfaces/task_2_interfaces/msg/detail/joint_data__functions.h
[0.362s] -- Up-to-date: /ros2_ws/install/task_2_interfaces/include/task_2_interfaces/task_2_interfaces/msg/detail/joint_data__type_support.h
[0.362s] -- Up-to-date: /ros2_ws/install/task_2_interfaces/include/task_2_interfaces/task_2_interfaces/msg/detail/sphere__functions.h
[0.363s] -- Up-to-date: /ros2_ws/install/task_2_interfaces/include/task_2_interfaces/task_2_interfaces/srv
[0.366s] -- Up-to-date: /ros2_ws/install/task_2_interfaces/include/task_2_interfaces/task_2_interfaces/srv/add_three_ints.h
[0.367s] -- Up-to-date: /ros2_ws/install/task_2_interfaces/include/task_2_interfaces/task_2_interfaces/srv/detail
[0.367s] -- Up-to-date: /ros2_ws/install/task_2_interfaces/include/task_2_interfaces/task_2_interfaces/srv/detail/add_three_ints__type_support.h
[0.368s] -- Up-to-date: /ros2_ws/install/task_2_interfaces/include/task_2_interfaces/task_2_interfaces/srv/detail/add_three_ints__struct.h
[0.368s] -- Up-to-date: /ros2_ws/install/task_2_interfaces/include/task_2_interfaces/task_2_interfaces/srv/detail/joint_state__type_support.h
[0.368s] -- Up-to-date: /ros2_ws/install/task_2_interfaces/include/task_2_interfaces/task_2_interfaces/srv/detail/add_three_ints__functions.c
[0.369s] -- Up-to-date: /ros2_ws/install/task_2_interfaces/include/task_2_interfaces/task_2_interfaces/srv/detail/joint_state__functions.h
[0.369s] -- Up-to-date: /ros2_ws/install/task_2_interfaces/include/task_2_interfaces/task_2_interfaces/srv/detail/joint_state__struct.h
[0.371s] -- Up-to-date: /ros2_ws/install/task_2_interfaces/include/task_2_interfaces/task_2_interfaces/srv/detail/add_three_ints__functions.h
[0.371s] -- Up-to-date: /ros2_ws/install/task_2_interfaces/include/task_2_interfaces/task_2_interfaces/srv/detail/joint_state__functions.c
[0.372s] -- Up-to-date: /ros2_ws/install/task_2_interfaces/include/task_2_interfaces/task_2_interfaces/srv/joint_state.h
[0.372s] -- Up-to-date: /ros2_ws/install/task_2_interfaces/share/task_2_interfaces/environment/library_path.sh
[0.373s] -- Up-to-date: /ros2_ws/install/task_2_interfaces/share/task_2_interfaces/environment/library_path.dsv
[0.374s] -- Up-to-date: /ros2_ws/install/task_2_interfaces/lib/libtask_2_interfaces__rosidl_generator_c.so
[0.374s] -- Up-to-date: /ros2_ws/install/task_2_interfaces/include/task_2_interfaces/task_2_interfaces
[0.375s] -- Up-to-date: /ros2_ws/install/task_2_interfaces/include/task_2_interfaces/task_2_interfaces/msg
[0.375s] -- Up-to-date: /ros2_ws/install/task_2_interfaces/include/task_2_interfaces/task_2_interfaces/msg/detail
[0.376s] -- Up-to-date: /ros2_ws/install/task_2_interfaces/include/task_2_interfaces/task_2_interfaces/msg/detail/sphere__rosidl_typesupport_fastrtps_c.h
[0.376s] -- Up-to-date: /ros2_ws/install/task_2_interfaces/include/task_2_interfaces/task_2_interfaces/msg/detail/num__rosidl_typesupport_fastrtps_c.h
[0.376s] -- Up-to-date: /ros2_ws/install/task_2_interfaces/include/task_2_interfaces/task_2_interfaces/msg/detail/joint_data__rosidl_typesupport_fastrtps_c.h
[0.377s] -- Up-to-date: /ros2_ws/install/task_2_interfaces/include/task_2_interfaces/task_2_interfaces/msg/rosidl_typesupport_fastrtps_c__visibility_control.h
[0.377s] -- Up-to-date: /ros2_ws/install/task_2_interfaces/include/task_2_interfaces/task_2_interfaces/srv
[0.377s] -- Up-to-date: /ros2_ws/install/task_2_interfaces/include/task_2_interfaces/task_2_interfaces/srv/detail
[0.378s] -- Up-to-date: /ros2_ws/install/task_2_interfaces/include/task_2_interfaces/task_2_interfaces/srv/detail/add_three_ints__rosidl_typesupport_fastrtps_c.h
[0.378s] -- Up-to-date: /ros2_ws/install/task_2_interfaces/include/task_2_interfaces/task_2_interfaces/srv/detail/joint_state__rosidl_typesupport_fastrtps_c.h
[0.379s] -- Up-to-date: /ros2_ws/install/task_2_interfaces/lib/libtask_2_interfaces__rosidl_typesupport_fastrtps_c.so
[0.382s] -- Up-to-date: /ros2_ws/install/task_2_interfaces/include/task_2_interfaces/task_2_interfaces
[0.383s] -- Up-to-date: /ros2_ws/install/task_2_interfaces/include/task_2_interfaces/task_2_interfaces/msg
[0.383s] -- Up-to-date: /ros2_ws/install/task_2_interfaces/include/task_2_interfaces/task_2_interfaces/msg/detail
[0.384s] -- Up-to-date: /ros2_ws/install/task_2_interfaces/include/task_2_interfaces/task_2_interfaces/msg/detail/num__type_support.c
[0.384s] -- Up-to-date: /ros2_ws/install/task_2_interfaces/include/task_2_interfaces/task_2_interfaces/msg/detail/num__rosidl_typesupport_introspection_c.h
[0.384s] -- Up-to-date: /ros2_ws/install/task_2_interfaces/include/task_2_interfaces/task_2_interfaces/msg/detail/sphere__rosidl_typesupport_introspection_c.h
[0.385s] -- Up-to-date: /ros2_ws/install/task_2_interfaces/include/task_2_interfaces/task_2_interfaces/msg/detail/joint_data__type_support.c
[0.385s] -- Up-to-date: /ros2_ws/install/task_2_interfaces/include/task_2_interfaces/task_2_interfaces/msg/detail/sphere__type_support.c
[0.385s] -- Up-to-date: /ros2_ws/install/task_2_interfaces/include/task_2_interfaces/task_2_interfaces/msg/detail/joint_data__rosidl_typesupport_introspection_c.h
[0.386s] -- Up-to-date: /ros2_ws/install/task_2_interfaces/include/task_2_interfaces/task_2_interfaces/msg/rosidl_typesupport_introspection_c__visibility_control.h
[0.388s] -- Up-to-date: /ros2_ws/install/task_2_interfaces/include/task_2_interfaces/task_2_interfaces/srv
[0.388s] -- Up-to-date: /ros2_ws/install/task_2_interfaces/include/task_2_interfaces/task_2_interfaces/srv/detail
[0.389s] -- Up-to-date: /ros2_ws/install/task_2_interfaces/include/task_2_interfaces/task_2_interfaces/srv/detail/joint_state__rosidl_typesupport_introspection_c.h
[0.389s] -- Up-to-date: /ros2_ws/install/task_2_interfaces/include/task_2_interfaces/task_2_interfaces/srv/detail/joint_state__type_support.c
[0.389s] -- Up-to-date: /ros2_ws/install/task_2_interfaces/include/task_2_interfaces/task_2_interfaces/srv/detail/add_three_ints__type_support.c
[0.390s] -- Up-to-date: /ros2_ws/install/task_2_interfaces/include/task_2_interfaces/task_2_interfaces/srv/detail/add_three_ints__rosidl_typesupport_introspection_c.h
[0.391s] -- Up-to-date: /ros2_ws/install/task_2_interfaces/lib/libtask_2_interfaces__rosidl_typesupport_introspection_c.so
[0.392s] -- Up-to-date: /ros2_ws/install/task_2_interfaces/lib/libtask_2_interfaces__rosidl_typesupport_c.so
[0.392s] -- Up-to-date: /ros2_ws/install/task_2_interfaces/include/task_2_interfaces/task_2_interfaces
[0.393s] -- Up-to-date: /ros2_ws/install/task_2_interfaces/include/task_2_interfaces/task_2_interfaces/msg
[0.393s] -- Up-to-date: /ros2_ws/install/task_2_interfaces/include/task_2_interfaces/task_2_interfaces/msg/sphere.hpp
[0.393s] -- Up-to-date: /ros2_ws/install/task_2_interfaces/include/task_2_interfaces/task_2_interfaces/msg/joint_data.hpp
[0.394s] -- Up-to-date: /ros2_ws/install/task_2_interfaces/include/task_2_interfaces/task_2_interfaces/msg/detail
[0.395s] -- Up-to-date: /ros2_ws/install/task_2_interfaces/include/task_2_interfaces/task_2_interfaces/msg/detail/num__type_support.hpp
[0.395s] -- Up-to-date: /ros2_ws/install/task_2_interfaces/include/task_2_interfaces/task_2_interfaces/msg/detail/sphere__builder.hpp
[0.395s] -- Up-to-date: /ros2_ws/install/task_2_interfaces/include/task_2_interfaces/task_2_interfaces/msg/detail/sphere__type_support.hpp
[0.396s] -- Up-to-date: /ros2_ws/install/task_2_interfaces/include/task_2_interfaces/task_2_interfaces/msg/detail/sphere__struct.hpp
[0.396s] -- Up-to-date: /ros2_ws/install/task_2_interfaces/include/task_2_interfaces/task_2_interfaces/msg/detail/joint_data__traits.hpp
[0.396s] -- Up-to-date: /ros2_ws/install/task_2_interfaces/include/task_2_interfaces/task_2_interfaces/msg/detail/joint_data__builder.hpp
[0.396s] -- Up-to-date: /ros2_ws/install/task_2_interfaces/include/task_2_interfaces/task_2_interfaces/msg/detail/num__traits.hpp
[0.397s] -- Up-to-date: /ros2_ws/install/task_2_interfaces/include/task_2_interfaces/task_2_interfaces/msg/detail/num__builder.hpp
[0.397s] -- Up-to-date: /ros2_ws/install/task_2_interfaces/include/task_2_interfaces/task_2_interfaces/msg/detail/sphere__traits.hpp
[0.398s] -- Up-to-date: /ros2_ws/install/task_2_interfaces/include/task_2_interfaces/task_2_interfaces/msg/detail/num__struct.hpp
[0.398s] -- Up-to-date: /ros2_ws/install/task_2_interfaces/include/task_2_interfaces/task_2_interfaces/msg/detail/joint_data__type_support.hpp
[0.398s] -- Up-to-date: /ros2_ws/install/task_2_interfaces/include/task_2_interfaces/task_2_interfaces/msg/detail/joint_data__struct.hpp
[0.399s] -- Up-to-date: /ros2_ws/install/task_2_interfaces/include/task_2_interfaces/task_2_interfaces/msg/rosidl_generator_cpp__visibility_control.hpp
[0.399s] -- Up-to-date: /ros2_ws/install/task_2_interfaces/include/task_2_interfaces/task_2_interfaces/msg/num.hpp
[0.399s] -- Up-to-date: /ros2_ws/install/task_2_interfaces/include/task_2_interfaces/task_2_interfaces/srv
[0.400s] -- Up-to-date: /ros2_ws/install/task_2_interfaces/include/task_2_interfaces/task_2_interfaces/srv/add_three_ints.hpp
[0.400s] -- Up-to-date: /ros2_ws/install/task_2_interfaces/include/task_2_interfaces/task_2_interfaces/srv/detail
[0.401s] -- Up-to-date: /ros2_ws/install/task_2_interfaces/include/task_2_interfaces/task_2_interfaces/srv/detail/joint_state__struct.hpp
[0.402s] -- Up-to-date: /ros2_ws/install/task_2_interfaces/include/task_2_interfaces/task_2_interfaces/srv/detail/add_three_ints__struct.hpp
[0.402s] -- Up-to-date: /ros2_ws/install/task_2_interfaces/include/task_2_interfaces/task_2_interfaces/srv/detail/add_three_ints__builder.hpp
[0.403s] -- Up-to-date: /ros2_ws/install/task_2_interfaces/include/task_2_interfaces/task_2_interfaces/srv/detail/joint_state__type_support.hpp
[0.403s] -- Up-to-date: /ros2_ws/install/task_2_interfaces/include/task_2_interfaces/task_2_interfaces/srv/detail/joint_state__builder.hpp
[0.403s] -- Up-to-date: /ros2_ws/install/task_2_interfaces/include/task_2_interfaces/task_2_interfaces/srv/detail/joint_state__traits.hpp
[0.403s] -- Up-to-date: /ros2_ws/install/task_2_interfaces/include/task_2_interfaces/task_2_interfaces/srv/detail/add_three_ints__traits.hpp
[0.404s] -- Up-to-date: /ros2_ws/install/task_2_interfaces/include/task_2_interfaces/task_2_interfaces/srv/detail/add_three_ints__type_support.hpp
[0.404s] -- Up-to-date: /ros2_ws/install/task_2_interfaces/include/task_2_interfaces/task_2_interfaces/srv/joint_state.hpp
[0.404s] -- Up-to-date: /ros2_ws/install/task_2_interfaces/include/task_2_interfaces/task_2_interfaces
[0.405s] -- Up-to-date: /ros2_ws/install/task_2_interfaces/include/task_2_interfaces/task_2_interfaces/msg
[0.405s] -- Up-to-date: /ros2_ws/install/task_2_interfaces/include/task_2_interfaces/task_2_interfaces/msg/rosidl_typesupport_fastrtps_cpp__visibility_control.h
[0.406s] -- Up-to-date: /ros2_ws/install/task_2_interfaces/include/task_2_interfaces/task_2_interfaces/msg/detail
[0.406s] -- Up-to-date: /ros2_ws/install/task_2_interfaces/include/task_2_interfaces/task_2_interfaces/msg/detail/joint_data__rosidl_typesupport_fastrtps_cpp.hpp
[0.407s] -- Up-to-date: /ros2_ws/install/task_2_interfaces/include/task_2_interfaces/task_2_interfaces/msg/detail/num__rosidl_typesupport_fastrtps_cpp.hpp
[0.407s] -- Up-to-date: /ros2_ws/install/task_2_interfaces/include/task_2_interfaces/task_2_interfaces/msg/detail/dds_fastrtps
[0.407s] -- Up-to-date: /ros2_ws/install/task_2_interfaces/include/task_2_interfaces/task_2_interfaces/msg/detail/sphere__rosidl_typesupport_fastrtps_cpp.hpp
[0.408s] -- Up-to-date: /ros2_ws/install/task_2_interfaces/include/task_2_interfaces/task_2_interfaces/srv
[0.409s] -- Up-to-date: /ros2_ws/install/task_2_interfaces/include/task_2_interfaces/task_2_interfaces/srv/detail
[0.409s] -- Up-to-date: /ros2_ws/install/task_2_interfaces/include/task_2_interfaces/task_2_interfaces/srv/detail/add_three_ints__rosidl_typesupport_fastrtps_cpp.hpp
[0.409s] -- Up-to-date: /ros2_ws/install/task_2_interfaces/include/task_2_interfaces/task_2_interfaces/srv/detail/dds_fastrtps
[0.410s] -- Up-to-date: /ros2_ws/install/task_2_interfaces/include/task_2_interfaces/task_2_interfaces/srv/detail/joint_state__rosidl_typesupport_fastrtps_cpp.hpp
[0.411s] -- Up-to-date: /ros2_ws/install/task_2_interfaces/lib/libtask_2_interfaces__rosidl_typesupport_fastrtps_cpp.so
[0.412s] -- Up-to-date: /ros2_ws/install/task_2_interfaces/include/task_2_interfaces/task_2_interfaces
[0.416s] -- Up-to-date: /ros2_ws/install/task_2_interfaces/include/task_2_interfaces/task_2_interfaces/msg
[0.417s] -- Up-to-date: /ros2_ws/install/task_2_interfaces/include/task_2_interfaces/task_2_interfaces/msg/detail
[0.418s] -- Up-to-date: /ros2_ws/install/task_2_interfaces/include/task_2_interfaces/task_2_interfaces/msg/detail/num__rosidl_typesupport_introspection_cpp.hpp
[0.418s] -- Up-to-date: /ros2_ws/install/task_2_interfaces/include/task_2_interfaces/task_2_interfaces/msg/detail/joint_data__type_support.cpp
[0.418s] -- Up-to-date: /ros2_ws/install/task_2_interfaces/include/task_2_interfaces/task_2_interfaces/msg/detail/sphere__rosidl_typesupport_introspection_cpp.hpp
[0.419s] -- Up-to-date: /ros2_ws/install/task_2_interfaces/include/task_2_interfaces/task_2_interfaces/msg/detail/joint_data__rosidl_typesupport_introspection_cpp.hpp
[0.419s] -- Up-to-date: /ros2_ws/install/task_2_interfaces/include/task_2_interfaces/task_2_interfaces/msg/detail/num__type_support.cpp
[0.419s] -- Up-to-date: /ros2_ws/install/task_2_interfaces/include/task_2_interfaces/task_2_interfaces/msg/detail/sphere__type_support.cpp
[0.420s] -- Up-to-date: /ros2_ws/install/task_2_interfaces/include/task_2_interfaces/task_2_interfaces/srv
[0.420s] -- Up-to-date: /ros2_ws/install/task_2_interfaces/include/task_2_interfaces/task_2_interfaces/srv/detail
[0.421s] -- Up-to-date: /ros2_ws/install/task_2_interfaces/include/task_2_interfaces/task_2_interfaces/srv/detail/add_three_ints__type_support.cpp
[0.421s] -- Up-to-date: /ros2_ws/install/task_2_interfaces/include/task_2_interfaces/task_2_interfaces/srv/detail/joint_state__type_support.cpp
[0.421s] -- Up-to-date: /ros2_ws/install/task_2_interfaces/include/task_2_interfaces/task_2_interfaces/srv/detail/add_three_ints__rosidl_typesupport_introspection_cpp.hpp
[0.422s] -- Up-to-date: /ros2_ws/install/task_2_interfaces/include/task_2_interfaces/task_2_interfaces/srv/detail/joint_state__rosidl_typesupport_introspection_cpp.hpp
[0.425s] -- Up-to-date: /ros2_ws/install/task_2_interfaces/lib/libtask_2_interfaces__rosidl_typesupport_introspection_cpp.so
[0.426s] -- Up-to-date: /ros2_ws/install/task_2_interfaces/lib/libtask_2_interfaces__rosidl_typesupport_cpp.so
[0.427s] -- Up-to-date: /ros2_ws/install/task_2_interfaces/share/task_2_interfaces/environment/pythonpath.sh
[0.427s] -- Up-to-date: /ros2_ws/install/task_2_interfaces/share/task_2_interfaces/environment/pythonpath.dsv
[0.428s] -- Up-to-date: /ros2_ws/install/task_2_interfaces/local/lib/python3.10/dist-packages/task_2_interfaces-0.0.0-py3.10.egg-info
[0.428s] -- Installing: /ros2_ws/install/task_2_interfaces/local/lib/python3.10/dist-packages/task_2_interfaces-0.0.0-py3.10.egg-info/PKG-INFO
[0.429s] -- Installing: /ros2_ws/install/task_2_interfaces/local/lib/python3.10/dist-packages/task_2_interfaces-0.0.0-py3.10.egg-info/SOURCES.txt
[0.431s] -- Installing: /ros2_ws/install/task_2_interfaces/local/lib/python3.10/dist-packages/task_2_interfaces-0.0.0-py3.10.egg-info/top_level.txt
[0.433s] -- Installing: /ros2_ws/install/task_2_interfaces/local/lib/python3.10/dist-packages/task_2_interfaces-0.0.0-py3.10.egg-info/dependency_links.txt
[0.435s] -- Up-to-date: /ros2_ws/install/task_2_interfaces/local/lib/python3.10/dist-packages/task_2_interfaces
[0.436s] -- Up-to-date: /ros2_ws/install/task_2_interfaces/local/lib/python3.10/dist-packages/task_2_interfaces/_task_2_interfaces_s.ep.rosidl_typesupport_fastrtps_c.c
[0.436s] -- Up-to-date: /ros2_ws/install/task_2_interfaces/local/lib/python3.10/dist-packages/task_2_interfaces/task_2_interfaces_s__rosidl_typesupport_introspection_c.cpython-310-aarch64-linux-gnu.so
[0.436s] -- Up-to-date: /ros2_ws/install/task_2_interfaces/local/lib/python3.10/dist-packages/task_2_interfaces/task_2_interfaces_s__rosidl_typesupport_fastrtps_c.cpython-310-aarch64-linux-gnu.so
[0.440s] -- Up-to-date: /ros2_ws/install/task_2_interfaces/local/lib/python3.10/dist-packages/task_2_interfaces/msg
[0.441s] -- Up-to-date: /ros2_ws/install/task_2_interfaces/local/lib/python3.10/dist-packages/task_2_interfaces/msg/_sphere.py
[0.442s] -- Up-to-date: /ros2_ws/install/task_2_interfaces/local/lib/python3.10/dist-packages/task_2_interfaces/msg/_sphere_s.c
[0.442s] -- Up-to-date: /ros2_ws/install/task_2_interfaces/local/lib/python3.10/dist-packages/task_2_interfaces/msg/_num_s.c
[0.442s] -- Up-to-date: /ros2_ws/install/task_2_interfaces/local/lib/python3.10/dist-packages/task_2_interfaces/msg/_joint_data_s.c
[0.442s] -- Up-to-date: /ros2_ws/install/task_2_interfaces/local/lib/python3.10/dist-packages/task_2_interfaces/msg/__init__.py
[0.443s] -- Up-to-date: /ros2_ws/install/task_2_interfaces/local/lib/python3.10/dist-packages/task_2_interfaces/msg/_num.py
[0.443s] -- Up-to-date: /ros2_ws/install/task_2_interfaces/local/lib/python3.10/dist-packages/task_2_interfaces/msg/_joint_data.py
[0.444s] -- Up-to-date: /ros2_ws/install/task_2_interfaces/local/lib/python3.10/dist-packages/task_2_interfaces/__init__.py
[0.444s] -- Up-to-date: /ros2_ws/install/task_2_interfaces/local/lib/python3.10/dist-packages/task_2_interfaces/task_2_interfaces_s__rosidl_typesupport_c.cpython-310-aarch64-linux-gnu.so
[0.444s] -- Up-to-date: /ros2_ws/install/task_2_interfaces/local/lib/python3.10/dist-packages/task_2_interfaces/_task_2_interfaces_s.ep.rosidl_typesupport_introspection_c.c
[0.444s] -- Up-to-date: /ros2_ws/install/task_2_interfaces/local/lib/python3.10/dist-packages/task_2_interfaces/_task_2_interfaces_s.ep.rosidl_typesupport_c.c
[0.445s] -- Up-to-date: /ros2_ws/install/task_2_interfaces/local/lib/python3.10/dist-packages/task_2_interfaces/srv
[0.445s] -- Up-to-date: /ros2_ws/install/task_2_interfaces/local/lib/python3.10/dist-packages/task_2_interfaces/srv/_joint_state.py
[0.446s] -- Up-to-date: /ros2_ws/install/task_2_interfaces/local/lib/python3.10/dist-packages/task_2_interfaces/srv/_add_three_ints_s.c
[0.446s] -- Up-to-date: /ros2_ws/install/task_2_interfaces/local/lib/python3.10/dist-packages/task_2_interfaces/srv/_joint_state_s.c
[0.446s] -- Up-to-date: /ros2_ws/install/task_2_interfaces/local/lib/python3.10/dist-packages/task_2_interfaces/srv/__init__.py
[0.447s] -- Up-to-date: /ros2_ws/install/task_2_interfaces/local/lib/python3.10/dist-packages/task_2_interfaces/srv/_add_three_ints.py
[0.447s] -- Up-to-date: /ros2_ws/install/task_2_interfaces/local/lib/python3.10/dist-packages/task_2_interfaces/libtask_2_interfaces__rosidl_generator_py.so
[0.474s] Listing '/ros2_ws/install/task_2_interfaces/local/lib/python3.10/dist-packages/task_2_interfaces'...
[0.474s] Listing '/ros2_ws/install/task_2_interfaces/local/lib/python3.10/dist-packages/task_2_interfaces/msg'...
[0.475s] Listing '/ros2_ws/install/task_2_interfaces/local/lib/python3.10/dist-packages/task_2_interfaces/srv'...
[0.476s] -- Up-to-date: /ros2_ws/install/task_2_interfaces/local/lib/python3.10/dist-packages/task_2_interfaces/task_2_interfaces_s__rosidl_typesupport_fastrtps_c.cpython-310-aarch64-linux-gnu.so
[0.478s] -- Up-to-date: /ros2_ws/install/task_2_interfaces/local/lib/python3.10/dist-packages/task_2_interfaces/task_2_interfaces_s__rosidl_typesupport_introspection_c.cpython-310-aarch64-linux-gnu.so
[0.479s] -- Up-to-date: /ros2_ws/install/task_2_interfaces/local/lib/python3.10/dist-packages/task_2_interfaces/task_2_interfaces_s__rosidl_typesupport_c.cpython-310-aarch64-linux-gnu.so
[0.480s] -- Up-to-date: /ros2_ws/install/task_2_interfaces/lib/libtask_2_interfaces__rosidl_generator_py.so
[0.481s] -- Up-to-date: /ros2_ws/install/task_2_interfaces/share/task_2_interfaces/msg/JointData.idl
[0.482s] -- Up-to-date: /ros2_ws/install/task_2_interfaces/share/task_2_interfaces/srv/JointState.idl
[0.482s] -- Up-to-date: /ros2_ws/install/task_2_interfaces/share/task_2_interfaces/msg/Num.idl
[0.483s] -- Up-to-date: /ros2_ws/install/task_2_interfaces/share/task_2_interfaces/msg/Sphere.idl
[0.483s] -- Up-to-date: /ros2_ws/install/task_2_interfaces/share/task_2_interfaces/srv/AddThreeInts.idl
[0.484s] -- Up-to-date: /ros2_ws/install/task_2_interfaces/share/task_2_interfaces/msg/JointData.msg
[0.486s] -- Up-to-date: /ros2_ws/install/task_2_interfaces/share/task_2_interfaces/srv/JointState.srv
[0.486s] -- Up-to-date: /ros2_ws/install/task_2_interfaces/share/task_2_interfaces/srv/JointState_Request.msg
[0.486s] -- Up-to-date: /ros2_ws/install/task_2_interfaces/share/task_2_interfaces/srv/JointState_Response.msg
[0.487s] -- Up-to-date: /ros2_ws/install/task_2_interfaces/share/task_2_interfaces/msg/Num.msg
[0.487s] -- Up-to-date: /ros2_ws/install/task_2_interfaces/share/task_2_interfaces/msg/Sphere.msg
[0.489s] -- Up-to-date: /ros2_ws/install/task_2_interfaces/share/task_2_interfaces/srv/AddThreeInts.srv
[0.489s] -- Up-to-date: /ros2_ws/install/task_2_interfaces/share/task_2_interfaces/srv/AddThreeInts_Request.msg
[0.489s] -- Up-to-date: /ros2_ws/install/task_2_interfaces/share/task_2_interfaces/srv/AddThreeInts_Response.msg
[0.491s] -- Up-to-date: /ros2_ws/install/task_2_interfaces/share/ament_index/resource_index/package_run_dependencies/task_2_interfaces
[0.491s] -- Up-to-date: /ros2_ws/install/task_2_interfaces/share/ament_index/resource_index/parent_prefix_path/task_2_interfaces
[0.492s] -- Up-to-date: /ros2_ws/install/task_2_interfaces/share/task_2_interfaces/environment/ament_prefix_path.sh
[0.493s] -- Up-to-date: /ros2_ws/install/task_2_interfaces/share/task_2_interfaces/environment/ament_prefix_path.dsv
[0.493s] -- Up-to-date: /ros2_ws/install/task_2_interfaces/share/task_2_interfaces/environment/path.sh
[0.495s] -- Up-to-date: /ros2_ws/install/task_2_interfaces/share/task_2_interfaces/environment/path.dsv
[0.495s] -- Up-to-date: /ros2_ws/install/task_2_interfaces/share/task_2_interfaces/local_setup.bash
[0.496s] -- Up-to-date: /ros2_ws/install/task_2_interfaces/share/task_2_interfaces/local_setup.sh
[0.496s] -- Up-to-date: /ros2_ws/install/task_2_interfaces/share/task_2_interfaces/local_setup.zsh
[0.497s] -- Up-to-date: /ros2_ws/install/task_2_interfaces/share/task_2_interfaces/local_setup.dsv
[0.498s] -- Installing: /ros2_ws/install/task_2_interfaces/share/task_2_interfaces/package.dsv
[0.498s] -- Up-to-date: /ros2_ws/install/task_2_interfaces/share/ament_index/resource_index/packages/task_2_interfaces
[0.499s] -- Up-to-date: /ros2_ws/install/task_2_interfaces/share/task_2_interfaces/cmake/export_task_2_interfaces__rosidl_generator_cExport.cmake
[0.499s] -- Up-to-date: /ros2_ws/install/task_2_interfaces/share/task_2_interfaces/cmake/export_task_2_interfaces__rosidl_generator_cExport-noconfig.cmake
[0.501s] -- Up-to-date: /ros2_ws/install/task_2_interfaces/share/task_2_interfaces/cmake/export_task_2_interfaces__rosidl_typesupport_fastrtps_cExport.cmake
[0.501s] -- Up-to-date: /ros2_ws/install/task_2_interfaces/share/task_2_interfaces/cmake/export_task_2_interfaces__rosidl_typesupport_fastrtps_cExport-noconfig.cmake
[0.503s] -- Up-to-date: /ros2_ws/install/task_2_interfaces/share/task_2_interfaces/cmake/task_2_interfaces__rosidl_typesupport_introspection_cExport.cmake
[0.503s] -- Up-to-date: /ros2_ws/install/task_2_interfaces/share/task_2_interfaces/cmake/task_2_interfaces__rosidl_typesupport_introspection_cExport-noconfig.cmake
[0.504s] -- Up-to-date: /ros2_ws/install/task_2_interfaces/share/task_2_interfaces/cmake/task_2_interfaces__rosidl_typesupport_cExport.cmake
[0.505s] -- Up-to-date: /ros2_ws/install/task_2_interfaces/share/task_2_interfaces/cmake/task_2_interfaces__rosidl_typesupport_cExport-noconfig.cmake
[0.506s] -- Up-to-date: /ros2_ws/install/task_2_interfaces/share/task_2_interfaces/cmake/export_task_2_interfaces__rosidl_generator_cppExport.cmake
[0.507s] -- Up-to-date: /ros2_ws/install/task_2_interfaces/share/task_2_interfaces/cmake/export_task_2_interfaces__rosidl_typesupport_fastrtps_cppExport.cmake
[0.507s] -- Up-to-date: /ros2_ws/install/task_2_interfaces/share/task_2_interfaces/cmake/export_task_2_interfaces__rosidl_typesupport_fastrtps_cppExport-noconfig.cmake
[0.508s] -- Up-to-date: /ros2_ws/install/task_2_interfaces/share/task_2_interfaces/cmake/task_2_interfaces__rosidl_typesupport_introspection_cppExport.cmake
[0.508s] -- Up-to-date: /ros2_ws/install/task_2_interfaces/share/task_2_interfaces/cmake/task_2_interfaces__rosidl_typesupport_introspection_cppExport-noconfig.cmake
[0.510s] -- Up-to-date: /ros2_ws/install/task_2_interfaces/share/task_2_interfaces/cmake/task_2_interfaces__rosidl_typesupport_cppExport.cmake
[0.510s] -- Up-to-date: /ros2_ws/install/task_2_interfaces/share/task_2_interfaces/cmake/task_2_interfaces__rosidl_typesupport_cppExport-noconfig.cmake
[0.511s] -- Up-to-date: /ros2_ws/install/task_2_interfaces/share/task_2_interfaces/cmake/export_task_2_interfaces__rosidl_generator_pyExport.cmake
[0.511s] -- Up-to-date: /ros2_ws/install/task_2_interfaces/share/task_2_interfaces/cmake/export_task_2_interfaces__rosidl_generator_pyExport-noconfig.cmake
[0.511s] -- Up-to-date: /ros2_ws/install/task_2_interfaces/share/task_2_interfaces/cmake/rosidl_cmake-extras.cmake
[0.512s] -- Up-to-date: /ros2_ws/install/task_2_interfaces/share/task_2_interfaces/cmake/ament_cmake_export_dependencies-extras.cmake
[0.512s] -- Up-to-date: /ros2_ws/install/task_2_interfaces/share/task_2_interfaces/cmake/ament_cmake_export_include_directories-extras.cmake
[0.512s] -- Up-to-date: /ros2_ws/install/task_2_interfaces/share/task_2_interfaces/cmake/ament_cmake_export_libraries-extras.cmake
[0.512s] -- Up-to-date: /ros2_ws/install/task_2_interfaces/share/task_2_interfaces/cmake/ament_cmake_export_targets-extras.cmake
[0.513s] -- Up-to-date: /ros2_ws/install/task_2_interfaces/share/task_2_interfaces/cmake/rosidl_cmake_export_typesupport_targets-extras.cmake
[0.514s] -- Up-to-date: /ros2_ws/install/task_2_interfaces/share/task_2_interfaces/cmake/rosidl_cmake_export_typesupport_libraries-extras.cmake
[0.514s] -- Up-to-date: /ros2_ws/install/task_2_interfaces/share/task_2_interfaces/cmake/task_2_interfacesConfig.cmake
[0.514s] -- Up-to-date: /ros2_ws/install/task_2_interfaces/share/task_2_interfaces/cmake/task_2_interfacesConfig-version.cmake
[0.515s] -- Up-to-date: /ros2_ws/install/task_2_interfaces/share/task_2_interfaces/package.xml
[0.517s] Invoked command in '/ros2_ws/build/task_2_interfaces' returned '0': /usr/bin/cmake --install /ros2_ws/build/task_2_interfaces
