[0.400s] Invoking command in '/ros2_ws/src/task_1': PYTHONPATH=/ros2_ws/build/task_1/prefix_override:/usr/lib/python3/dist-packages/colcon_core/task/python/colcon_distutils_commands:/ros2_ws/install/task_1/lib/python3.10/site-packages:${PYTHONPATH} /usr/bin/python3 -W ignore:setup.py install is deprecated -W ignore:easy_install command is deprecated setup.py egg_info --egg-base ../../build/task_1 build --build-base /ros2_ws/build/task_1/build install --record /ros2_ws/build/task_1/install.log --single-version-externally-managed install_data
[0.548s] running egg_info
[0.549s] writing ../../build/task_1/task_1.egg-info/PKG-INFO
[0.550s] writing dependency_links to ../../build/task_1/task_1.egg-info/dependency_links.txt
[0.552s] writing entry points to ../../build/task_1/task_1.egg-info/entry_points.txt
[0.553s] writing requirements to ../../build/task_1/task_1.egg-info/requires.txt
[0.554s] writing top-level names to ../../build/task_1/task_1.egg-info/top_level.txt
[0.559s] reading manifest file '../../build/task_1/task_1.egg-info/SOURCES.txt'
[0.562s] writing manifest file '../../build/task_1/task_1.egg-info/SOURCES.txt'
[0.565s] running build
[0.565s] running build_py
[0.567s] running install
[0.567s] running install_lib
[0.570s] running install_data
[0.570s] running install_egg_info
[0.571s] removing '/ros2_ws/install/task_1/lib/python3.10/site-packages/task_1-0.0.0-py3.10.egg-info' (and everything under it)
[0.573s] Copying ../../build/task_1/task_1.egg-info to /ros2_ws/install/task_1/lib/python3.10/site-packages/task_1-0.0.0-py3.10.egg-info
[0.580s] running install_scripts
[0.592s] Installing listener script to /ros2_ws/install/task_1/lib/task_1
[0.594s] Installing talker script to /ros2_ws/install/task_1/lib/task_1
[0.600s] writing list of installed files to '/ros2_ws/build/task_1/install.log'
[0.611s] Invoked command in '/ros2_ws/src/task_1' returned '0': PYTHONPATH=/ros2_ws/build/task_1/prefix_override:/usr/lib/python3/dist-packages/colcon_core/task/python/colcon_distutils_commands:/ros2_ws/install/task_1/lib/python3.10/site-packages:${PYTHONPATH} /usr/bin/python3 -W ignore:setup.py install is deprecated -W ignore:easy_install command is deprecated setup.py egg_info --egg-base ../../build/task_1 build --build-base /ros2_ws/build/task_1/build install --record /ros2_ws/build/task_1/install.log --single-version-externally-managed install_data
