running egg_info
writing ../../build/task_2/task_2.egg-info/PKG-INFO
writing dependency_links to ../../build/task_2/task_2.egg-info/dependency_links.txt
writing entry points to ../../build/task_2/task_2.egg-info/entry_points.txt
writing requirements to ../../build/task_2/task_2.egg-info/requires.txt
writing top-level names to ../../build/task_2/task_2.egg-info/top_level.txt
reading manifest file '../../build/task_2/task_2.egg-info/SOURCES.txt'
writing manifest file '../../build/task_2/task_2.egg-info/SOURCES.txt'
running build
running build_py
running install
running install_lib
running install_data
running install_egg_info
removing '/ros2_ws/install/task_2/lib/python3.10/site-packages/task_2-0.0.0-py3.10.egg-info' (and everything under it)
Copying ../../build/task_2/task_2.egg-info to /ros2_ws/install/task_2/lib/python3.10/site-packages/task_2-0.0.0-py3.10.egg-info
running install_scripts
Installing client script to /ros2_ws/install/task_2/lib/task_2
Installing listener script to /ros2_ws/install/task_2/lib/task_2
Installing service script to /ros2_ws/install/task_2/lib/task_2
Installing talker script to /ros2_ws/install/task_2/lib/task_2
writing list of installed files to '/ros2_ws/build/task_2/install.log'
