[0.366s] Invoking command in '/ros2_ws/src/task_1': PYTHONPATH=/ros2_ws/build/task_1/prefix_override:/usr/lib/python3/dist-packages/colcon_core/task/python/colcon_distutils_commands:/ros2_ws/install/task_1/lib/python3.10/site-packages:${PYTHONPATH} /usr/bin/python3 -W ignore:setup.py install is deprecated -W ignore:easy_install command is deprecated setup.py egg_info --egg-base ../../build/task_1 build --build-base /ros2_ws/build/task_1/build install --record /ros2_ws/build/task_1/install.log --single-version-externally-managed install_data
[0.491s] running egg_info
[0.491s] writing ../../build/task_1/task_1.egg-info/PKG-INFO
[0.493s] writing dependency_links to ../../build/task_1/task_1.egg-info/dependency_links.txt
[0.493s] writing entry points to ../../build/task_1/task_1.egg-info/entry_points.txt
[0.494s] writing requirements to ../../build/task_1/task_1.egg-info/requires.txt
[0.495s] writing top-level names to ../../build/task_1/task_1.egg-info/top_level.txt
[0.499s] reading manifest file '../../build/task_1/task_1.egg-info/SOURCES.txt'
[0.501s] writing manifest file '../../build/task_1/task_1.egg-info/SOURCES.txt'
[0.502s] running build
[0.503s] running build_py
[0.504s] copying task_1/listener.py -> /ros2_ws/build/task_1/build/lib/task_1
[0.505s] running install
[0.506s] running install_lib
[0.508s] copying /ros2_ws/build/task_1/build/lib/task_1/listener.py -> /ros2_ws/install/task_1/lib/python3.10/site-packages/task_1
[0.511s] byte-compiling /ros2_ws/install/task_1/lib/python3.10/site-packages/task_1/listener.py to listener.cpython-310.pyc
[0.513s] running install_data
[0.513s] running install_egg_info
[0.515s] removing '/ros2_ws/install/task_1/lib/python3.10/site-packages/task_1-0.0.0-py3.10.egg-info' (and everything under it)
[0.516s] Copying ../../build/task_1/task_1.egg-info to /ros2_ws/install/task_1/lib/python3.10/site-packages/task_1-0.0.0-py3.10.egg-info
[0.530s] running install_scripts
[0.548s] Installing listener script to /ros2_ws/install/task_1/lib/task_1
[0.549s] Installing talker script to /ros2_ws/install/task_1/lib/task_1
[0.550s] writing list of installed files to '/ros2_ws/build/task_1/install.log'
[0.566s] Invoked command in '/ros2_ws/src/task_1' returned '0': PYTHONPATH=/ros2_ws/build/task_1/prefix_override:/usr/lib/python3/dist-packages/colcon_core/task/python/colcon_distutils_commands:/ros2_ws/install/task_1/lib/python3.10/site-packages:${PYTHONPATH} /usr/bin/python3 -W ignore:setup.py install is deprecated -W ignore:easy_install command is deprecated setup.py egg_info --egg-base ../../build/task_1 build --build-base /ros2_ws/build/task_1/build install --record /ros2_ws/build/task_1/install.log --single-version-externally-managed install_data
